<?xml version="1.0" encoding="UTF-8"?>
<!-- Generated by org.testng.reporters.JUnitReportReporter -->
<testsuite skipped="0" hostname="juneds-MacBook-Pro.local" name="Tests.ThingsToDoPageTest" tests="14" failures="1" timestamp="11 Oct 2018 19:58:15 GMT" time="436.843" errors="0">
  <testcase name="toursAndActivitiesInLatinAmericaLabelTest" time="34.186" classname="Tests.ThingsToDoPageTest"/>
  <testcase name="usActivitiesLabelVisibilityTest" time="25.555" classname="Tests.ThingsToDoPageTest"/>
  <testcase name="pageUrl" time="23.306" classname="Tests.ThingsToDoPageTest"/>
  <testcase name="thingsToDoInEuropeLabelVisibilityTest" time="27.789" classname="Tests.ThingsToDoPageTest"/>
  <testcase name="latinActivitiesCountTest" time="25.159" classname="Tests.ThingsToDoPageTest"/>
  <testcase name="thingsToDoLlinkIsUnderlinedTest" time="20.291" classname="Tests.ThingsToDoPageTest"/>
  <testcase name="usActivitiesCountTest" time="104.083" classname="Tests.ThingsToDoPageTest"/>
  <testcase name="europeActivitiesCountTest" time="21.189" classname="Tests.ThingsToDoPageTest"/>
  <testcase name="headerLabelTextValidationTest" time="30.905" classname="Tests.ThingsToDoPageTest"/>
  <testcase name="invalidSearchTest" time="29.525" classname="Tests.ThingsToDoPageTest"/>
  <testcase name="whatToDoInTheCaribbeanLabelVisibiityTest" time="24.434" classname="Tests.ThingsToDoPageTest"/>
  <testcase name="caribbeanActivitiesCountTest" time="26.870" classname="Tests.ThingsToDoPageTest"/>
  <testcase name="testThingsToDoForm" time="23.894" classname="Tests.ThingsToDoPageTest">
    <failure type="java.lang.AssertionError" message="expected [true] but found [false]">
      <![CDATA[java.lang.AssertionError: expected [true] but found [false]
at org.testng.Assert.fail(Assert.java:96)
at org.testng.Assert.failNotEquals(Assert.java:776)
at org.testng.Assert.assertTrue(Assert.java:44)
at org.testng.Assert.assertTrue(Assert.java:54)
at Pages.ThingsToDoPage.fillThingsToDoForm(ThingsToDoPage.java:54)
at Tests.ThingsToDoPageTest.testThingsToDoForm(ThingsToDoPageTest.java:24)
at sun.reflect.NativeMethodAccessorImpl.invoke0(Native Method)
at sun.reflect.NativeMethodAccessorImpl.invoke(NativeMethodAccessorImpl.java:62)
at sun.reflect.DelegatingMethodAccessorImpl.invoke(DelegatingMethodAccessorImpl.java:43)
at java.lang.reflect.Method.invoke(Method.java:498)
at org.testng.internal.MethodInvocationHelper.invokeMethod(MethodInvocationHelper.java:124)
at org.testng.internal.Invoker.invokeMethod(Invoker.java:583)
at org.testng.internal.Invoker.invokeTestMethod(Invoker.java:719)
at org.testng.internal.Invoker.invokeTestMethods(Invoker.java:989)
at org.testng.internal.TestMethodWorker.invokeTestMethods(TestMethodWorker.java:125)
at org.testng.internal.TestMethodWorker.run(TestMethodWorker.java:109)
at org.testng.TestRunner.privateRun(TestRunner.java:648)
at org.testng.TestRunner.run(TestRunner.java:505)
at org.testng.SuiteRunner.runTest(SuiteRunner.java:455)
at org.testng.SuiteRunner.runSequentially(SuiteRunner.java:450)
at org.testng.SuiteRunner.privateRun(SuiteRunner.java:415)
at org.testng.SuiteRunner.run(SuiteRunner.java:364)
at org.testng.SuiteRunnerWorker.runSuite(SuiteRunnerWorker.java:52)
at org.testng.SuiteRunnerWorker.run(SuiteRunnerWorker.java:84)
at org.testng.TestNG.runSuitesSequentially(TestNG.java:1208)
at org.testng.TestNG.runSuitesLocally(TestNG.java:1137)
at org.testng.TestNG.runSuites(TestNG.java:1049)
at org.testng.TestNG.run(TestNG.java:1017)
at org.apache.maven.surefire.testng.TestNGExecutor.run(TestNGExecutor.java:135)
at org.apache.maven.surefire.testng.TestNGDirectoryTestSuite.executeMulti(TestNGDirectoryTestSuite.java:193)
at org.apache.maven.surefire.testng.TestNGDirectoryTestSuite.execute(TestNGDirectoryTestSuite.java:94)
at org.apache.maven.surefire.testng.TestNGProvider.invoke(TestNGProvider.java:146)
at org.apache.maven.surefire.booter.ForkedBooter.invokeProviderInSameClassLoader(ForkedBooter.java:373)
at org.apache.maven.surefire.booter.ForkedBooter.runSuitesInProcess(ForkedBooter.java:334)
at org.apache.maven.surefire.booter.ForkedBooter.execute(ForkedBooter.java:119)
at org.apache.maven.surefire.booter.ForkedBooter.main(ForkedBooter.java:407)
]]>
    </failure>
  </testcase> <!-- testThingsToDoForm -->
  <testcase name="pageTitleTest" time="19.657" classname="Tests.ThingsToDoPageTest"/>
</testsuite> <!-- Tests.ThingsToDoPageTest -->
