<?xml version="1.0" encoding="UTF-8"?>
<testsuite xmlns:xsi="http://www.w3.org/2001/XMLSchema-instance" xsi:noNamespaceSchemaLocation="https://maven.apache.org/surefire/maven-surefire-plugin/xsd/surefire-test-report.xsd" name="TestSuite" time="3,258.003" tests="97" errors="0" skipped="0" failures="36">
  <properties>
    <property name="gopherProxySet" value="false"/>
    <property name="awt.toolkit" value="sun.lwawt.macosx.LWCToolkit"/>
    <property name="file.encoding.pkg" value="sun.io"/>
    <property name="java.specification.version" value="1.8"/>
    <property name="sun.cpu.isalist" value=""/>
    <property name="sun.jnu.encoding" value="UTF-8"/>
    <property name="java.class.path" value="/Users/junedalam/Documents/July2018WebAutomation/Expedia/target/test-classes:/Users/junedalam/Documents/July2018WebAutomation/Expedia/target/classes:/Users/junedalam/Documents/July2018WebAutomation/Generic/target/Generic-1.0-SNAPSHOT.jar:/Users/junedalam/.m2/repository/org/testng/testng/6.14.3/testng-6.14.3.jar:/Users/junedalam/.m2/repository/com/beust/jcommander/1.72/jcommander-1.72.jar:/Users/junedalam/.m2/repository/org/apache-extras/beanshell/bsh/2.0b6/bsh-2.0b6.jar:/Users/junedalam/.m2/repository/org/seleniumhq/selenium/selenium-java/3.14.0/selenium-java-3.14.0.jar:/Users/junedalam/.m2/repository/org/seleniumhq/selenium/selenium-api/3.14.0/selenium-api-3.14.0.jar:/Users/junedalam/.m2/repository/org/seleniumhq/selenium/selenium-chrome-driver/3.14.0/selenium-chrome-driver-3.14.0.jar:/Users/junedalam/.m2/repository/org/seleniumhq/selenium/selenium-edge-driver/3.14.0/selenium-edge-driver-3.14.0.jar:/Users/junedalam/.m2/repository/org/seleniumhq/selenium/selenium-firefox-driver/3.14.0/selenium-firefox-driver-3.14.0.jar:/Users/junedalam/.m2/repository/org/seleniumhq/selenium/selenium-ie-driver/3.14.0/selenium-ie-driver-3.14.0.jar:/Users/junedalam/.m2/repository/org/seleniumhq/selenium/selenium-opera-driver/3.14.0/selenium-opera-driver-3.14.0.jar:/Users/junedalam/.m2/repository/org/seleniumhq/selenium/selenium-remote-driver/3.14.0/selenium-remote-driver-3.14.0.jar:/Users/junedalam/.m2/repository/org/seleniumhq/selenium/selenium-safari-driver/3.14.0/selenium-safari-driver-3.14.0.jar:/Users/junedalam/.m2/repository/org/seleniumhq/selenium/selenium-support/3.14.0/selenium-support-3.14.0.jar:/Users/junedalam/.m2/repository/net/bytebuddy/byte-buddy/1.8.15/byte-buddy-1.8.15.jar:/Users/junedalam/.m2/repository/org/apache/commons/commons-exec/1.3/commons-exec-1.3.jar:/Users/junedalam/.m2/repository/commons-codec/commons-codec/1.10/commons-codec-1.10.jar:/Users/junedalam/.m2/repository/commons-logging/commons-logging/1.2/commons-logging-1.2.jar:/Users/junedalam/.m2/repository/com/google/guava/guava/25.0-jre/guava-25.0-jre.jar:/Users/junedalam/.m2/repository/org/checkerframework/checker-compat-qual/2.0.0/checker-compat-qual-2.0.0.jar:/Users/junedalam/.m2/repository/com/google/errorprone/error_prone_annotations/2.1.3/error_prone_annotations-2.1.3.jar:/Users/junedalam/.m2/repository/com/google/j2objc/j2objc-annotations/1.1/j2objc-annotations-1.1.jar:/Users/junedalam/.m2/repository/org/codehaus/mojo/animal-sniffer-annotations/1.14/animal-sniffer-annotations-1.14.jar:/Users/junedalam/.m2/repository/org/apache/httpcomponents/httpclient/4.5.5/httpclient-4.5.5.jar:/Users/junedalam/.m2/repository/org/apache/httpcomponents/httpcore/4.4.9/httpcore-4.4.9.jar:/Users/junedalam/.m2/repository/com/squareup/okhttp3/okhttp/3.10.0/okhttp-3.10.0.jar:/Users/junedalam/.m2/repository/com/squareup/okio/okio/1.14.1/okio-1.14.1.jar:/Users/junedalam/.m2/repository/org/seleniumhq/selenium/selenium-server/3.14.0/selenium-server-3.14.0.jar:/Users/junedalam/.m2/repository/org/apache/commons/commons-lang3/3.7/commons-lang3-3.7.jar:/Users/junedalam/.m2/repository/org/apache/commons/commons-text/1.1/commons-text-1.1.jar:/Users/junedalam/.m2/repository/commons-io/commons-io/2.6/commons-io-2.6.jar:/Users/junedalam/.m2/repository/commons-net/commons-net/3.6/commons-net-3.6.jar:/Users/junedalam/.m2/repository/net/sourceforge/htmlunit/htmlunit/2.30/htmlunit-2.30.jar:/Users/junedalam/.m2/repository/net/sourceforge/htmlunit/htmlunit-core-js/2.28/htmlunit-core-js-2.28.jar:/Users/junedalam/.m2/repository/net/sourceforge/htmlunit/htmlunit-cssparser/1.0.0/htmlunit-cssparser-1.0.0.jar:/Users/junedalam/.m2/repository/net/sourceforge/htmlunit/neko-htmlunit/2.30/neko-htmlunit-2.30.jar:/Users/junedalam/.m2/repository/org/apache/httpcomponents/httpmime/4.5.5/httpmime-4.5.5.jar:/Users/junedalam/.m2/repository/net/jcip/jcip-annotations/1.0/jcip-annotations-1.0.jar:/Users/junedalam/.m2/repository/org/seleniumhq/selenium/jetty-repacked/9.4.8.v20180619/jetty-repacked-9.4.8.v20180619.jar:/Users/junedalam/.m2/repository/org/eclipse/jetty/jetty-client/9.4.8.v20180619/jetty-client-9.4.8.v20180619.jar:/Users/junedalam/.m2/repository/org/eclipse/jetty/jetty-http/9.4.8.v20180619/jetty-http-9.4.8.v20180619.jar:/Users/junedalam/.m2/repository/org/eclipse/jetty/jetty-io/9.4.8.v20180619/jetty-io-9.4.8.v20180619.jar:/Users/junedalam/.m2/repository/org/eclipse/jetty/jetty-util/9.4.8.v20180619/jetty-util-9.4.8.v20180619.jar:/Users/junedalam/.m2/repository/org/eclipse/jetty/jetty-xml/9.4.8.v20180619/jetty-xml-9.4.8.v20180619.jar:/Users/junedalam/.m2/repository/org/seleniumhq/selenium/htmlunit-driver/2.30.0/htmlunit-driver-2.30.0.jar:/Users/junedalam/.m2/repository/javax/servlet/javax.servlet-api/3.1.0/javax.servlet-api-3.1.0.jar:/Users/junedalam/.m2/repository/org/eclipse/jetty/websocket/websocket-api/9.4.8.v20180619/websocket-api-9.4.8.v20180619.jar:/Users/junedalam/.m2/repository/org/eclipse/jetty/websocket/websocket-client/9.4.8.v20180619/websocket-client-9.4.8.v20180619.jar:/Users/junedalam/.m2/repository/org/eclipse/jetty/websocket/websocket-common/9.4.8.v20180619/websocket-common-9.4.8.v20180619.jar:/Users/junedalam/.m2/repository/xalan/serializer/2.7.2/serializer-2.7.2.jar:/Users/junedalam/.m2/repository/xalan/xalan/2.7.2/xalan-2.7.2.jar:/Users/junedalam/.m2/repository/xerces/xercesImpl/2.11.0/xercesImpl-2.11.0.jar:/Users/junedalam/.m2/repository/xml-apis/xml-apis/1.4.01/xml-apis-1.4.01.jar:/Users/junedalam/.m2/repository/org/yaml/snakeyaml/1.19/snakeyaml-1.19.jar:/Users/junedalam/.m2/repository/com/google/api-client/google-api-client/1.23.0/google-api-client-1.23.0.jar:/Users/junedalam/.m2/repository/com/google/http-client/google-http-client-jackson2/1.23.0/google-http-client-jackson2-1.23.0.jar:/Users/junedalam/.m2/repository/com/fasterxml/jackson/core/jackson-core/2.1.3/jackson-core-2.1.3.jar:/Users/junedalam/.m2/repository/com/google/guava/guava-jdk5/17.0/guava-jdk5-17.0.jar:/Users/junedalam/.m2/repository/org/mongodb/mongo-java-driver/3.6.0-beta1/mongo-java-driver-3.6.0-beta1.jar:/Users/junedalam/.m2/repository/mysql/mysql-connector-java/5.1.47/mysql-connector-java-5.1.47.jar:/Users/junedalam/.m2/repository/com/aventstack/extentreports/3.0.7/extentreports-3.0.7.jar:/Users/junedalam/.m2/repository/org/freemarker/freemarker/2.3.23/freemarker-2.3.23.jar:/Users/junedalam/.m2/repository/org/mongodb/mongodb-driver/3.3.0/mongodb-driver-3.3.0.jar:/Users/junedalam/.m2/repository/org/mongodb/bson/3.3.0/bson-3.3.0.jar:/Users/junedalam/.m2/repository/org/mongodb/mongodb-driver-core/3.3.0/mongodb-driver-core-3.3.0.jar:/Users/junedalam/.m2/repository/org/jsoup/jsoup/1.9.2/jsoup-1.9.2.jar:/Users/junedalam/.m2/repository/com/google/code/gson/gson/2.8.0/gson-2.8.0.jar:/Users/junedalam/.m2/repository/com/relevantcodes/extentreports/2.41.1/extentreports-2.41.1.jar:/Users/junedalam/.m2/repository/org/xerial/sqlite-jdbc/3.8.11.1/sqlite-jdbc-3.8.11.1.jar:/Users/junedalam/.m2/repository/io/rest-assured/rest-assured/3.1.0/rest-assured-3.1.0.jar:/Users/junedalam/.m2/repository/org/codehaus/groovy/groovy/2.4.12/groovy-2.4.12.jar:/Users/junedalam/.m2/repository/org/codehaus/groovy/groovy-xml/2.4.12/groovy-xml-2.4.12.jar:/Users/junedalam/.m2/repository/org/hamcrest/hamcrest-core/1.3/hamcrest-core-1.3.jar:/Users/junedalam/.m2/repository/org/hamcrest/hamcrest-library/1.3/hamcrest-library-1.3.jar:/Users/junedalam/.m2/repository/org/ccil/cowan/tagsoup/tagsoup/1.2.1/tagsoup-1.2.1.jar:/Users/junedalam/.m2/repository/io/rest-assured/json-path/3.1.0/json-path-3.1.0.jar:/Users/junedalam/.m2/repository/org/codehaus/groovy/groovy-json/2.4.12/groovy-json-2.4.12.jar:/Users/junedalam/.m2/repository/io/rest-assured/rest-assured-common/3.1.0/rest-assured-common-3.1.0.jar:/Users/junedalam/.m2/repository/io/rest-assured/xml-path/3.1.0/xml-path-3.1.0.jar:/Users/junedalam/.m2/repository/javax/xml/bind/jaxb-api/2.2.12/jaxb-api-2.2.12.jar:/Users/junedalam/.m2/repository/org/apache/poi/poi/3.12/poi-3.12.jar:/Users/junedalam/.m2/repository/org/apache/poi/poi-ooxml/3.12/poi-ooxml-3.12.jar:/Users/junedalam/.m2/repository/org/apache/poi/poi-scratchpad/3.9/poi-scratchpad-3.9.jar:/Users/junedalam/.m2/repository/org/apache/poi/ooxml-schemas/1.1/ooxml-schemas-1.1.jar:/Users/junedalam/.m2/repository/org/apache/xmlbeans/xmlbeans/2.3.0/xmlbeans-2.3.0.jar:/Users/junedalam/.m2/repository/stax/stax-api/1.0.1/stax-api-1.0.1.jar:/Users/junedalam/.m2/repository/org/apache/poi/poi-ooxml-schemas/3.9/poi-ooxml-schemas-3.9.jar:/Users/junedalam/.m2/repository/org/apache/poi/openxml4j/1.0-beta/openxml4j-1.0-beta.jar:/Users/junedalam/.m2/repository/dom4j/dom4j/1.6.1/dom4j-1.6.1.jar:/Users/junedalam/.m2/repository/com/googlecode/json-simple/json-simple/1.1.1/json-simple-1.1.1.jar:/Users/junedalam/.m2/repository/junit/junit/4.10/junit-4.10.jar:/Users/junedalam/.m2/repository/com/google/oauth-client/google-oauth-client/1.23.0/google-oauth-client-1.23.0.jar:/Users/junedalam/.m2/repository/com/google/http-client/google-http-client/1.23.0/google-http-client-1.23.0.jar:/Users/junedalam/.m2/repository/com/google/code/findbugs/jsr305/1.3.9/jsr305-1.3.9.jar:/Users/junedalam/.m2/repository/com/google/oauth-client/google-oauth-client-jetty/1.23.0/google-oauth-client-jetty-1.23.0.jar:/Users/junedalam/.m2/repository/com/google/oauth-client/google-oauth-client-java6/1.23.0/google-oauth-client-java6-1.23.0.jar:/Users/junedalam/.m2/repository/org/mortbay/jetty/jetty/6.1.26/jetty-6.1.26.jar:/Users/junedalam/.m2/repository/org/mortbay/jetty/jetty-util/6.1.26/jetty-util-6.1.26.jar:/Users/junedalam/.m2/repository/org/mortbay/jetty/servlet-api/2.5-20081211/servlet-api-2.5-20081211.jar:/Users/junedalam/.m2/repository/log4j/log4j/1.2.17/log4j-1.2.17.jar:/Users/junedalam/.m2/repository/com/google/apis/google-api-services-sheets/v4-rev498-1.23.0/google-api-services-sheets-v4-rev498-1.23.0.jar:/Users/junedalam/.m2/repository/org/apache/maven/surefire/surefire-testng-utils/2.20.1/surefire-testng-utils-2.20.1.jar:/Users/junedalam/.m2/repository/org/apache/maven/surefire/surefire-grouper/2.20.1/surefire-grouper-2.20.1.jar:"/>
    <property name="java.vm.vendor" value="Oracle Corporation"/>
    <property name="sun.arch.data.model" value="64"/>
    <property name="java.vendor.url" value="http://java.oracle.com/"/>
    <property name="user.timezone" value=""/>
    <property name="java.vm.specification.version" value="1.8"/>
    <property name="os.name" value="Mac OS X"/>
    <property name="user.country" value="US"/>
    <property name="sun.java.launcher" value="SUN_STANDARD"/>
    <property name="sun.boot.library.path" value="/Users/junedalam/.jenkins/tools/hudson.model.JDK/jre/lib"/>
    <property name="sun.java.command" value="/Users/junedalam/Documents/July2018WebAutomation/Expedia/target/surefire/surefirebooter1374315698004512475.jar /Users/junedalam/Documents/July2018WebAutomation/Expedia/target/surefire 2018-10-11T15-03-55_612-jvmRun1 surefire8057734302061959587tmp surefire_03401301808924290991tmp"/>
    <property name="http.nonProxyHosts" value="local|*.local|169.254/16|*.169.254/16"/>
    <property name="surefire.test.class.path" value="/Users/junedalam/Documents/July2018WebAutomation/Expedia/target/test-classes:/Users/junedalam/Documents/July2018WebAutomation/Expedia/target/classes:/Users/junedalam/Documents/July2018WebAutomation/Generic/target/Generic-1.0-SNAPSHOT.jar:/Users/junedalam/.m2/repository/org/testng/testng/6.14.3/testng-6.14.3.jar:/Users/junedalam/.m2/repository/com/beust/jcommander/1.72/jcommander-1.72.jar:/Users/junedalam/.m2/repository/org/apache-extras/beanshell/bsh/2.0b6/bsh-2.0b6.jar:/Users/junedalam/.m2/repository/org/seleniumhq/selenium/selenium-java/3.14.0/selenium-java-3.14.0.jar:/Users/junedalam/.m2/repository/org/seleniumhq/selenium/selenium-api/3.14.0/selenium-api-3.14.0.jar:/Users/junedalam/.m2/repository/org/seleniumhq/selenium/selenium-chrome-driver/3.14.0/selenium-chrome-driver-3.14.0.jar:/Users/junedalam/.m2/repository/org/seleniumhq/selenium/selenium-edge-driver/3.14.0/selenium-edge-driver-3.14.0.jar:/Users/junedalam/.m2/repository/org/seleniumhq/selenium/selenium-firefox-driver/3.14.0/selenium-firefox-driver-3.14.0.jar:/Users/junedalam/.m2/repository/org/seleniumhq/selenium/selenium-ie-driver/3.14.0/selenium-ie-driver-3.14.0.jar:/Users/junedalam/.m2/repository/org/seleniumhq/selenium/selenium-opera-driver/3.14.0/selenium-opera-driver-3.14.0.jar:/Users/junedalam/.m2/repository/org/seleniumhq/selenium/selenium-remote-driver/3.14.0/selenium-remote-driver-3.14.0.jar:/Users/junedalam/.m2/repository/org/seleniumhq/selenium/selenium-safari-driver/3.14.0/selenium-safari-driver-3.14.0.jar:/Users/junedalam/.m2/repository/org/seleniumhq/selenium/selenium-support/3.14.0/selenium-support-3.14.0.jar:/Users/junedalam/.m2/repository/net/bytebuddy/byte-buddy/1.8.15/byte-buddy-1.8.15.jar:/Users/junedalam/.m2/repository/org/apache/commons/commons-exec/1.3/commons-exec-1.3.jar:/Users/junedalam/.m2/repository/commons-codec/commons-codec/1.10/commons-codec-1.10.jar:/Users/junedalam/.m2/repository/commons-logging/commons-logging/1.2/commons-logging-1.2.jar:/Users/junedalam/.m2/repository/com/google/guava/guava/25.0-jre/guava-25.0-jre.jar:/Users/junedalam/.m2/repository/org/checkerframework/checker-compat-qual/2.0.0/checker-compat-qual-2.0.0.jar:/Users/junedalam/.m2/repository/com/google/errorprone/error_prone_annotations/2.1.3/error_prone_annotations-2.1.3.jar:/Users/junedalam/.m2/repository/com/google/j2objc/j2objc-annotations/1.1/j2objc-annotations-1.1.jar:/Users/junedalam/.m2/repository/org/codehaus/mojo/animal-sniffer-annotations/1.14/animal-sniffer-annotations-1.14.jar:/Users/junedalam/.m2/repository/org/apache/httpcomponents/httpclient/4.5.5/httpclient-4.5.5.jar:/Users/junedalam/.m2/repository/org/apache/httpcomponents/httpcore/4.4.9/httpcore-4.4.9.jar:/Users/junedalam/.m2/repository/com/squareup/okhttp3/okhttp/3.10.0/okhttp-3.10.0.jar:/Users/junedalam/.m2/repository/com/squareup/okio/okio/1.14.1/okio-1.14.1.jar:/Users/junedalam/.m2/repository/org/seleniumhq/selenium/selenium-server/3.14.0/selenium-server-3.14.0.jar:/Users/junedalam/.m2/repository/org/apache/commons/commons-lang3/3.7/commons-lang3-3.7.jar:/Users/junedalam/.m2/repository/org/apache/commons/commons-text/1.1/commons-text-1.1.jar:/Users/junedalam/.m2/repository/commons-io/commons-io/2.6/commons-io-2.6.jar:/Users/junedalam/.m2/repository/commons-net/commons-net/3.6/commons-net-3.6.jar:/Users/junedalam/.m2/repository/net/sourceforge/htmlunit/htmlunit/2.30/htmlunit-2.30.jar:/Users/junedalam/.m2/repository/net/sourceforge/htmlunit/htmlunit-core-js/2.28/htmlunit-core-js-2.28.jar:/Users/junedalam/.m2/repository/net/sourceforge/htmlunit/htmlunit-cssparser/1.0.0/htmlunit-cssparser-1.0.0.jar:/Users/junedalam/.m2/repository/net/sourceforge/htmlunit/neko-htmlunit/2.30/neko-htmlunit-2.30.jar:/Users/junedalam/.m2/repository/org/apache/httpcomponents/httpmime/4.5.5/httpmime-4.5.5.jar:/Users/junedalam/.m2/repository/net/jcip/jcip-annotations/1.0/jcip-annotations-1.0.jar:/Users/junedalam/.m2/repository/org/seleniumhq/selenium/jetty-repacked/9.4.8.v20180619/jetty-repacked-9.4.8.v20180619.jar:/Users/junedalam/.m2/repository/org/eclipse/jetty/jetty-client/9.4.8.v20180619/jetty-client-9.4.8.v20180619.jar:/Users/junedalam/.m2/repository/org/eclipse/jetty/jetty-http/9.4.8.v20180619/jetty-http-9.4.8.v20180619.jar:/Users/junedalam/.m2/repository/org/eclipse/jetty/jetty-io/9.4.8.v20180619/jetty-io-9.4.8.v20180619.jar:/Users/junedalam/.m2/repository/org/eclipse/jetty/jetty-util/9.4.8.v20180619/jetty-util-9.4.8.v20180619.jar:/Users/junedalam/.m2/repository/org/eclipse/jetty/jetty-xml/9.4.8.v20180619/jetty-xml-9.4.8.v20180619.jar:/Users/junedalam/.m2/repository/org/seleniumhq/selenium/htmlunit-driver/2.30.0/htmlunit-driver-2.30.0.jar:/Users/junedalam/.m2/repository/javax/servlet/javax.servlet-api/3.1.0/javax.servlet-api-3.1.0.jar:/Users/junedalam/.m2/repository/org/eclipse/jetty/websocket/websocket-api/9.4.8.v20180619/websocket-api-9.4.8.v20180619.jar:/Users/junedalam/.m2/repository/org/eclipse/jetty/websocket/websocket-client/9.4.8.v20180619/websocket-client-9.4.8.v20180619.jar:/Users/junedalam/.m2/repository/org/eclipse/jetty/websocket/websocket-common/9.4.8.v20180619/websocket-common-9.4.8.v20180619.jar:/Users/junedalam/.m2/repository/xalan/serializer/2.7.2/serializer-2.7.2.jar:/Users/junedalam/.m2/repository/xalan/xalan/2.7.2/xalan-2.7.2.jar:/Users/junedalam/.m2/repository/xerces/xercesImpl/2.11.0/xercesImpl-2.11.0.jar:/Users/junedalam/.m2/repository/xml-apis/xml-apis/1.4.01/xml-apis-1.4.01.jar:/Users/junedalam/.m2/repository/org/yaml/snakeyaml/1.19/snakeyaml-1.19.jar:/Users/junedalam/.m2/repository/com/google/api-client/google-api-client/1.23.0/google-api-client-1.23.0.jar:/Users/junedalam/.m2/repository/com/google/http-client/google-http-client-jackson2/1.23.0/google-http-client-jackson2-1.23.0.jar:/Users/junedalam/.m2/repository/com/fasterxml/jackson/core/jackson-core/2.1.3/jackson-core-2.1.3.jar:/Users/junedalam/.m2/repository/com/google/guava/guava-jdk5/17.0/guava-jdk5-17.0.jar:/Users/junedalam/.m2/repository/org/mongodb/mongo-java-driver/3.6.0-beta1/mongo-java-driver-3.6.0-beta1.jar:/Users/junedalam/.m2/repository/mysql/mysql-connector-java/5.1.47/mysql-connector-java-5.1.47.jar:/Users/junedalam/.m2/repository/com/aventstack/extentreports/3.0.7/extentreports-3.0.7.jar:/Users/junedalam/.m2/repository/org/freemarker/freemarker/2.3.23/freemarker-2.3.23.jar:/Users/junedalam/.m2/repository/org/mongodb/mongodb-driver/3.3.0/mongodb-driver-3.3.0.jar:/Users/junedalam/.m2/repository/org/mongodb/bson/3.3.0/bson-3.3.0.jar:/Users/junedalam/.m2/repository/org/mongodb/mongodb-driver-core/3.3.0/mongodb-driver-core-3.3.0.jar:/Users/junedalam/.m2/repository/org/jsoup/jsoup/1.9.2/jsoup-1.9.2.jar:/Users/junedalam/.m2/repository/com/google/code/gson/gson/2.8.0/gson-2.8.0.jar:/Users/junedalam/.m2/repository/com/relevantcodes/extentreports/2.41.1/extentreports-2.41.1.jar:/Users/junedalam/.m2/repository/org/xerial/sqlite-jdbc/3.8.11.1/sqlite-jdbc-3.8.11.1.jar:/Users/junedalam/.m2/repository/io/rest-assured/rest-assured/3.1.0/rest-assured-3.1.0.jar:/Users/junedalam/.m2/repository/org/codehaus/groovy/groovy/2.4.12/groovy-2.4.12.jar:/Users/junedalam/.m2/repository/org/codehaus/groovy/groovy-xml/2.4.12/groovy-xml-2.4.12.jar:/Users/junedalam/.m2/repository/org/hamcrest/hamcrest-core/1.3/hamcrest-core-1.3.jar:/Users/junedalam/.m2/repository/org/hamcrest/hamcrest-library/1.3/hamcrest-library-1.3.jar:/Users/junedalam/.m2/repository/org/ccil/cowan/tagsoup/tagsoup/1.2.1/tagsoup-1.2.1.jar:/Users/junedalam/.m2/repository/io/rest-assured/json-path/3.1.0/json-path-3.1.0.jar:/Users/junedalam/.m2/repository/org/codehaus/groovy/groovy-json/2.4.12/groovy-json-2.4.12.jar:/Users/junedalam/.m2/repository/io/rest-assured/rest-assured-common/3.1.0/rest-assured-common-3.1.0.jar:/Users/junedalam/.m2/repository/io/rest-assured/xml-path/3.1.0/xml-path-3.1.0.jar:/Users/junedalam/.m2/repository/javax/xml/bind/jaxb-api/2.2.12/jaxb-api-2.2.12.jar:/Users/junedalam/.m2/repository/org/apache/poi/poi/3.12/poi-3.12.jar:/Users/junedalam/.m2/repository/org/apache/poi/poi-ooxml/3.12/poi-ooxml-3.12.jar:/Users/junedalam/.m2/repository/org/apache/poi/poi-scratchpad/3.9/poi-scratchpad-3.9.jar:/Users/junedalam/.m2/repository/org/apache/poi/ooxml-schemas/1.1/ooxml-schemas-1.1.jar:/Users/junedalam/.m2/repository/org/apache/xmlbeans/xmlbeans/2.3.0/xmlbeans-2.3.0.jar:/Users/junedalam/.m2/repository/stax/stax-api/1.0.1/stax-api-1.0.1.jar:/Users/junedalam/.m2/repository/org/apache/poi/poi-ooxml-schemas/3.9/poi-ooxml-schemas-3.9.jar:/Users/junedalam/.m2/repository/org/apache/poi/openxml4j/1.0-beta/openxml4j-1.0-beta.jar:/Users/junedalam/.m2/repository/dom4j/dom4j/1.6.1/dom4j-1.6.1.jar:/Users/junedalam/.m2/repository/com/googlecode/json-simple/json-simple/1.1.1/json-simple-1.1.1.jar:/Users/junedalam/.m2/repository/junit/junit/4.10/junit-4.10.jar:/Users/junedalam/.m2/repository/com/google/oauth-client/google-oauth-client/1.23.0/google-oauth-client-1.23.0.jar:/Users/junedalam/.m2/repository/com/google/http-client/google-http-client/1.23.0/google-http-client-1.23.0.jar:/Users/junedalam/.m2/repository/com/google/code/findbugs/jsr305/1.3.9/jsr305-1.3.9.jar:/Users/junedalam/.m2/repository/com/google/oauth-client/google-oauth-client-jetty/1.23.0/google-oauth-client-jetty-1.23.0.jar:/Users/junedalam/.m2/repository/com/google/oauth-client/google-oauth-client-java6/1.23.0/google-oauth-client-java6-1.23.0.jar:/Users/junedalam/.m2/repository/org/mortbay/jetty/jetty/6.1.26/jetty-6.1.26.jar:/Users/junedalam/.m2/repository/org/mortbay/jetty/jetty-util/6.1.26/jetty-util-6.1.26.jar:/Users/junedalam/.m2/repository/org/mortbay/jetty/servlet-api/2.5-20081211/servlet-api-2.5-20081211.jar:/Users/junedalam/.m2/repository/log4j/log4j/1.2.17/log4j-1.2.17.jar:/Users/junedalam/.m2/repository/com/google/apis/google-api-services-sheets/v4-rev498-1.23.0/google-api-services-sheets-v4-rev498-1.23.0.jar:/Users/junedalam/.m2/repository/org/apache/maven/surefire/surefire-testng-utils/2.20.1/surefire-testng-utils-2.20.1.jar:/Users/junedalam/.m2/repository/org/apache/maven/surefire/surefire-grouper/2.20.1/surefire-grouper-2.20.1.jar:"/>
    <property name="sun.cpu.endian" value="little"/>
    <property name="user.home" value="/Users/junedalam"/>
    <property name="user.language" value="en"/>
    <property name="java.specification.vendor" value="Oracle Corporation"/>
    <property name="java.home" value="/Users/junedalam/.jenkins/tools/hudson.model.JDK/jre"/>
    <property name="basedir" value="/Users/junedalam/Documents/July2018WebAutomation/Expedia"/>
    <property name="file.separator" value="/"/>
    <property name="line.separator" value="&#10;"/>
    <property name="java.vm.specification.vendor" value="Oracle Corporation"/>
    <property name="java.specification.name" value="Java Platform API Specification"/>
    <property name="java.awt.graphicsenv" value="sun.awt.CGraphicsEnvironment"/>
    <property name="surefire.real.class.path" value="/Users/junedalam/Documents/July2018WebAutomation/Expedia/target/surefire/surefirebooter1374315698004512475.jar"/>
    <property name="sun.boot.class.path" value="/Users/junedalam/.jenkins/tools/hudson.model.JDK/jre/lib/resources.jar:/Users/junedalam/.jenkins/tools/hudson.model.JDK/jre/lib/rt.jar:/Users/junedalam/.jenkins/tools/hudson.model.JDK/jre/lib/sunrsasign.jar:/Users/junedalam/.jenkins/tools/hudson.model.JDK/jre/lib/jsse.jar:/Users/junedalam/.jenkins/tools/hudson.model.JDK/jre/lib/jce.jar:/Users/junedalam/.jenkins/tools/hudson.model.JDK/jre/lib/charsets.jar:/Users/junedalam/.jenkins/tools/hudson.model.JDK/jre/lib/jfr.jar:/Users/junedalam/.jenkins/tools/hudson.model.JDK/jre/classes"/>
    <property name="sun.management.compiler" value="HotSpot 64-Bit Tiered Compilers"/>
    <property name="ftp.nonProxyHosts" value="local|*.local|169.254/16|*.169.254/16"/>
    <property name="java.runtime.version" value="1.8.0_181-b13"/>
    <property name="user.name" value="junedalam"/>
    <property name="path.separator" value=":"/>
    <property name="os.version" value="10.14"/>
    <property name="java.endorsed.dirs" value="/Users/junedalam/.jenkins/tools/hudson.model.JDK/jre/lib/endorsed"/>
    <property name="java.runtime.name" value="Java(TM) SE Runtime Environment"/>
    <property name="file.encoding" value="UTF-8"/>
    <property name="java.vm.name" value="Java HotSpot(TM) 64-Bit Server VM"/>
    <property name="localRepository" value="/Users/junedalam/.m2/repository"/>
    <property name="java.vendor.url.bug" value="http://bugreport.sun.com/bugreport/"/>
    <property name="java.io.tmpdir" value="/var/folders/hn/f7wb9_d13yz0m_34h8b1r1w80000gn/T/"/>
    <property name="java.version" value="1.8.0_181"/>
    <property name="user.dir" value="/Users/junedalam/Documents/July2018WebAutomation/Expedia"/>
    <property name="os.arch" value="x86_64"/>
    <property name="java.vm.specification.name" value="Java Virtual Machine Specification"/>
    <property name="java.awt.printerjob" value="sun.lwawt.macosx.CPrinterJob"/>
    <property name="sun.os.patch.level" value="unknown"/>
    <property name="java.library.path" value="/Users/junedalam/Library/Java/Extensions:/Library/Java/Extensions:/Network/Library/Java/Extensions:/System/Library/Java/Extensions:/usr/lib/java:."/>
    <property name="java.vm.info" value="mixed mode"/>
    <property name="java.vendor" value="Oracle Corporation"/>
    <property name="java.vm.version" value="25.181-b13"/>
    <property name="java.ext.dirs" value="/Users/junedalam/Library/Java/Extensions:/Users/junedalam/.jenkins/tools/hudson.model.JDK/jre/lib/ext:/Library/Java/Extensions:/Network/Library/Java/Extensions:/System/Library/Java/Extensions:/usr/lib/java"/>
    <property name="sun.io.unicode.encoding" value="UnicodeBig"/>
    <property name="java.class.version" value="52.0"/>
    <property name="socksNonProxyHosts" value="local|*.local|169.254/16|*.169.254/16"/>
  </properties>
  <testcase name="verifyHumanOrRobotPageTitle" classname="Tests.SignUpPageTest" time="0.026">
    <failure message="expected [Bot or Not?] but found [Expedia Travel: Search Hotels, Cheap Flights, Car Rentals &amp; Vacations]" type="java.lang.AssertionError"><![CDATA[java.lang.AssertionError: expected [Bot or Not?] but found [Expedia Travel: Search Hotels, Cheap Flights, Car Rentals & Vacations]
	at Tests.SignUpPageTest.verifyHumanOrRobotPageTitle(SignUpPageTest.java:22)
]]></failure>
    <system-out><![CDATA[Before navigating to: 'https://www.expedia.com/'
Navigated to:'https://www.expedia.com/'
]]></system-out>
    <system-err><![CDATA[Starting ChromeDriver 2.42.591059 (a3d9684d10d61aa0c45f6723b327283be1ebaad8) on port 25602
Only local connections are allowed.
Oct 11, 2018 3:03:59 PM org.openqa.selenium.remote.ProtocolHandshake createSession
INFO: Detected dialect: OSS
]]></system-err>
  </testcase>
  <testcase name="caribbeanActivitiesCountTest" classname="Tests.ThingsToDoPageTest" time="0.038"/>
  <testcase name="europeActivitiesCountTest" classname="Tests.ThingsToDoPageTest" time="0.027"/>
  <testcase name="headerLabelTextValidationTest" classname="Tests.ThingsToDoPageTest" time="1.34"/>
  <testcase name="invalidSearchTest" classname="Tests.ThingsToDoPageTest" time="7.822"/>
  <testcase name="latinActivitiesCountTest" classname="Tests.ThingsToDoPageTest" time="1.64"/>
  <testcase name="pageTitleTest" classname="Tests.ThingsToDoPageTest" time="0.005"/>
  <testcase name="pageUrl" classname="Tests.ThingsToDoPageTest" time="1.031"/>
  <testcase name="testThingsToDoForm" classname="Tests.ThingsToDoPageTest" time="4.682">
    <failure message="expected [true] but found [false]" type="java.lang.AssertionError">java.lang.AssertionError: expected [true] but found [false]
	at Tests.ThingsToDoPageTest.testThingsToDoForm(ThingsToDoPageTest.java:24)
</failure>
    <system-out><![CDATA[Before navigating to: 'https://www.expedia.com/'
Navigated to:'https://www.expedia.com/'
Trying to find Element By : By.xpath: //a[@id='primary-header-activity']
Found Element By : By.xpath: //a[@id='primary-header-activity']
Trying to click on: [[ChromeDriver: chrome on MAC (f9b04b0c084a9fc4a96d2ca70c38c08b)] -> xpath: //a[@id='primary-header-activity']]
Clicked on: [[ChromeDriver: chrome on MAC (f9b04b0c084a9fc4a96d2ca70c38c08b)] -> xpath: //a[@id='primary-header-activity']]
Trying to find Element By : By.xpath: //input[@id='activity-destination-alp']
Found Element By : By.xpath: //input[@id='activity-destination-alp']
Trying to find Element By : By.xpath: //input[@id='activity-start-alp']
Found Element By : By.xpath: //input[@id='activity-start-alp']
Trying to find Element By : By.xpath: //input[@id='activity-end-alp']
Found Element By : By.xpath: //input[@id='activity-end-alp']
Trying to find Element By : By.xpath: //label[@class='col search-btn-col']//button[@type='submit']
Found Element By : By.xpath: //label[@class='col search-btn-col']//button[@type='submit']
Trying to click on: [[ChromeDriver: chrome on MAC (f9b04b0c084a9fc4a96d2ca70c38c08b)] -> xpath: //label[@class='col search-btn-col']//button[@type='submit']]
Clicked on: [[ChromeDriver: chrome on MAC (f9b04b0c084a9fc4a96d2ca70c38c08b)] -> xpath: //label[@class='col search-btn-col']//button[@type='submit']]
]]></system-out>
    <system-err><![CDATA[Starting ChromeDriver 2.42.591059 (a3d9684d10d61aa0c45f6723b327283be1ebaad8) on port 6335
Only local connections are allowed.
Oct 11, 2018 3:09:05 PM org.openqa.selenium.remote.ProtocolHandshake createSession
INFO: Detected dialect: OSS
]]></system-err>
  </testcase>
  <testcase name="thingsToDoInEuropeLabelVisibilityTest" classname="Tests.ThingsToDoPageTest" time="0.115"/>
  <testcase name="thingsToDoLlinkIsUnderlinedTest" classname="Tests.ThingsToDoPageTest" time="0.116"/>
  <testcase name="toursAndActivitiesInLatinAmericaLabelTest" classname="Tests.ThingsToDoPageTest" time="0.051"/>
  <testcase name="usActivitiesCountTest" classname="Tests.ThingsToDoPageTest" time="0.018"/>
  <testcase name="usActivitiesLabelVisibilityTest" classname="Tests.ThingsToDoPageTest" time="0.09"/>
  <testcase name="whatToDoInTheCaribbeanLabelVisibiityTest" classname="Tests.ThingsToDoPageTest" time="0.833"/>
  <testcase name="testCarFlightTabIsSelected" classname="Tests.CarsPageTest" time="0.895">
    <failure message="expected [true] but found [false]" type="java.lang.AssertionError">java.lang.AssertionError: expected [true] but found [false]
	at Tests.CarsPageTest.testCarFlightTabIsSelected(CarsPageTest.java:44)
</failure>
    <system-out><![CDATA[Before navigating to: 'https://www.expedia.com/'
Navigated to:'https://www.expedia.com/'
Trying to find Element By : By.cssSelector: #primary-header-car
Found Element By : By.cssSelector: #primary-header-car
Trying to click on: [[ChromeDriver: chrome on MAC (04069c921f24134ec8ed3bed86bc09b2)] -> css selector: #primary-header-car]
Clicked on: [[ChromeDriver: chrome on MAC (04069c921f24134ec8ed3bed86bc09b2)] -> css selector: #primary-header-car]
Trying to find Element By : By.cssSelector: #tab-carFlight-tab-clp-fc
Found Element By : By.cssSelector: #tab-carFlight-tab-clp-fc
Trying to click on: [[ChromeDriver: chrome on MAC (04069c921f24134ec8ed3bed86bc09b2)] -> css selector: #tab-carFlight-tab-clp-fc]
Clicked on: [[ChromeDriver: chrome on MAC (04069c921f24134ec8ed3bed86bc09b2)] -> css selector: #tab-carFlight-tab-clp-fc]
Trying to find Element By : By.cssSelector: #tab-carFlight-tab-clp-fc
Found Element By : By.cssSelector: #tab-carFlight-tab-clp-fc
]]></system-out>
    <system-err><![CDATA[Starting ChromeDriver 2.42.591059 (a3d9684d10d61aa0c45f6723b327283be1ebaad8) on port 3577
Only local connections are allowed.
Oct 11, 2018 3:11:34 PM org.openqa.selenium.remote.ProtocolHandshake createSession
INFO: Detected dialect: OSS
]]></system-err>
  </testcase>
  <testcase name="testCarHotelFlightTabIsSelected" classname="Tests.CarsPageTest" time="0.225">
    <failure message="expected [true] but found [false]" type="java.lang.AssertionError">java.lang.AssertionError: expected [true] but found [false]
	at Tests.CarsPageTest.testCarHotelFlightTabIsSelected(CarsPageTest.java:40)
</failure>
    <system-out><![CDATA[Before navigating to: 'https://www.expedia.com/'
Navigated to:'https://www.expedia.com/'
Trying to find Element By : By.cssSelector: #primary-header-car
Found Element By : By.cssSelector: #primary-header-car
Trying to click on: [[ChromeDriver: chrome on MAC (7930062c1e78652b6bf71b14b74c8a90)] -> css selector: #primary-header-car]
Clicked on: [[ChromeDriver: chrome on MAC (7930062c1e78652b6bf71b14b74c8a90)] -> css selector: #primary-header-car]
Trying to find Element By : By.cssSelector: #tab-carHotelFlight-tab-clp-fhc
Found Element By : By.cssSelector: #tab-carHotelFlight-tab-clp-fhc
Trying to click on: [[ChromeDriver: chrome on MAC (7930062c1e78652b6bf71b14b74c8a90)] -> css selector: #tab-carHotelFlight-tab-clp-fhc]
Clicked on: [[ChromeDriver: chrome on MAC (7930062c1e78652b6bf71b14b74c8a90)] -> css selector: #tab-carHotelFlight-tab-clp-fhc]
Trying to find Element By : By.cssSelector: #tab-carHotelFlight-tab-clp-fhc
Found Element By : By.cssSelector: #tab-carHotelFlight-tab-clp-fhc
]]></system-out>
    <system-err><![CDATA[Starting ChromeDriver 2.42.591059 (a3d9684d10d61aa0c45f6723b327283be1ebaad8) on port 24715
Only local connections are allowed.
Oct 11, 2018 3:11:54 PM org.openqa.selenium.remote.ProtocolHandshake createSession
INFO: Detected dialect: OSS
]]></system-err>
  </testcase>
  <testcase name="testCarHotelTabIsSelected" classname="Tests.CarsPageTest" time="0.247">
    <failure message="expected [true] but found [false]" type="java.lang.AssertionError">java.lang.AssertionError: expected [true] but found [false]
	at Tests.CarsPageTest.testCarHotelTabIsSelected(CarsPageTest.java:36)
</failure>
    <system-out><![CDATA[Before navigating to: 'https://www.expedia.com/'
Navigated to:'https://www.expedia.com/'
Trying to find Element By : By.cssSelector: #primary-header-car
Found Element By : By.cssSelector: #primary-header-car
Trying to click on: [[ChromeDriver: chrome on MAC (fc2357a845eddccdb65a1cec7e9f663a)] -> css selector: #primary-header-car]
Clicked on: [[ChromeDriver: chrome on MAC (fc2357a845eddccdb65a1cec7e9f663a)] -> css selector: #primary-header-car]
Trying to find Element By : By.cssSelector: #tab-carHotel-tab-clp-hc
Found Element By : By.cssSelector: #tab-carHotel-tab-clp-hc
Trying to click on: [[ChromeDriver: chrome on MAC (fc2357a845eddccdb65a1cec7e9f663a)] -> css selector: #tab-carHotel-tab-clp-hc]
Clicked on: [[ChromeDriver: chrome on MAC (fc2357a845eddccdb65a1cec7e9f663a)] -> css selector: #tab-carHotel-tab-clp-hc]
Trying to find Element By : By.cssSelector: #tab-carHotel-tab-clp-hc
Found Element By : By.cssSelector: #tab-carHotel-tab-clp-hc
]]></system-out>
    <system-err><![CDATA[Starting ChromeDriver 2.42.591059 (a3d9684d10d61aa0c45f6723b327283be1ebaad8) on port 13739
Only local connections are allowed.
Oct 11, 2018 3:12:15 PM org.openqa.selenium.remote.ProtocolHandshake createSession
INFO: Detected dialect: OSS
]]></system-err>
  </testcase>
  <testcase name="testCarPageBannerIsDisplayed" classname="Tests.CarsPageTest" time="0.042"/>
  <testcase name="testCarPageBannerValidText" classname="Tests.CarsPageTest" time="0.891"/>
  <testcase name="testCarTabIsUnderLined" classname="Tests.CarsPageTest" time="0.061"/>
  <testcase name="testCheckboxSelection" classname="Tests.CarsPageTest" time="2.483">
    <failure message="element not interactable&#10;  (Session info: chrome=69.0.3497.100)&#10;  (Driver info: chromedriver=2.42.591059 (a3d9684d10d61aa0c45f6723b327283be1ebaad8),platform=Mac OS X 10.14.0 x86_64) (WARNING: The server did not provide any stacktrace information)&#10;Command duration or timeout: 0 milliseconds&#10;Build info: version: &apos;3.14.0&apos;, revision: &apos;aacccce0&apos;, time: &apos;2018-08-02T20:19:58.91Z&apos;&#10;System info: host: &apos;juneds-MacBook-Pro.local&apos;, ip: &apos;fe80:0:0:0:7b:f7ab:7ac7:59e0%en0&apos;, os.name: &apos;Mac OS X&apos;, os.arch: &apos;x86_64&apos;, os.version: &apos;10.14&apos;, java.version: &apos;1.8.0_181&apos;&#10;Driver info: org.openqa.selenium.chrome.ChromeDriver&#10;Capabilities {acceptInsecureCerts: false, acceptSslCerts: false, applicationCacheEnabled: false, browserConnectionEnabled: false, browserName: chrome, chrome: {chromedriverVersion: 2.42.591059 (a3d9684d10d61a..., userDataDir: /var/folders/hn/f7wb9_d13yz...}, cssSelectorsEnabled: true, databaseEnabled: false, goog:chromeOptions: {debuggerAddress: localhost:63263}, handlesAlerts: true, hasTouchScreen: false, javascriptEnabled: true, locationContextEnabled: true, mobileEmulationEnabled: false, nativeEvents: true, networkConnectionEnabled: false, pageLoadStrategy: normal, platform: MAC, platformName: MAC, rotatable: false, setWindowRect: true, takesHeapSnapshot: true, takesScreenshot: true, unexpectedAlertBehaviour: , unhandledPromptBehavior: , version: 69.0.3497.100, webStorageEnabled: true}&#10;Session ID: fb2a52d290896dda353461be95d358d5" type="org.openqa.selenium.ElementNotVisibleException">org.openqa.selenium.ElementNotVisibleException: 
element not interactable
  (Session info: chrome=69.0.3497.100)
  (Driver info: chromedriver=2.42.591059 (a3d9684d10d61aa0c45f6723b327283be1ebaad8),platform=Mac OS X 10.14.0 x86_64) (WARNING: The server did not provide any stacktrace information)
Command duration or timeout: 0 milliseconds
Build info: version: '3.14.0', revision: 'aacccce0', time: '2018-08-02T20:19:58.91Z'
System info: host: 'juneds-MacBook-Pro.local', ip: 'fe80:0:0:0:7b:f7ab:7ac7:59e0%en0', os.name: 'Mac OS X', os.arch: 'x86_64', os.version: '10.14', java.version: '1.8.0_181'
Driver info: org.openqa.selenium.chrome.ChromeDriver
Capabilities {acceptInsecureCerts: false, acceptSslCerts: false, applicationCacheEnabled: false, browserConnectionEnabled: false, browserName: chrome, chrome: {chromedriverVersion: 2.42.591059 (a3d9684d10d61a..., userDataDir: /var/folders/hn/f7wb9_d13yz...}, cssSelectorsEnabled: true, databaseEnabled: false, goog:chromeOptions: {debuggerAddress: localhost:63263}, handlesAlerts: true, hasTouchScreen: false, javascriptEnabled: true, locationContextEnabled: true, mobileEmulationEnabled: false, nativeEvents: true, networkConnectionEnabled: false, pageLoadStrategy: normal, platform: MAC, platformName: MAC, rotatable: false, setWindowRect: true, takesHeapSnapshot: true, takesScreenshot: true, unexpectedAlertBehaviour: , unhandledPromptBehavior: , version: 69.0.3497.100, webStorageEnabled: true}
Session ID: fb2a52d290896dda353461be95d358d5
	at Tests.CarsPageTest.testCheckboxSelection(CarsPageTest.java:52)
</failure>
    <system-out><![CDATA[Before navigating to: 'https://www.expedia.com/'
Navigated to:'https://www.expedia.com/'
Trying to find Element By : By.cssSelector: #primary-header-car
Found Element By : By.cssSelector: #primary-header-car
Trying to click on: [[ChromeDriver: chrome on MAC (fb2a52d290896dda353461be95d358d5)] -> css selector: #primary-header-car]
Clicked on: [[ChromeDriver: chrome on MAC (fb2a52d290896dda353461be95d358d5)] -> css selector: #primary-header-car]
Trying to find Element By : By.cssSelector: #aarp-car-rates-check-clp
Found Element By : By.cssSelector: #aarp-car-rates-check-clp
Trying to click on: [[ChromeDriver: chrome on MAC (fb2a52d290896dda353461be95d358d5)] -> css selector: #aarp-car-rates-check-clp]
Exception occured: org.openqa.selenium.ElementNotVisibleException: element not interactable
  (Session info: chrome=69.0.3497.100)
  (Driver info: chromedriver=2.42.591059 (a3d9684d10d61aa0c45f6723b327283be1ebaad8),platform=Mac OS X 10.14.0 x86_64) (WARNING: The server did not provide any stacktrace information)
Command duration or timeout: 0 milliseconds
Build info: version: '3.14.0', revision: 'aacccce0', time: '2018-08-02T20:19:58.91Z'
System info: host: 'juneds-MacBook-Pro.local', ip: 'fe80:0:0:0:7b:f7ab:7ac7:59e0%en0', os.name: 'Mac OS X', os.arch: 'x86_64', os.version: '10.14', java.version: '1.8.0_181'
Driver info: org.openqa.selenium.chrome.ChromeDriver
Capabilities {acceptInsecureCerts: false, acceptSslCerts: false, applicationCacheEnabled: false, browserConnectionEnabled: false, browserName: chrome, chrome: {chromedriverVersion: 2.42.591059 (a3d9684d10d61a..., userDataDir: /var/folders/hn/f7wb9_d13yz...}, cssSelectorsEnabled: true, databaseEnabled: false, goog:chromeOptions: {debuggerAddress: localhost:63263}, handlesAlerts: true, hasTouchScreen: false, javascriptEnabled: true, locationContextEnabled: true, mobileEmulationEnabled: false, nativeEvents: true, networkConnectionEnabled: false, pageLoadStrategy: normal, platform: MAC, platformName: MAC, rotatable: false, setWindowRect: true, takesHeapSnapshot: true, takesScreenshot: true, unexpectedAlertBehaviour: , unhandledPromptBehavior: , version: 69.0.3497.100, webStorageEnabled: true}
Session ID: fb2a52d290896dda353461be95d358d5
]]></system-out>
    <system-err><![CDATA[Starting ChromeDriver 2.42.591059 (a3d9684d10d61aa0c45f6723b327283be1ebaad8) on port 20025
Only local connections are allowed.
Oct 11, 2018 3:13:33 PM org.openqa.selenium.remote.ProtocolHandshake createSession
INFO: Detected dialect: OSS
]]></system-err>
  </testcase>
  <testcase name="testDomesticRentalsLabelFont" classname="Tests.CarsPageTest" time="0.06"/>
  <testcase name="testDomesticRentalsListCount" classname="Tests.CarsPageTest" time="0.094"/>
  <testcase name="testInternationalRentalCarsHeight" classname="Tests.CarsPageTest" time="2.185">
    <failure message="expected [1.75] but found [26.25px]" type="java.lang.AssertionError">java.lang.AssertionError: expected [1.75] but found [26.25px]
	at Tests.CarsPageTest.testInternationalRentalCarsHeight(CarsPageTest.java:60)
</failure>
    <system-out><![CDATA[Before navigating to: 'https://www.expedia.com/'
Navigated to:'https://www.expedia.com/'
Trying to find Element By : By.cssSelector: #primary-header-car
Found Element By : By.cssSelector: #primary-header-car
Trying to click on: [[ChromeDriver: chrome on MAC (943d09eaef007c6788f66a0b4a5c9ac4)] -> css selector: #primary-header-car]
Clicked on: [[ChromeDriver: chrome on MAC (943d09eaef007c6788f66a0b4a5c9ac4)] -> css selector: #primary-header-car]
Trying to find Element By : By.xpath: //h3[contains(text(),'International Rental Car Deals')]
Found Element By : By.xpath: //h3[contains(text(),'International Rental Car Deals')]
]]></system-out>
    <system-err><![CDATA[Starting ChromeDriver 2.42.591059 (a3d9684d10d61aa0c45f6723b327283be1ebaad8) on port 26115
Only local connections are allowed.
Oct 11, 2018 3:14:34 PM org.openqa.selenium.remote.ProtocolHandshake createSession
INFO: Detected dialect: OSS
]]></system-err>
  </testcase>
  <testcase name="testInternationalRentalsListCount" classname="Tests.CarsPageTest" time="0.798"/>
  <testcase name="testPageUrl" classname="Tests.CarsPageTest" time="0.018"/>
  <testcase name="testTitleValidation" classname="Tests.CarsPageTest" time="0.006"/>
  <testcase name="testcarTabIsSelected" classname="Tests.CarsPageTest" time="5.663">
    <failure message="expected [true] but found [false]" type="java.lang.AssertionError">java.lang.AssertionError: expected [true] but found [false]
	at Tests.CarsPageTest.testcarTabIsSelected(CarsPageTest.java:32)
</failure>
    <system-out><![CDATA[Before navigating to: 'https://www.expedia.com/'
Navigated to:'https://www.expedia.com/'
Trying to find Element By : By.cssSelector: #primary-header-car
Found Element By : By.cssSelector: #primary-header-car
Trying to click on: [[ChromeDriver: chrome on MAC (fb7643f38386a8f4a2d88a74ce29396b)] -> css selector: #primary-header-car]
Clicked on: [[ChromeDriver: chrome on MAC (fb7643f38386a8f4a2d88a74ce29396b)] -> css selector: #primary-header-car]
Trying to find Element By : By.cssSelector: #primary-header-car
Found Element By : By.cssSelector: #primary-header-car
Trying to click on: [[ChromeDriver: chrome on MAC (fb7643f38386a8f4a2d88a74ce29396b)] -> css selector: #primary-header-car]
Clicked on: [[ChromeDriver: chrome on MAC (fb7643f38386a8f4a2d88a74ce29396b)] -> css selector: #primary-header-car]
Trying to find Element By : By.cssSelector: #tab-car-tab-clp
Found Element By : By.cssSelector: #tab-car-tab-clp
]]></system-out>
    <system-err><![CDATA[Starting ChromeDriver 2.42.591059 (a3d9684d10d61aa0c45f6723b327283be1ebaad8) on port 21365
Only local connections are allowed.
Oct 11, 2018 3:15:59 PM org.openqa.selenium.remote.ProtocolHandshake createSession
INFO: Detected dialect: OSS
]]></system-err>
  </testcase>
  <testcase name="TestIsQRCodeDisplayed" classname="Tests.HotelsPageTest" time="0.033"/>
  <testcase name="TestLegalDivText" classname="Tests.HotelsPageTest" time="0.036"/>
  <testcase name="hotelsLinkIsUnderlinedTest" classname="Tests.HotelsPageTest" time="0.043"/>
  <testcase name="pageUrlTest" classname="Tests.HotelsPageTest" time="0.005"/>
  <testcase name="testAddPropertyButtonColor" classname="Tests.HotelsPageTest" time="0.038">
    <failure message="expected [#0065b8] but found [rgba(0, 101, 184, 1)]" type="java.lang.AssertionError">java.lang.AssertionError: expected [#0065b8] but found [rgba(0, 101, 184, 1)]
	at Tests.HotelsPageTest.testAddPropertyButtonColor(HotelsPageTest.java:54)
</failure>
    <system-out><![CDATA[Before navigating to: 'https://www.expedia.com/'
Navigated to:'https://www.expedia.com/'
Trying to find Element By : By.cssSelector: #primary-header-hotel
Found Element By : By.cssSelector: #primary-header-hotel
Trying to click on: [[ChromeDriver: chrome on MAC (626ba25133dd48c0c133837d1bda64ce)] -> css selector: #primary-header-hotel]
Clicked on: [[ChromeDriver: chrome on MAC (626ba25133dd48c0c133837d1bda64ce)] -> css selector: #primary-header-hotel]
Trying to find Element By : By.xpath: //a[contains(text(),'Add your property to Expedia')]
Found Element By : By.xpath: //a[contains(text(),'Add your property to Expedia')]
]]></system-out>
    <system-err><![CDATA[Starting ChromeDriver 2.42.591059 (a3d9684d10d61aa0c45f6723b327283be1ebaad8) on port 48730
Only local connections are allowed.
Oct 11, 2018 3:19:12 PM org.openqa.selenium.remote.ProtocolHandshake createSession
INFO: Detected dialect: OSS
]]></system-err>
  </testcase>
  <testcase name="testExploreMoreAttribute" classname="Tests.HotelsPageTest" time="0.056">
    <failure message="expected [#exploreMore] but found [https://www.expedia.com/Hotels#exploreMore]" type="java.lang.AssertionError">java.lang.AssertionError: expected [#exploreMore] but found [https://www.expedia.com/Hotels#exploreMore]
	at Tests.HotelsPageTest.testExploreMoreAttribute(HotelsPageTest.java:74)
</failure>
    <system-out><![CDATA[Before navigating to: 'https://www.expedia.com/'
Navigated to:'https://www.expedia.com/'
Trying to find Element By : By.cssSelector: #primary-header-hotel
Found Element By : By.cssSelector: #primary-header-hotel
Trying to click on: [[ChromeDriver: chrome on MAC (67e6c05b784e0796d639553430b30110)] -> css selector: #primary-header-hotel]
Clicked on: [[ChromeDriver: chrome on MAC (67e6c05b784e0796d639553430b30110)] -> css selector: #primary-header-hotel]
Trying to find Element By : By.xpath: //a[@href = "#exploreMore"]
Found Element By : By.xpath: //a[@href = "#exploreMore"]
]]></system-out>
    <system-err><![CDATA[Starting ChromeDriver 2.42.591059 (a3d9684d10d61aa0c45f6723b327283be1ebaad8) on port 4844
Only local connections are allowed.
Oct 11, 2018 3:19:40 PM org.openqa.selenium.remote.ProtocolHandshake createSession
INFO: Detected dialect: OSS
]]></system-err>
  </testcase>
  <testcase name="testSendButtonBorderRadius" classname="Tests.HotelsPageTest" time="0.106"/>
  <testcase name="testTitleValidation" classname="Tests.HotelsPageTest" time="0.009"/>
  <testcase name="testTodaysTopDealBoxSize" classname="Tests.HotelsPageTest" time="0.202"/>
  <testcase name="testValidateEuropeHotelLinkCount" classname="Tests.HotelsPageTest" time="8.022">
    <failure message="expected [15] but found [0]" type="java.lang.AssertionError">java.lang.AssertionError: expected [15] but found [0]
	at Tests.HotelsPageTest.testValidateEuropeHotelLinkCount(HotelsPageTest.java:40)
</failure>
    <system-out><![CDATA[Before navigating to: 'https://www.expedia.com/'
Navigated to:'https://www.expedia.com/'
Trying to find Element By : By.cssSelector: #primary-header-hotel
Found Element By : By.cssSelector: #primary-header-hotel
Trying to click on: [[ChromeDriver: chrome on MAC (2ee1bb4716cad1e2af4ae77deb29410d)] -> css selector: #primary-header-hotel]
Clicked on: [[ChromeDriver: chrome on MAC (2ee1bb4716cad1e2af4ae77deb29410d)] -> css selector: #primary-header-hotel]
Trying to find Element By : By.xpath: //div[@id='launch-seo']//div//ul[2]/li
Found Element By : By.xpath: //div[@id='launch-seo']//div//ul[2]/li
]]></system-out>
    <system-err><![CDATA[Starting ChromeDriver 2.42.591059 (a3d9684d10d61aa0c45f6723b327283be1ebaad8) on port 21242
Only local connections are allowed.
Oct 11, 2018 3:22:42 PM org.openqa.selenium.remote.ProtocolHandshake createSession
INFO: Detected dialect: OSS
]]></system-err>
  </testcase>
  <testcase name="testValidateInternationalHotelLinkCount" classname="Tests.HotelsPageTest" time="8.033">
    <failure message="expected [15] but found [0]" type="java.lang.AssertionError">java.lang.AssertionError: expected [15] but found [0]
	at Tests.HotelsPageTest.testValidateInternationalHotelLinkCount(HotelsPageTest.java:44)
</failure>
    <system-out><![CDATA[Before navigating to: 'https://www.expedia.com/'
Navigated to:'https://www.expedia.com/'
Trying to find Element By : By.cssSelector: #primary-header-hotel
Found Element By : By.cssSelector: #primary-header-hotel
Trying to click on: [[ChromeDriver: chrome on MAC (25b8dbf121021e5a5199685a66cee8ae)] -> css selector: #primary-header-hotel]
Clicked on: [[ChromeDriver: chrome on MAC (25b8dbf121021e5a5199685a66cee8ae)] -> css selector: #primary-header-hotel]
Trying to find Element By : By.xpath: //div[@id='launch-seo']//div//ul[3]/li
Found Element By : By.xpath: //div[@id='launch-seo']//div//ul[3]/li
]]></system-out>
    <system-err><![CDATA[Starting ChromeDriver 2.42.591059 (a3d9684d10d61aa0c45f6723b327283be1ebaad8) on port 44075
Only local connections are allowed.
Oct 11, 2018 3:23:17 PM org.openqa.selenium.remote.ProtocolHandshake createSession
INFO: Detected dialect: OSS
]]></system-err>
  </testcase>
  <testcase name="testValidateLabelEuropeHotel" classname="Tests.HotelsPageTest" time="9.412">
    <failure message="no such element: Unable to locate element: {&quot;method&quot;:&quot;xpath&quot;,&quot;selector&quot;:&quot;//h3[contains(text(),&apos;Europe Hotel Reservations&apos;)]&quot;}&#10;  (Session info: chrome=69.0.3497.100)&#10;  (Driver info: chromedriver=2.42.591059 (a3d9684d10d61aa0c45f6723b327283be1ebaad8),platform=Mac OS X 10.14.0 x86_64) (WARNING: The server did not provide any stacktrace information)&#10;Command duration or timeout: 0 milliseconds&#10;For documentation on this error, please visit: http://seleniumhq.org/exceptions/no_such_element.html&#10;Build info: version: &apos;3.14.0&apos;, revision: &apos;aacccce0&apos;, time: &apos;2018-08-02T20:19:58.91Z&apos;&#10;System info: host: &apos;juneds-MacBook-Pro.local&apos;, ip: &apos;fe80:0:0:0:7b:f7ab:7ac7:59e0%en0&apos;, os.name: &apos;Mac OS X&apos;, os.arch: &apos;x86_64&apos;, os.version: &apos;10.14&apos;, java.version: &apos;1.8.0_181&apos;&#10;Driver info: org.openqa.selenium.chrome.ChromeDriver&#10;Capabilities {acceptInsecureCerts: false, acceptSslCerts: false, applicationCacheEnabled: false, browserConnectionEnabled: false, browserName: chrome, chrome: {chromedriverVersion: 2.42.591059 (a3d9684d10d61a..., userDataDir: /var/folders/hn/f7wb9_d13yz...}, cssSelectorsEnabled: true, databaseEnabled: false, goog:chromeOptions: {debuggerAddress: localhost:50193}, handlesAlerts: true, hasTouchScreen: false, javascriptEnabled: true, locationContextEnabled: true, mobileEmulationEnabled: false, nativeEvents: true, networkConnectionEnabled: false, pageLoadStrategy: normal, platform: MAC, platformName: MAC, rotatable: false, setWindowRect: true, takesHeapSnapshot: true, takesScreenshot: true, unexpectedAlertBehaviour: , unhandledPromptBehavior: , version: 69.0.3497.100, webStorageEnabled: true}&#10;Session ID: f33b32fbc0a7923d5557cd0f5e54bfa9&#10;*** Element info: {Using=xpath, value=//h3[contains(text(),&apos;Europe Hotel Reservations&apos;)]}" type="org.openqa.selenium.NoSuchElementException">org.openqa.selenium.NoSuchElementException: 
no such element: Unable to locate element: {"method":"xpath","selector":"//h3[contains(text(),'Europe Hotel Reservations')]"}
  (Session info: chrome=69.0.3497.100)
  (Driver info: chromedriver=2.42.591059 (a3d9684d10d61aa0c45f6723b327283be1ebaad8),platform=Mac OS X 10.14.0 x86_64) (WARNING: The server did not provide any stacktrace information)
Command duration or timeout: 0 milliseconds
For documentation on this error, please visit: http://seleniumhq.org/exceptions/no_such_element.html
Build info: version: '3.14.0', revision: 'aacccce0', time: '2018-08-02T20:19:58.91Z'
System info: host: 'juneds-MacBook-Pro.local', ip: 'fe80:0:0:0:7b:f7ab:7ac7:59e0%en0', os.name: 'Mac OS X', os.arch: 'x86_64', os.version: '10.14', java.version: '1.8.0_181'
Driver info: org.openqa.selenium.chrome.ChromeDriver
Capabilities {acceptInsecureCerts: false, acceptSslCerts: false, applicationCacheEnabled: false, browserConnectionEnabled: false, browserName: chrome, chrome: {chromedriverVersion: 2.42.591059 (a3d9684d10d61a..., userDataDir: /var/folders/hn/f7wb9_d13yz...}, cssSelectorsEnabled: true, databaseEnabled: false, goog:chromeOptions: {debuggerAddress: localhost:50193}, handlesAlerts: true, hasTouchScreen: false, javascriptEnabled: true, locationContextEnabled: true, mobileEmulationEnabled: false, nativeEvents: true, networkConnectionEnabled: false, pageLoadStrategy: normal, platform: MAC, platformName: MAC, rotatable: false, setWindowRect: true, takesHeapSnapshot: true, takesScreenshot: true, unexpectedAlertBehaviour: , unhandledPromptBehavior: , version: 69.0.3497.100, webStorageEnabled: true}
Session ID: f33b32fbc0a7923d5557cd0f5e54bfa9
*** Element info: {Using=xpath, value=//h3[contains(text(),'Europe Hotel Reservations')]}
	at Tests.HotelsPageTest.testValidateLabelEuropeHotel(HotelsPageTest.java:26)
</failure>
    <system-out><![CDATA[Before navigating to: 'https://www.expedia.com/'
Navigated to:'https://www.expedia.com/'
Trying to find Element By : By.cssSelector: #primary-header-hotel
Found Element By : By.cssSelector: #primary-header-hotel
Trying to click on: [[ChromeDriver: chrome on MAC (f33b32fbc0a7923d5557cd0f5e54bfa9)] -> css selector: #primary-header-hotel]
Clicked on: [[ChromeDriver: chrome on MAC (f33b32fbc0a7923d5557cd0f5e54bfa9)] -> css selector: #primary-header-hotel]
Trying to find Element By : By.xpath: //h3[contains(text(),'Europe Hotel Reservations')]
Exception occured: org.openqa.selenium.NoSuchElementException: no such element: Unable to locate element: {"method":"xpath","selector":"//h3[contains(text(),'Europe Hotel Reservations')]"}
  (Session info: chrome=69.0.3497.100)
  (Driver info: chromedriver=2.42.591059 (a3d9684d10d61aa0c45f6723b327283be1ebaad8),platform=Mac OS X 10.14.0 x86_64) (WARNING: The server did not provide any stacktrace information)
Command duration or timeout: 0 milliseconds
For documentation on this error, please visit: http://seleniumhq.org/exceptions/no_such_element.html
Build info: version: '3.14.0', revision: 'aacccce0', time: '2018-08-02T20:19:58.91Z'
System info: host: 'juneds-MacBook-Pro.local', ip: 'fe80:0:0:0:7b:f7ab:7ac7:59e0%en0', os.name: 'Mac OS X', os.arch: 'x86_64', os.version: '10.14', java.version: '1.8.0_181'
Driver info: org.openqa.selenium.chrome.ChromeDriver
Capabilities {acceptInsecureCerts: false, acceptSslCerts: false, applicationCacheEnabled: false, browserConnectionEnabled: false, browserName: chrome, chrome: {chromedriverVersion: 2.42.591059 (a3d9684d10d61a..., userDataDir: /var/folders/hn/f7wb9_d13yz...}, cssSelectorsEnabled: true, databaseEnabled: false, goog:chromeOptions: {debuggerAddress: localhost:50193}, handlesAlerts: true, hasTouchScreen: false, javascriptEnabled: true, locationContextEnabled: true, mobileEmulationEnabled: false, nativeEvents: true, networkConnectionEnabled: false, pageLoadStrategy: normal, platform: MAC, platformName: MAC, rotatable: false, setWindowRect: true, takesHeapSnapshot: true, takesScreenshot: true, unexpectedAlertBehaviour: , unhandledPromptBehavior: , version: 69.0.3497.100, webStorageEnabled: true}
Session ID: f33b32fbc0a7923d5557cd0f5e54bfa9
*** Element info: {Using=xpath, value=//h3[contains(text(),'Europe Hotel Reservations')]}
]]></system-out>
    <system-err><![CDATA[Starting ChromeDriver 2.42.591059 (a3d9684d10d61aa0c45f6723b327283be1ebaad8) on port 12803
Only local connections are allowed.
Oct 11, 2018 3:24:00 PM org.openqa.selenium.remote.ProtocolHandshake createSession
INFO: Detected dialect: OSS
]]></system-err>
  </testcase>
  <testcase name="testValidateLabelHotelDiscount" classname="Tests.HotelsPageTest" time="9.247">
    <failure message="no such element: Unable to locate element: {&quot;method&quot;:&quot;xpath&quot;,&quot;selector&quot;:&quot;//h3[contains(text(),&apos;U.S. Hotel Discounts&apos;)]&quot;}&#10;  (Session info: chrome=69.0.3497.100)&#10;  (Driver info: chromedriver=2.42.591059 (a3d9684d10d61aa0c45f6723b327283be1ebaad8),platform=Mac OS X 10.14.0 x86_64) (WARNING: The server did not provide any stacktrace information)&#10;Command duration or timeout: 0 milliseconds&#10;For documentation on this error, please visit: http://seleniumhq.org/exceptions/no_such_element.html&#10;Build info: version: &apos;3.14.0&apos;, revision: &apos;aacccce0&apos;, time: &apos;2018-08-02T20:19:58.91Z&apos;&#10;System info: host: &apos;juneds-MacBook-Pro.local&apos;, ip: &apos;fe80:0:0:0:7b:f7ab:7ac7:59e0%en0&apos;, os.name: &apos;Mac OS X&apos;, os.arch: &apos;x86_64&apos;, os.version: &apos;10.14&apos;, java.version: &apos;1.8.0_181&apos;&#10;Driver info: org.openqa.selenium.chrome.ChromeDriver&#10;Capabilities {acceptInsecureCerts: false, acceptSslCerts: false, applicationCacheEnabled: false, browserConnectionEnabled: false, browserName: chrome, chrome: {chromedriverVersion: 2.42.591059 (a3d9684d10d61a..., userDataDir: /var/folders/hn/f7wb9_d13yz...}, cssSelectorsEnabled: true, databaseEnabled: false, goog:chromeOptions: {debuggerAddress: localhost:50333}, handlesAlerts: true, hasTouchScreen: false, javascriptEnabled: true, locationContextEnabled: true, mobileEmulationEnabled: false, nativeEvents: true, networkConnectionEnabled: false, pageLoadStrategy: normal, platform: MAC, platformName: MAC, rotatable: false, setWindowRect: true, takesHeapSnapshot: true, takesScreenshot: true, unexpectedAlertBehaviour: , unhandledPromptBehavior: , version: 69.0.3497.100, webStorageEnabled: true}&#10;Session ID: 5679f4237f5e8372adc5ed8ba9980301&#10;*** Element info: {Using=xpath, value=//h3[contains(text(),&apos;U.S. Hotel Discounts&apos;)]}" type="org.openqa.selenium.NoSuchElementException">org.openqa.selenium.NoSuchElementException: 
no such element: Unable to locate element: {"method":"xpath","selector":"//h3[contains(text(),'U.S. Hotel Discounts')]"}
  (Session info: chrome=69.0.3497.100)
  (Driver info: chromedriver=2.42.591059 (a3d9684d10d61aa0c45f6723b327283be1ebaad8),platform=Mac OS X 10.14.0 x86_64) (WARNING: The server did not provide any stacktrace information)
Command duration or timeout: 0 milliseconds
For documentation on this error, please visit: http://seleniumhq.org/exceptions/no_such_element.html
Build info: version: '3.14.0', revision: 'aacccce0', time: '2018-08-02T20:19:58.91Z'
System info: host: 'juneds-MacBook-Pro.local', ip: 'fe80:0:0:0:7b:f7ab:7ac7:59e0%en0', os.name: 'Mac OS X', os.arch: 'x86_64', os.version: '10.14', java.version: '1.8.0_181'
Driver info: org.openqa.selenium.chrome.ChromeDriver
Capabilities {acceptInsecureCerts: false, acceptSslCerts: false, applicationCacheEnabled: false, browserConnectionEnabled: false, browserName: chrome, chrome: {chromedriverVersion: 2.42.591059 (a3d9684d10d61a..., userDataDir: /var/folders/hn/f7wb9_d13yz...}, cssSelectorsEnabled: true, databaseEnabled: false, goog:chromeOptions: {debuggerAddress: localhost:50333}, handlesAlerts: true, hasTouchScreen: false, javascriptEnabled: true, locationContextEnabled: true, mobileEmulationEnabled: false, nativeEvents: true, networkConnectionEnabled: false, pageLoadStrategy: normal, platform: MAC, platformName: MAC, rotatable: false, setWindowRect: true, takesHeapSnapshot: true, takesScreenshot: true, unexpectedAlertBehaviour: , unhandledPromptBehavior: , version: 69.0.3497.100, webStorageEnabled: true}
Session ID: 5679f4237f5e8372adc5ed8ba9980301
*** Element info: {Using=xpath, value=//h3[contains(text(),'U.S. Hotel Discounts')]}
	at Tests.HotelsPageTest.testValidateLabelHotelDiscount(HotelsPageTest.java:21)
</failure>
    <system-out><![CDATA[Before navigating to: 'https://www.expedia.com/'
Navigated to:'https://www.expedia.com/'
Trying to find Element By : By.cssSelector: #primary-header-hotel
Found Element By : By.cssSelector: #primary-header-hotel
Trying to click on: [[ChromeDriver: chrome on MAC (5679f4237f5e8372adc5ed8ba9980301)] -> css selector: #primary-header-hotel]
Clicked on: [[ChromeDriver: chrome on MAC (5679f4237f5e8372adc5ed8ba9980301)] -> css selector: #primary-header-hotel]
Trying to find Element By : By.xpath: //h3[contains(text(),'U.S. Hotel Discounts')]
Exception occured: org.openqa.selenium.NoSuchElementException: no such element: Unable to locate element: {"method":"xpath","selector":"//h3[contains(text(),'U.S. Hotel Discounts')]"}
  (Session info: chrome=69.0.3497.100)
  (Driver info: chromedriver=2.42.591059 (a3d9684d10d61aa0c45f6723b327283be1ebaad8),platform=Mac OS X 10.14.0 x86_64) (WARNING: The server did not provide any stacktrace information)
Command duration or timeout: 0 milliseconds
For documentation on this error, please visit: http://seleniumhq.org/exceptions/no_such_element.html
Build info: version: '3.14.0', revision: 'aacccce0', time: '2018-08-02T20:19:58.91Z'
System info: host: 'juneds-MacBook-Pro.local', ip: 'fe80:0:0:0:7b:f7ab:7ac7:59e0%en0', os.name: 'Mac OS X', os.arch: 'x86_64', os.version: '10.14', java.version: '1.8.0_181'
Driver info: org.openqa.selenium.chrome.ChromeDriver
Capabilities {acceptInsecureCerts: false, acceptSslCerts: false, applicationCacheEnabled: false, browserConnectionEnabled: false, browserName: chrome, chrome: {chromedriverVersion: 2.42.591059 (a3d9684d10d61a..., userDataDir: /var/folders/hn/f7wb9_d13yz...}, cssSelectorsEnabled: true, databaseEnabled: false, goog:chromeOptions: {debuggerAddress: localhost:50333}, handlesAlerts: true, hasTouchScreen: false, javascriptEnabled: true, locationContextEnabled: true, mobileEmulationEnabled: false, nativeEvents: true, networkConnectionEnabled: false, pageLoadStrategy: normal, platform: MAC, platformName: MAC, rotatable: false, setWindowRect: true, takesHeapSnapshot: true, takesScreenshot: true, unexpectedAlertBehaviour: , unhandledPromptBehavior: , version: 69.0.3497.100, webStorageEnabled: true}
Session ID: 5679f4237f5e8372adc5ed8ba9980301
*** Element info: {Using=xpath, value=//h3[contains(text(),'U.S. Hotel Discounts')]}
]]></system-out>
    <system-err><![CDATA[Starting ChromeDriver 2.42.591059 (a3d9684d10d61aa0c45f6723b327283be1ebaad8) on port 43014
Only local connections are allowed.
Oct 11, 2018 3:24:32 PM org.openqa.selenium.remote.ProtocolHandshake createSession
INFO: Detected dialect: OSS
]]></system-err>
  </testcase>
  <testcase name="testValidateLabelInternationalHotel" classname="Tests.HotelsPageTest" time="9.283">
    <failure message="no such element: Unable to locate element: {&quot;method&quot;:&quot;xpath&quot;,&quot;selector&quot;:&quot;//h3[contains(text(),&apos;More International Hotels&apos;)]&quot;}&#10;  (Session info: chrome=69.0.3497.100)&#10;  (Driver info: chromedriver=2.42.591059 (a3d9684d10d61aa0c45f6723b327283be1ebaad8),platform=Mac OS X 10.14.0 x86_64) (WARNING: The server did not provide any stacktrace information)&#10;Command duration or timeout: 0 milliseconds&#10;For documentation on this error, please visit: http://seleniumhq.org/exceptions/no_such_element.html&#10;Build info: version: &apos;3.14.0&apos;, revision: &apos;aacccce0&apos;, time: &apos;2018-08-02T20:19:58.91Z&apos;&#10;System info: host: &apos;juneds-MacBook-Pro.local&apos;, ip: &apos;fe80:0:0:0:7b:f7ab:7ac7:59e0%en0&apos;, os.name: &apos;Mac OS X&apos;, os.arch: &apos;x86_64&apos;, os.version: &apos;10.14&apos;, java.version: &apos;1.8.0_181&apos;&#10;Driver info: org.openqa.selenium.chrome.ChromeDriver&#10;Capabilities {acceptInsecureCerts: false, acceptSslCerts: false, applicationCacheEnabled: false, browserConnectionEnabled: false, browserName: chrome, chrome: {chromedriverVersion: 2.42.591059 (a3d9684d10d61a..., userDataDir: /var/folders/hn/f7wb9_d13yz...}, cssSelectorsEnabled: true, databaseEnabled: false, goog:chromeOptions: {debuggerAddress: localhost:50483}, handlesAlerts: true, hasTouchScreen: false, javascriptEnabled: true, locationContextEnabled: true, mobileEmulationEnabled: false, nativeEvents: true, networkConnectionEnabled: false, pageLoadStrategy: normal, platform: MAC, platformName: MAC, rotatable: false, setWindowRect: true, takesHeapSnapshot: true, takesScreenshot: true, unexpectedAlertBehaviour: , unhandledPromptBehavior: , version: 69.0.3497.100, webStorageEnabled: true}&#10;Session ID: 3ed682e79ec5a05d56becc1e570afa45&#10;*** Element info: {Using=xpath, value=//h3[contains(text(),&apos;More International Hotels&apos;)]}" type="org.openqa.selenium.NoSuchElementException">org.openqa.selenium.NoSuchElementException: 
no such element: Unable to locate element: {"method":"xpath","selector":"//h3[contains(text(),'More International Hotels')]"}
  (Session info: chrome=69.0.3497.100)
  (Driver info: chromedriver=2.42.591059 (a3d9684d10d61aa0c45f6723b327283be1ebaad8),platform=Mac OS X 10.14.0 x86_64) (WARNING: The server did not provide any stacktrace information)
Command duration or timeout: 0 milliseconds
For documentation on this error, please visit: http://seleniumhq.org/exceptions/no_such_element.html
Build info: version: '3.14.0', revision: 'aacccce0', time: '2018-08-02T20:19:58.91Z'
System info: host: 'juneds-MacBook-Pro.local', ip: 'fe80:0:0:0:7b:f7ab:7ac7:59e0%en0', os.name: 'Mac OS X', os.arch: 'x86_64', os.version: '10.14', java.version: '1.8.0_181'
Driver info: org.openqa.selenium.chrome.ChromeDriver
Capabilities {acceptInsecureCerts: false, acceptSslCerts: false, applicationCacheEnabled: false, browserConnectionEnabled: false, browserName: chrome, chrome: {chromedriverVersion: 2.42.591059 (a3d9684d10d61a..., userDataDir: /var/folders/hn/f7wb9_d13yz...}, cssSelectorsEnabled: true, databaseEnabled: false, goog:chromeOptions: {debuggerAddress: localhost:50483}, handlesAlerts: true, hasTouchScreen: false, javascriptEnabled: true, locationContextEnabled: true, mobileEmulationEnabled: false, nativeEvents: true, networkConnectionEnabled: false, pageLoadStrategy: normal, platform: MAC, platformName: MAC, rotatable: false, setWindowRect: true, takesHeapSnapshot: true, takesScreenshot: true, unexpectedAlertBehaviour: , unhandledPromptBehavior: , version: 69.0.3497.100, webStorageEnabled: true}
Session ID: 3ed682e79ec5a05d56becc1e570afa45
*** Element info: {Using=xpath, value=//h3[contains(text(),'More International Hotels')]}
	at Tests.HotelsPageTest.testValidateLabelInternationalHotel(HotelsPageTest.java:31)
</failure>
    <system-out><![CDATA[Before navigating to: 'https://www.expedia.com/'
Navigated to:'https://www.expedia.com/'
Trying to find Element By : By.cssSelector: #primary-header-hotel
Found Element By : By.cssSelector: #primary-header-hotel
Trying to click on: [[ChromeDriver: chrome on MAC (3ed682e79ec5a05d56becc1e570afa45)] -> css selector: #primary-header-hotel]
Clicked on: [[ChromeDriver: chrome on MAC (3ed682e79ec5a05d56becc1e570afa45)] -> css selector: #primary-header-hotel]
Trying to find Element By : By.xpath: //h3[contains(text(),'More International Hotels')]
Exception occured: org.openqa.selenium.NoSuchElementException: no such element: Unable to locate element: {"method":"xpath","selector":"//h3[contains(text(),'More International Hotels')]"}
  (Session info: chrome=69.0.3497.100)
  (Driver info: chromedriver=2.42.591059 (a3d9684d10d61aa0c45f6723b327283be1ebaad8),platform=Mac OS X 10.14.0 x86_64) (WARNING: The server did not provide any stacktrace information)
Command duration or timeout: 0 milliseconds
For documentation on this error, please visit: http://seleniumhq.org/exceptions/no_such_element.html
Build info: version: '3.14.0', revision: 'aacccce0', time: '2018-08-02T20:19:58.91Z'
System info: host: 'juneds-MacBook-Pro.local', ip: 'fe80:0:0:0:7b:f7ab:7ac7:59e0%en0', os.name: 'Mac OS X', os.arch: 'x86_64', os.version: '10.14', java.version: '1.8.0_181'
Driver info: org.openqa.selenium.chrome.ChromeDriver
Capabilities {acceptInsecureCerts: false, acceptSslCerts: false, applicationCacheEnabled: false, browserConnectionEnabled: false, browserName: chrome, chrome: {chromedriverVersion: 2.42.591059 (a3d9684d10d61a..., userDataDir: /var/folders/hn/f7wb9_d13yz...}, cssSelectorsEnabled: true, databaseEnabled: false, goog:chromeOptions: {debuggerAddress: localhost:50483}, handlesAlerts: true, hasTouchScreen: false, javascriptEnabled: true, locationContextEnabled: true, mobileEmulationEnabled: false, nativeEvents: true, networkConnectionEnabled: false, pageLoadStrategy: normal, platform: MAC, platformName: MAC, rotatable: false, setWindowRect: true, takesHeapSnapshot: true, takesScreenshot: true, unexpectedAlertBehaviour: , unhandledPromptBehavior: , version: 69.0.3497.100, webStorageEnabled: true}
Session ID: 3ed682e79ec5a05d56becc1e570afa45
*** Element info: {Using=xpath, value=//h3[contains(text(),'More International Hotels')]}
]]></system-out>
    <system-err><![CDATA[Starting ChromeDriver 2.42.591059 (a3d9684d10d61aa0c45f6723b327283be1ebaad8) on port 46395
Only local connections are allowed.
Oct 11, 2018 3:25:06 PM org.openqa.selenium.remote.ProtocolHandshake createSession
INFO: Detected dialect: OSS
]]></system-err>
  </testcase>
  <testcase name="testValidateUsHotelLinkCount" classname="Tests.HotelsPageTest" time="8.056">
    <failure message="expected [15] but found [0]" type="java.lang.AssertionError">java.lang.AssertionError: expected [15] but found [0]
	at Tests.HotelsPageTest.testValidateUsHotelLinkCount(HotelsPageTest.java:36)
</failure>
    <system-out><![CDATA[Before navigating to: 'https://www.expedia.com/'
Navigated to:'https://www.expedia.com/'
Trying to find Element By : By.cssSelector: #primary-header-hotel
Found Element By : By.cssSelector: #primary-header-hotel
Trying to click on: [[ChromeDriver: chrome on MAC (eaac0eba29b946ec75b722ee102896ce)] -> css selector: #primary-header-hotel]
Clicked on: [[ChromeDriver: chrome on MAC (eaac0eba29b946ec75b722ee102896ce)] -> css selector: #primary-header-hotel]
Trying to find Element By : By.xpath: //div[@id='launch-seo']//div//ul[1]/li
Found Element By : By.xpath: //div[@id='launch-seo']//div//ul[1]/li
]]></system-out>
    <system-err><![CDATA[Starting ChromeDriver 2.42.591059 (a3d9684d10d61aa0c45f6723b327283be1ebaad8) on port 25335
Only local connections are allowed.
Oct 11, 2018 3:25:42 PM org.openqa.selenium.remote.ProtocolHandshake createSession
INFO: Detected dialect: OSS
]]></system-err>
  </testcase>
  <testcase name="navbarLinksTest" classname="Tests.DataBaseHomePageTest" time="0"/>
  <testcase name="allInclusiveCruisesCountTest" classname="Tests.CruisesPageTest" time="0.053"/>
  <testcase name="bestCruisesCountTest" classname="Tests.CruisesPageTest" time="0.042"/>
  <testcase name="cruiseDealsandDiscountsontheBestCruiseLinesLabelVisibilityTest" classname="Tests.CruisesPageTest" time="0.047"/>
  <testcase name="cruisesLinkisUnderLinedTest" classname="Tests.CruisesPageTest" time="0.04"/>
  <testcase name="destinationCruisesCountTest" classname="Tests.CruisesPageTest" time="4.092"/>
  <testcase name="discountCruisesCountTest" classname="Tests.CruisesPageTest" time="0.017"/>
  <testcase name="enjoytThetBestCruiseTravelDestinationsLabelVisibilityTest" classname="Tests.CruisesPageTest" time="0.035"/>
  <testcase name="headerLabelTextValidationTest" classname="Tests.CruisesPageTest" time="2.3"/>
  <testcase name="lastMinuteCruiseDealsVacationIdeasLabelVisibilityTest" classname="Tests.CruisesPageTest" time="0.086"/>
  <testcase name="lastMinuteCruisesCountTest" classname="Tests.CruisesPageTest" time="0.16"/>
  <testcase name="pageTitleValidateTest" classname="Tests.CruisesPageTest" time="0.007"/>
  <testcase name="pageUrlTest" classname="Tests.CruisesPageTest" time="152.039"/>
  <testcase name="takeAVacationonTheseAllInclusiveCruisesLabelVisibilityTest" classname="Tests.CruisesPageTest" time="0.071"/>
  <testcase name="yourFirstStopforDiscountCruisesLabelVisibilityTest" classname="Tests.CruisesPageTest" time="0.055"/>
  <testcase name="exploreMoreToggleVisibilityTest" classname="Tests.HomePageTest" time="0.254"/>
  <testcase name="flightsToNewYorkLinkStatusTest" classname="Tests.HomePageTest" time="10.218">
    <failure message="no such element: Unable to locate element: {&quot;method&quot;:&quot;xpath&quot;,&quot;selector&quot;:&quot;//a[contains(text(),&apos;Flights to New York&apos;)]&quot;}&#10;  (Session info: chrome=69.0.3497.100)&#10;  (Driver info: chromedriver=2.42.591059 (a3d9684d10d61aa0c45f6723b327283be1ebaad8),platform=Mac OS X 10.14.0 x86_64) (WARNING: The server did not provide any stacktrace information)&#10;Command duration or timeout: 0 milliseconds&#10;For documentation on this error, please visit: http://seleniumhq.org/exceptions/no_such_element.html&#10;Build info: version: &apos;3.14.0&apos;, revision: &apos;aacccce0&apos;, time: &apos;2018-08-02T20:19:58.91Z&apos;&#10;System info: host: &apos;juneds-MacBook-Pro.local&apos;, ip: &apos;fe80:0:0:0:7b:f7ab:7ac7:59e0%en0&apos;, os.name: &apos;Mac OS X&apos;, os.arch: &apos;x86_64&apos;, os.version: &apos;10.14&apos;, java.version: &apos;1.8.0_181&apos;&#10;Driver info: org.openqa.selenium.chrome.ChromeDriver&#10;Capabilities {acceptInsecureCerts: false, acceptSslCerts: false, applicationCacheEnabled: false, browserConnectionEnabled: false, browserName: chrome, chrome: {chromedriverVersion: 2.42.591059 (a3d9684d10d61a..., userDataDir: /var/folders/hn/f7wb9_d13yz...}, cssSelectorsEnabled: true, databaseEnabled: false, goog:chromeOptions: {debuggerAddress: localhost:53646}, handlesAlerts: true, hasTouchScreen: false, javascriptEnabled: true, locationContextEnabled: true, mobileEmulationEnabled: false, nativeEvents: true, networkConnectionEnabled: false, pageLoadStrategy: normal, platform: MAC, platformName: MAC, rotatable: false, setWindowRect: true, takesHeapSnapshot: true, takesScreenshot: true, unexpectedAlertBehaviour: , unhandledPromptBehavior: , version: 69.0.3497.100, webStorageEnabled: true}&#10;Session ID: 6b4c08320c29662434426b98950943ad&#10;*** Element info: {Using=xpath, value=//a[contains(text(),&apos;Flights to New York&apos;)]}" type="org.openqa.selenium.NoSuchElementException">org.openqa.selenium.NoSuchElementException: 
no such element: Unable to locate element: {"method":"xpath","selector":"//a[contains(text(),'Flights to New York')]"}
  (Session info: chrome=69.0.3497.100)
  (Driver info: chromedriver=2.42.591059 (a3d9684d10d61aa0c45f6723b327283be1ebaad8),platform=Mac OS X 10.14.0 x86_64) (WARNING: The server did not provide any stacktrace information)
Command duration or timeout: 0 milliseconds
For documentation on this error, please visit: http://seleniumhq.org/exceptions/no_such_element.html
Build info: version: '3.14.0', revision: 'aacccce0', time: '2018-08-02T20:19:58.91Z'
System info: host: 'juneds-MacBook-Pro.local', ip: 'fe80:0:0:0:7b:f7ab:7ac7:59e0%en0', os.name: 'Mac OS X', os.arch: 'x86_64', os.version: '10.14', java.version: '1.8.0_181'
Driver info: org.openqa.selenium.chrome.ChromeDriver
Capabilities {acceptInsecureCerts: false, acceptSslCerts: false, applicationCacheEnabled: false, browserConnectionEnabled: false, browserName: chrome, chrome: {chromedriverVersion: 2.42.591059 (a3d9684d10d61a..., userDataDir: /var/folders/hn/f7wb9_d13yz...}, cssSelectorsEnabled: true, databaseEnabled: false, goog:chromeOptions: {debuggerAddress: localhost:53646}, handlesAlerts: true, hasTouchScreen: false, javascriptEnabled: true, locationContextEnabled: true, mobileEmulationEnabled: false, nativeEvents: true, networkConnectionEnabled: false, pageLoadStrategy: normal, platform: MAC, platformName: MAC, rotatable: false, setWindowRect: true, takesHeapSnapshot: true, takesScreenshot: true, unexpectedAlertBehaviour: , unhandledPromptBehavior: , version: 69.0.3497.100, webStorageEnabled: true}
Session ID: 6b4c08320c29662434426b98950943ad
*** Element info: {Using=xpath, value=//a[contains(text(),'Flights to New York')]}
	at Tests.HomePageTest.flightsToNewYorkLinkStatusTest(HomePageTest.java:70)
</failure>
    <system-out><![CDATA[Before navigating to: 'https://www.expedia.com/'
Navigated to:'https://www.expedia.com/'
Trying to find Element By : By.xpath: //a[contains(text(),'Flights to New York')]
Exception occured: org.openqa.selenium.NoSuchElementException: no such element: Unable to locate element: {"method":"xpath","selector":"//a[contains(text(),'Flights to New York')]"}
  (Session info: chrome=69.0.3497.100)
  (Driver info: chromedriver=2.42.591059 (a3d9684d10d61aa0c45f6723b327283be1ebaad8),platform=Mac OS X 10.14.0 x86_64) (WARNING: The server did not provide any stacktrace information)
Command duration or timeout: 0 milliseconds
For documentation on this error, please visit: http://seleniumhq.org/exceptions/no_such_element.html
Build info: version: '3.14.0', revision: 'aacccce0', time: '2018-08-02T20:19:58.91Z'
System info: host: 'juneds-MacBook-Pro.local', ip: 'fe80:0:0:0:7b:f7ab:7ac7:59e0%en0', os.name: 'Mac OS X', os.arch: 'x86_64', os.version: '10.14', java.version: '1.8.0_181'
Driver info: org.openqa.selenium.chrome.ChromeDriver
Capabilities {acceptInsecureCerts: false, acceptSslCerts: false, applicationCacheEnabled: false, browserConnectionEnabled: false, browserName: chrome, chrome: {chromedriverVersion: 2.42.591059 (a3d9684d10d61a..., userDataDir: /var/folders/hn/f7wb9_d13yz...}, cssSelectorsEnabled: true, databaseEnabled: false, goog:chromeOptions: {debuggerAddress: localhost:53646}, handlesAlerts: true, hasTouchScreen: false, javascriptEnabled: true, locationContextEnabled: true, mobileEmulationEnabled: false, nativeEvents: true, networkConnectionEnabled: false, pageLoadStrategy: normal, platform: MAC, platformName: MAC, rotatable: false, setWindowRect: true, takesHeapSnapshot: true, takesScreenshot: true, unexpectedAlertBehaviour: , unhandledPromptBehavior: , version: 69.0.3497.100, webStorageEnabled: true}
Session ID: 6b4c08320c29662434426b98950943ad
*** Element info: {Using=xpath, value=//a[contains(text(),'Flights to New York')]}
]]></system-out>
    <system-err><![CDATA[Starting ChromeDriver 2.42.591059 (a3d9684d10d61aa0c45f6723b327283be1ebaad8) on port 15855
Only local connections are allowed.
Oct 11, 2018 3:36:09 PM org.openqa.selenium.remote.ProtocolHandshake createSession
INFO: Detected dialect: OSS
Oct 11, 2018 3:37:32 PM com.relevantcodes.extentreports.ExtentReports loadConfig
WARNING: Unable to perform report configuration. The file /Users/junedalam/Documents/July2018WebAutomation/Expedia/report-config.xml was not found.
]]></system-err>
  </testcase>
  <testcase name="hotelLinksIndexValueTest" classname="Tests.HomePageTest" time="0.058"/>
  <testcase name="pageUrlTest" classname="Tests.HomePageTest" time="0.031"/>
  <testcase name="testRoundTripFlightWithExcelData" classname="Tests.HomePageTest" time="18.054">
    <failure message="no such element: Unable to locate element: {&quot;method&quot;:&quot;xpath&quot;,&quot;selector&quot;:&quot;//span[@class = &apos;title-city-text&apos;]&quot;}&#10;  (Session info: chrome=69.0.3497.100)&#10;  (Driver info: chromedriver=2.42.591059 (a3d9684d10d61aa0c45f6723b327283be1ebaad8),platform=Mac OS X 10.14.0 x86_64) (WARNING: The server did not provide any stacktrace information)&#10;Command duration or timeout: 0 milliseconds&#10;For documentation on this error, please visit: http://seleniumhq.org/exceptions/no_such_element.html&#10;Build info: version: &apos;3.14.0&apos;, revision: &apos;aacccce0&apos;, time: &apos;2018-08-02T20:19:58.91Z&apos;&#10;System info: host: &apos;juneds-MacBook-Pro.local&apos;, ip: &apos;fe80:0:0:0:7b:f7ab:7ac7:59e0%en0&apos;, os.name: &apos;Mac OS X&apos;, os.arch: &apos;x86_64&apos;, os.version: &apos;10.14&apos;, java.version: &apos;1.8.0_181&apos;&#10;Driver info: org.openqa.selenium.chrome.ChromeDriver&#10;Capabilities {acceptInsecureCerts: false, acceptSslCerts: false, applicationCacheEnabled: false, browserConnectionEnabled: false, browserName: chrome, chrome: {chromedriverVersion: 2.42.591059 (a3d9684d10d61a..., userDataDir: /var/folders/hn/f7wb9_d13yz...}, cssSelectorsEnabled: true, databaseEnabled: false, goog:chromeOptions: {debuggerAddress: localhost:54114}, handlesAlerts: true, hasTouchScreen: false, javascriptEnabled: true, locationContextEnabled: true, mobileEmulationEnabled: false, nativeEvents: true, networkConnectionEnabled: false, pageLoadStrategy: normal, platform: MAC, platformName: MAC, rotatable: false, setWindowRect: true, takesHeapSnapshot: true, takesScreenshot: true, unexpectedAlertBehaviour: , unhandledPromptBehavior: , version: 69.0.3497.100, webStorageEnabled: true}&#10;Session ID: 01966dce56d1e7dc52eb4322dea99f1e&#10;*** Element info: {Using=xpath, value=//span[@class = &apos;title-city-text&apos;]}" type="org.openqa.selenium.NoSuchElementException">org.openqa.selenium.NoSuchElementException: 
no such element: Unable to locate element: {"method":"xpath","selector":"//span[@class = 'title-city-text']"}
  (Session info: chrome=69.0.3497.100)
  (Driver info: chromedriver=2.42.591059 (a3d9684d10d61aa0c45f6723b327283be1ebaad8),platform=Mac OS X 10.14.0 x86_64) (WARNING: The server did not provide any stacktrace information)
Command duration or timeout: 0 milliseconds
For documentation on this error, please visit: http://seleniumhq.org/exceptions/no_such_element.html
Build info: version: '3.14.0', revision: 'aacccce0', time: '2018-08-02T20:19:58.91Z'
System info: host: 'juneds-MacBook-Pro.local', ip: 'fe80:0:0:0:7b:f7ab:7ac7:59e0%en0', os.name: 'Mac OS X', os.arch: 'x86_64', os.version: '10.14', java.version: '1.8.0_181'
Driver info: org.openqa.selenium.chrome.ChromeDriver
Capabilities {acceptInsecureCerts: false, acceptSslCerts: false, applicationCacheEnabled: false, browserConnectionEnabled: false, browserName: chrome, chrome: {chromedriverVersion: 2.42.591059 (a3d9684d10d61a..., userDataDir: /var/folders/hn/f7wb9_d13yz...}, cssSelectorsEnabled: true, databaseEnabled: false, goog:chromeOptions: {debuggerAddress: localhost:54114}, handlesAlerts: true, hasTouchScreen: false, javascriptEnabled: true, locationContextEnabled: true, mobileEmulationEnabled: false, nativeEvents: true, networkConnectionEnabled: false, pageLoadStrategy: normal, platform: MAC, platformName: MAC, rotatable: false, setWindowRect: true, takesHeapSnapshot: true, takesScreenshot: true, unexpectedAlertBehaviour: , unhandledPromptBehavior: , version: 69.0.3497.100, webStorageEnabled: true}
Session ID: 01966dce56d1e7dc52eb4322dea99f1e
*** Element info: {Using=xpath, value=//span[@class = 'title-city-text']}
	at Tests.HomePageTest.testRoundTripFlightWithExcelData(HomePageTest.java:90)
</failure>
    <system-out><![CDATA[Before navigating to: 'https://www.expedia.com/'
Navigated to:'https://www.expedia.com/'
Trying to find Element By : By.cssSelector: #tab-flight-tab-hp
Found Element By : By.cssSelector: #tab-flight-tab-hp
Trying to click on: [[ChromeDriver: chrome on MAC (01966dce56d1e7dc52eb4322dea99f1e)] -> css selector: #tab-flight-tab-hp]
Clicked on: [[ChromeDriver: chrome on MAC (01966dce56d1e7dc52eb4322dea99f1e)] -> css selector: #tab-flight-tab-hp]
Trying to find Element By : By.cssSelector: #flight-type-roundtrip-label-hp-flight
Found Element By : By.cssSelector: #flight-type-roundtrip-label-hp-flight
Trying to click on: [[ChromeDriver: chrome on MAC (01966dce56d1e7dc52eb4322dea99f1e)] -> css selector: #flight-type-roundtrip-label-hp-flight]
Clicked on: [[ChromeDriver: chrome on MAC (01966dce56d1e7dc52eb4322dea99f1e)] -> css selector: #flight-type-roundtrip-label-hp-flight]
Trying to find Element By : By.cssSelector: #flight-origin-hp-flight
Found Element By : By.cssSelector: #flight-origin-hp-flight
Trying to find Element By : By.cssSelector: #flight-destination-hp-flight
Found Element By : By.cssSelector: #flight-destination-hp-flight
Trying to find Element By : By.cssSelector: #flight-departing-hp-flight
Found Element By : By.cssSelector: #flight-departing-hp-flight
Trying to find Element By : By.cssSelector: #flight-returning-hp-flight
Found Element By : By.cssSelector: #flight-returning-hp-flight
Trying to find Element By : By.xpath: //form[@id='gcw-flights-form-hp-flight']//button[@type='submit']
Found Element By : By.xpath: //form[@id='gcw-flights-form-hp-flight']//button[@type='submit']
Trying to click on: [[ChromeDriver: chrome on MAC (01966dce56d1e7dc52eb4322dea99f1e)] -> xpath: //form[@id='gcw-flights-form-hp-flight']//button[@type='submit']]
Clicked on: [[ChromeDriver: chrome on MAC (01966dce56d1e7dc52eb4322dea99f1e)] -> xpath: //form[@id='gcw-flights-form-hp-flight']//button[@type='submit']]
Trying to find Element By : By.xpath: //span[@class = 'title-city-text']
Exception occured: org.openqa.selenium.NoSuchElementException: no such element: Unable to locate element: {"method":"xpath","selector":"//span[@class = 'title-city-text']"}
  (Session info: chrome=69.0.3497.100)
  (Driver info: chromedriver=2.42.591059 (a3d9684d10d61aa0c45f6723b327283be1ebaad8),platform=Mac OS X 10.14.0 x86_64) (WARNING: The server did not provide any stacktrace information)
Command duration or timeout: 0 milliseconds
For documentation on this error, please visit: http://seleniumhq.org/exceptions/no_such_element.html
Build info: version: '3.14.0', revision: 'aacccce0', time: '2018-08-02T20:19:58.91Z'
System info: host: 'juneds-MacBook-Pro.local', ip: 'fe80:0:0:0:7b:f7ab:7ac7:59e0%en0', os.name: 'Mac OS X', os.arch: 'x86_64', os.version: '10.14', java.version: '1.8.0_181'
Driver info: org.openqa.selenium.chrome.ChromeDriver
Capabilities {acceptInsecureCerts: false, acceptSslCerts: false, applicationCacheEnabled: false, browserConnectionEnabled: false, browserName: chrome, chrome: {chromedriverVersion: 2.42.591059 (a3d9684d10d61a..., userDataDir: /var/folders/hn/f7wb9_d13yz...}, cssSelectorsEnabled: true, databaseEnabled: false, goog:chromeOptions: {debuggerAddress: localhost:54114}, handlesAlerts: true, hasTouchScreen: false, javascriptEnabled: true, locationContextEnabled: true, mobileEmulationEnabled: false, nativeEvents: true, networkConnectionEnabled: false, pageLoadStrategy: normal, platform: MAC, platformName: MAC, rotatable: false, setWindowRect: true, takesHeapSnapshot: true, takesScreenshot: true, unexpectedAlertBehaviour: , unhandledPromptBehavior: , version: 69.0.3497.100, webStorageEnabled: true}
Session ID: 01966dce56d1e7dc52eb4322dea99f1e
*** Element info: {Using=xpath, value=//span[@class = 'title-city-text']}
]]></system-out>
    <system-err><![CDATA[Starting ChromeDriver 2.42.591059 (a3d9684d10d61aa0c45f6723b327283be1ebaad8) on port 23885
Only local connections are allowed.
Oct 11, 2018 3:38:41 PM org.openqa.selenium.remote.ProtocolHandshake createSession
INFO: Detected dialect: OSS
Oct 11, 2018 3:38:53 PM com.relevantcodes.extentreports.ExtentReports loadConfig
WARNING: Unable to perform report configuration. The file /Users/junedalam/Documents/July2018WebAutomation/Expedia/report-config.xml was not found.
]]></system-err>
  </testcase>
  <testcase name="testRoundTripFlightWithExcelData" classname="Tests.HomePageTest" time="17.807">
    <failure message="no such element: Unable to locate element: {&quot;method&quot;:&quot;xpath&quot;,&quot;selector&quot;:&quot;//span[@class = &apos;title-city-text&apos;]&quot;}&#10;  (Session info: chrome=69.0.3497.100)&#10;  (Driver info: chromedriver=2.42.591059 (a3d9684d10d61aa0c45f6723b327283be1ebaad8),platform=Mac OS X 10.14.0 x86_64) (WARNING: The server did not provide any stacktrace information)&#10;Command duration or timeout: 0 milliseconds&#10;For documentation on this error, please visit: http://seleniumhq.org/exceptions/no_such_element.html&#10;Build info: version: &apos;3.14.0&apos;, revision: &apos;aacccce0&apos;, time: &apos;2018-08-02T20:19:58.91Z&apos;&#10;System info: host: &apos;juneds-MacBook-Pro.local&apos;, ip: &apos;fe80:0:0:0:7b:f7ab:7ac7:59e0%en0&apos;, os.name: &apos;Mac OS X&apos;, os.arch: &apos;x86_64&apos;, os.version: &apos;10.14&apos;, java.version: &apos;1.8.0_181&apos;&#10;Driver info: org.openqa.selenium.chrome.ChromeDriver&#10;Capabilities {acceptInsecureCerts: false, acceptSslCerts: false, applicationCacheEnabled: false, browserConnectionEnabled: false, browserName: chrome, chrome: {chromedriverVersion: 2.42.591059 (a3d9684d10d61a..., userDataDir: /var/folders/hn/f7wb9_d13yz...}, cssSelectorsEnabled: true, databaseEnabled: false, goog:chromeOptions: {debuggerAddress: localhost:54292}, handlesAlerts: true, hasTouchScreen: false, javascriptEnabled: true, locationContextEnabled: true, mobileEmulationEnabled: false, nativeEvents: true, networkConnectionEnabled: false, pageLoadStrategy: normal, platform: MAC, platformName: MAC, rotatable: false, setWindowRect: true, takesHeapSnapshot: true, takesScreenshot: true, unexpectedAlertBehaviour: , unhandledPromptBehavior: , version: 69.0.3497.100, webStorageEnabled: true}&#10;Session ID: 46db793a78dcc3472421e66802c3b44c&#10;*** Element info: {Using=xpath, value=//span[@class = &apos;title-city-text&apos;]}" type="org.openqa.selenium.NoSuchElementException">org.openqa.selenium.NoSuchElementException: 
no such element: Unable to locate element: {"method":"xpath","selector":"//span[@class = 'title-city-text']"}
  (Session info: chrome=69.0.3497.100)
  (Driver info: chromedriver=2.42.591059 (a3d9684d10d61aa0c45f6723b327283be1ebaad8),platform=Mac OS X 10.14.0 x86_64) (WARNING: The server did not provide any stacktrace information)
Command duration or timeout: 0 milliseconds
For documentation on this error, please visit: http://seleniumhq.org/exceptions/no_such_element.html
Build info: version: '3.14.0', revision: 'aacccce0', time: '2018-08-02T20:19:58.91Z'
System info: host: 'juneds-MacBook-Pro.local', ip: 'fe80:0:0:0:7b:f7ab:7ac7:59e0%en0', os.name: 'Mac OS X', os.arch: 'x86_64', os.version: '10.14', java.version: '1.8.0_181'
Driver info: org.openqa.selenium.chrome.ChromeDriver
Capabilities {acceptInsecureCerts: false, acceptSslCerts: false, applicationCacheEnabled: false, browserConnectionEnabled: false, browserName: chrome, chrome: {chromedriverVersion: 2.42.591059 (a3d9684d10d61a..., userDataDir: /var/folders/hn/f7wb9_d13yz...}, cssSelectorsEnabled: true, databaseEnabled: false, goog:chromeOptions: {debuggerAddress: localhost:54292}, handlesAlerts: true, hasTouchScreen: false, javascriptEnabled: true, locationContextEnabled: true, mobileEmulationEnabled: false, nativeEvents: true, networkConnectionEnabled: false, pageLoadStrategy: normal, platform: MAC, platformName: MAC, rotatable: false, setWindowRect: true, takesHeapSnapshot: true, takesScreenshot: true, unexpectedAlertBehaviour: , unhandledPromptBehavior: , version: 69.0.3497.100, webStorageEnabled: true}
Session ID: 46db793a78dcc3472421e66802c3b44c
*** Element info: {Using=xpath, value=//span[@class = 'title-city-text']}
	at Tests.HomePageTest.testRoundTripFlightWithExcelData(HomePageTest.java:90)
</failure>
    <system-out><![CDATA[Before navigating to: 'https://www.expedia.com/'
Navigated to:'https://www.expedia.com/'
Trying to find Element By : By.cssSelector: #tab-flight-tab-hp
Found Element By : By.cssSelector: #tab-flight-tab-hp
Trying to click on: [[ChromeDriver: chrome on MAC (46db793a78dcc3472421e66802c3b44c)] -> css selector: #tab-flight-tab-hp]
Clicked on: [[ChromeDriver: chrome on MAC (46db793a78dcc3472421e66802c3b44c)] -> css selector: #tab-flight-tab-hp]
Trying to find Element By : By.cssSelector: #flight-type-roundtrip-label-hp-flight
Found Element By : By.cssSelector: #flight-type-roundtrip-label-hp-flight
Trying to click on: [[ChromeDriver: chrome on MAC (46db793a78dcc3472421e66802c3b44c)] -> css selector: #flight-type-roundtrip-label-hp-flight]
Clicked on: [[ChromeDriver: chrome on MAC (46db793a78dcc3472421e66802c3b44c)] -> css selector: #flight-type-roundtrip-label-hp-flight]
Trying to find Element By : By.cssSelector: #flight-origin-hp-flight
Found Element By : By.cssSelector: #flight-origin-hp-flight
Trying to find Element By : By.cssSelector: #flight-destination-hp-flight
Found Element By : By.cssSelector: #flight-destination-hp-flight
Trying to find Element By : By.cssSelector: #flight-departing-hp-flight
Found Element By : By.cssSelector: #flight-departing-hp-flight
Trying to find Element By : By.cssSelector: #flight-returning-hp-flight
Found Element By : By.cssSelector: #flight-returning-hp-flight
Trying to find Element By : By.xpath: //form[@id='gcw-flights-form-hp-flight']//button[@type='submit']
Found Element By : By.xpath: //form[@id='gcw-flights-form-hp-flight']//button[@type='submit']
Trying to click on: [[ChromeDriver: chrome on MAC (46db793a78dcc3472421e66802c3b44c)] -> xpath: //form[@id='gcw-flights-form-hp-flight']//button[@type='submit']]
Clicked on: [[ChromeDriver: chrome on MAC (46db793a78dcc3472421e66802c3b44c)] -> xpath: //form[@id='gcw-flights-form-hp-flight']//button[@type='submit']]
Trying to find Element By : By.xpath: //span[@class = 'title-city-text']
Exception occured: org.openqa.selenium.NoSuchElementException: no such element: Unable to locate element: {"method":"xpath","selector":"//span[@class = 'title-city-text']"}
  (Session info: chrome=69.0.3497.100)
  (Driver info: chromedriver=2.42.591059 (a3d9684d10d61aa0c45f6723b327283be1ebaad8),platform=Mac OS X 10.14.0 x86_64) (WARNING: The server did not provide any stacktrace information)
Command duration or timeout: 0 milliseconds
For documentation on this error, please visit: http://seleniumhq.org/exceptions/no_such_element.html
Build info: version: '3.14.0', revision: 'aacccce0', time: '2018-08-02T20:19:58.91Z'
System info: host: 'juneds-MacBook-Pro.local', ip: 'fe80:0:0:0:7b:f7ab:7ac7:59e0%en0', os.name: 'Mac OS X', os.arch: 'x86_64', os.version: '10.14', java.version: '1.8.0_181'
Driver info: org.openqa.selenium.chrome.ChromeDriver
Capabilities {acceptInsecureCerts: false, acceptSslCerts: false, applicationCacheEnabled: false, browserConnectionEnabled: false, browserName: chrome, chrome: {chromedriverVersion: 2.42.591059 (a3d9684d10d61a..., userDataDir: /var/folders/hn/f7wb9_d13yz...}, cssSelectorsEnabled: true, databaseEnabled: false, goog:chromeOptions: {debuggerAddress: localhost:54292}, handlesAlerts: true, hasTouchScreen: false, javascriptEnabled: true, locationContextEnabled: true, mobileEmulationEnabled: false, nativeEvents: true, networkConnectionEnabled: false, pageLoadStrategy: normal, platform: MAC, platformName: MAC, rotatable: false, setWindowRect: true, takesHeapSnapshot: true, takesScreenshot: true, unexpectedAlertBehaviour: , unhandledPromptBehavior: , version: 69.0.3497.100, webStorageEnabled: true}
Session ID: 46db793a78dcc3472421e66802c3b44c
*** Element info: {Using=xpath, value=//span[@class = 'title-city-text']}
]]></system-out>
    <system-err><![CDATA[Starting ChromeDriver 2.42.591059 (a3d9684d10d61aa0c45f6723b327283be1ebaad8) on port 15561
Only local connections are allowed.
Oct 11, 2018 3:39:22 PM org.openqa.selenium.remote.ProtocolHandshake createSession
INFO: Detected dialect: OSS
Oct 11, 2018 3:39:30 PM com.relevantcodes.extentreports.ExtentReports loadConfig
WARNING: Unable to perform report configuration. The file /Users/junedalam/Documents/July2018WebAutomation/Expedia/report-config.xml was not found.
]]></system-err>
  </testcase>
  <testcase name="testRoundTripFlightWithExcelData" classname="Tests.HomePageTest" time="17.523">
    <failure message="no such element: Unable to locate element: {&quot;method&quot;:&quot;xpath&quot;,&quot;selector&quot;:&quot;//span[@class = &apos;title-city-text&apos;]&quot;}&#10;  (Session info: chrome=69.0.3497.100)&#10;  (Driver info: chromedriver=2.42.591059 (a3d9684d10d61aa0c45f6723b327283be1ebaad8),platform=Mac OS X 10.14.0 x86_64) (WARNING: The server did not provide any stacktrace information)&#10;Command duration or timeout: 0 milliseconds&#10;For documentation on this error, please visit: http://seleniumhq.org/exceptions/no_such_element.html&#10;Build info: version: &apos;3.14.0&apos;, revision: &apos;aacccce0&apos;, time: &apos;2018-08-02T20:19:58.91Z&apos;&#10;System info: host: &apos;juneds-MacBook-Pro.local&apos;, ip: &apos;fe80:0:0:0:7b:f7ab:7ac7:59e0%en0&apos;, os.name: &apos;Mac OS X&apos;, os.arch: &apos;x86_64&apos;, os.version: &apos;10.14&apos;, java.version: &apos;1.8.0_181&apos;&#10;Driver info: org.openqa.selenium.chrome.ChromeDriver&#10;Capabilities {acceptInsecureCerts: false, acceptSslCerts: false, applicationCacheEnabled: false, browserConnectionEnabled: false, browserName: chrome, chrome: {chromedriverVersion: 2.42.591059 (a3d9684d10d61a..., userDataDir: /var/folders/hn/f7wb9_d13yz...}, cssSelectorsEnabled: true, databaseEnabled: false, goog:chromeOptions: {debuggerAddress: localhost:54455}, handlesAlerts: true, hasTouchScreen: false, javascriptEnabled: true, locationContextEnabled: true, mobileEmulationEnabled: false, nativeEvents: true, networkConnectionEnabled: false, pageLoadStrategy: normal, platform: MAC, platformName: MAC, rotatable: false, setWindowRect: true, takesHeapSnapshot: true, takesScreenshot: true, unexpectedAlertBehaviour: , unhandledPromptBehavior: , version: 69.0.3497.100, webStorageEnabled: true}&#10;Session ID: fe45e28c3bc7a35034f8b7ddb3f1c81e&#10;*** Element info: {Using=xpath, value=//span[@class = &apos;title-city-text&apos;]}" type="org.openqa.selenium.NoSuchElementException">org.openqa.selenium.NoSuchElementException: 
no such element: Unable to locate element: {"method":"xpath","selector":"//span[@class = 'title-city-text']"}
  (Session info: chrome=69.0.3497.100)
  (Driver info: chromedriver=2.42.591059 (a3d9684d10d61aa0c45f6723b327283be1ebaad8),platform=Mac OS X 10.14.0 x86_64) (WARNING: The server did not provide any stacktrace information)
Command duration or timeout: 0 milliseconds
For documentation on this error, please visit: http://seleniumhq.org/exceptions/no_such_element.html
Build info: version: '3.14.0', revision: 'aacccce0', time: '2018-08-02T20:19:58.91Z'
System info: host: 'juneds-MacBook-Pro.local', ip: 'fe80:0:0:0:7b:f7ab:7ac7:59e0%en0', os.name: 'Mac OS X', os.arch: 'x86_64', os.version: '10.14', java.version: '1.8.0_181'
Driver info: org.openqa.selenium.chrome.ChromeDriver
Capabilities {acceptInsecureCerts: false, acceptSslCerts: false, applicationCacheEnabled: false, browserConnectionEnabled: false, browserName: chrome, chrome: {chromedriverVersion: 2.42.591059 (a3d9684d10d61a..., userDataDir: /var/folders/hn/f7wb9_d13yz...}, cssSelectorsEnabled: true, databaseEnabled: false, goog:chromeOptions: {debuggerAddress: localhost:54455}, handlesAlerts: true, hasTouchScreen: false, javascriptEnabled: true, locationContextEnabled: true, mobileEmulationEnabled: false, nativeEvents: true, networkConnectionEnabled: false, pageLoadStrategy: normal, platform: MAC, platformName: MAC, rotatable: false, setWindowRect: true, takesHeapSnapshot: true, takesScreenshot: true, unexpectedAlertBehaviour: , unhandledPromptBehavior: , version: 69.0.3497.100, webStorageEnabled: true}
Session ID: fe45e28c3bc7a35034f8b7ddb3f1c81e
*** Element info: {Using=xpath, value=//span[@class = 'title-city-text']}
	at Tests.HomePageTest.testRoundTripFlightWithExcelData(HomePageTest.java:90)
</failure>
    <system-out><![CDATA[Before navigating to: 'https://www.expedia.com/'
Navigated to:'https://www.expedia.com/'
Trying to find Element By : By.cssSelector: #tab-flight-tab-hp
Found Element By : By.cssSelector: #tab-flight-tab-hp
Trying to click on: [[ChromeDriver: chrome on MAC (fe45e28c3bc7a35034f8b7ddb3f1c81e)] -> css selector: #tab-flight-tab-hp]
Clicked on: [[ChromeDriver: chrome on MAC (fe45e28c3bc7a35034f8b7ddb3f1c81e)] -> css selector: #tab-flight-tab-hp]
Trying to find Element By : By.cssSelector: #flight-type-roundtrip-label-hp-flight
Found Element By : By.cssSelector: #flight-type-roundtrip-label-hp-flight
Trying to click on: [[ChromeDriver: chrome on MAC (fe45e28c3bc7a35034f8b7ddb3f1c81e)] -> css selector: #flight-type-roundtrip-label-hp-flight]
Clicked on: [[ChromeDriver: chrome on MAC (fe45e28c3bc7a35034f8b7ddb3f1c81e)] -> css selector: #flight-type-roundtrip-label-hp-flight]
Trying to find Element By : By.cssSelector: #flight-origin-hp-flight
Found Element By : By.cssSelector: #flight-origin-hp-flight
Trying to find Element By : By.cssSelector: #flight-destination-hp-flight
Found Element By : By.cssSelector: #flight-destination-hp-flight
Trying to find Element By : By.cssSelector: #flight-departing-hp-flight
Found Element By : By.cssSelector: #flight-departing-hp-flight
Trying to find Element By : By.cssSelector: #flight-returning-hp-flight
Found Element By : By.cssSelector: #flight-returning-hp-flight
Trying to find Element By : By.xpath: //form[@id='gcw-flights-form-hp-flight']//button[@type='submit']
Found Element By : By.xpath: //form[@id='gcw-flights-form-hp-flight']//button[@type='submit']
Trying to click on: [[ChromeDriver: chrome on MAC (fe45e28c3bc7a35034f8b7ddb3f1c81e)] -> xpath: //form[@id='gcw-flights-form-hp-flight']//button[@type='submit']]
Clicked on: [[ChromeDriver: chrome on MAC (fe45e28c3bc7a35034f8b7ddb3f1c81e)] -> xpath: //form[@id='gcw-flights-form-hp-flight']//button[@type='submit']]
Trying to find Element By : By.xpath: //span[@class = 'title-city-text']
Exception occured: org.openqa.selenium.NoSuchElementException: no such element: Unable to locate element: {"method":"xpath","selector":"//span[@class = 'title-city-text']"}
  (Session info: chrome=69.0.3497.100)
  (Driver info: chromedriver=2.42.591059 (a3d9684d10d61aa0c45f6723b327283be1ebaad8),platform=Mac OS X 10.14.0 x86_64) (WARNING: The server did not provide any stacktrace information)
Command duration or timeout: 0 milliseconds
For documentation on this error, please visit: http://seleniumhq.org/exceptions/no_such_element.html
Build info: version: '3.14.0', revision: 'aacccce0', time: '2018-08-02T20:19:58.91Z'
System info: host: 'juneds-MacBook-Pro.local', ip: 'fe80:0:0:0:7b:f7ab:7ac7:59e0%en0', os.name: 'Mac OS X', os.arch: 'x86_64', os.version: '10.14', java.version: '1.8.0_181'
Driver info: org.openqa.selenium.chrome.ChromeDriver
Capabilities {acceptInsecureCerts: false, acceptSslCerts: false, applicationCacheEnabled: false, browserConnectionEnabled: false, browserName: chrome, chrome: {chromedriverVersion: 2.42.591059 (a3d9684d10d61a..., userDataDir: /var/folders/hn/f7wb9_d13yz...}, cssSelectorsEnabled: true, databaseEnabled: false, goog:chromeOptions: {debuggerAddress: localhost:54455}, handlesAlerts: true, hasTouchScreen: false, javascriptEnabled: true, locationContextEnabled: true, mobileEmulationEnabled: false, nativeEvents: true, networkConnectionEnabled: false, pageLoadStrategy: normal, platform: MAC, platformName: MAC, rotatable: false, setWindowRect: true, takesHeapSnapshot: true, takesScreenshot: true, unexpectedAlertBehaviour: , unhandledPromptBehavior: , version: 69.0.3497.100, webStorageEnabled: true}
Session ID: fe45e28c3bc7a35034f8b7ddb3f1c81e
*** Element info: {Using=xpath, value=//span[@class = 'title-city-text']}
]]></system-out>
    <system-err><![CDATA[Starting ChromeDriver 2.42.591059 (a3d9684d10d61aa0c45f6723b327283be1ebaad8) on port 26577
Only local connections are allowed.
Oct 11, 2018 3:39:59 PM org.openqa.selenium.remote.ProtocolHandshake createSession
INFO: Detected dialect: OSS
Oct 11, 2018 3:40:07 PM com.relevantcodes.extentreports.ExtentReports loadConfig
WARNING: Unable to perform report configuration. The file /Users/junedalam/Documents/July2018WebAutomation/Expedia/report-config.xml was not found.
]]></system-err>
  </testcase>
  <testcase name="testRoundTripFlightWithExcelData" classname="Tests.HomePageTest" time="18.881">
    <failure message="no such element: Unable to locate element: {&quot;method&quot;:&quot;xpath&quot;,&quot;selector&quot;:&quot;//span[@class = &apos;title-city-text&apos;]&quot;}&#10;  (Session info: chrome=69.0.3497.100)&#10;  (Driver info: chromedriver=2.42.591059 (a3d9684d10d61aa0c45f6723b327283be1ebaad8),platform=Mac OS X 10.14.0 x86_64) (WARNING: The server did not provide any stacktrace information)&#10;Command duration or timeout: 0 milliseconds&#10;For documentation on this error, please visit: http://seleniumhq.org/exceptions/no_such_element.html&#10;Build info: version: &apos;3.14.0&apos;, revision: &apos;aacccce0&apos;, time: &apos;2018-08-02T20:19:58.91Z&apos;&#10;System info: host: &apos;juneds-MacBook-Pro.local&apos;, ip: &apos;fe80:0:0:0:7b:f7ab:7ac7:59e0%en0&apos;, os.name: &apos;Mac OS X&apos;, os.arch: &apos;x86_64&apos;, os.version: &apos;10.14&apos;, java.version: &apos;1.8.0_181&apos;&#10;Driver info: org.openqa.selenium.chrome.ChromeDriver&#10;Capabilities {acceptInsecureCerts: false, acceptSslCerts: false, applicationCacheEnabled: false, browserConnectionEnabled: false, browserName: chrome, chrome: {chromedriverVersion: 2.42.591059 (a3d9684d10d61a..., userDataDir: /var/folders/hn/f7wb9_d13yz...}, cssSelectorsEnabled: true, databaseEnabled: false, goog:chromeOptions: {debuggerAddress: localhost:54612}, handlesAlerts: true, hasTouchScreen: false, javascriptEnabled: true, locationContextEnabled: true, mobileEmulationEnabled: false, nativeEvents: true, networkConnectionEnabled: false, pageLoadStrategy: normal, platform: MAC, platformName: MAC, rotatable: false, setWindowRect: true, takesHeapSnapshot: true, takesScreenshot: true, unexpectedAlertBehaviour: , unhandledPromptBehavior: , version: 69.0.3497.100, webStorageEnabled: true}&#10;Session ID: cecd7a9364b4d4990b07519d0ae97d54&#10;*** Element info: {Using=xpath, value=//span[@class = &apos;title-city-text&apos;]}" type="org.openqa.selenium.NoSuchElementException">org.openqa.selenium.NoSuchElementException: 
no such element: Unable to locate element: {"method":"xpath","selector":"//span[@class = 'title-city-text']"}
  (Session info: chrome=69.0.3497.100)
  (Driver info: chromedriver=2.42.591059 (a3d9684d10d61aa0c45f6723b327283be1ebaad8),platform=Mac OS X 10.14.0 x86_64) (WARNING: The server did not provide any stacktrace information)
Command duration or timeout: 0 milliseconds
For documentation on this error, please visit: http://seleniumhq.org/exceptions/no_such_element.html
Build info: version: '3.14.0', revision: 'aacccce0', time: '2018-08-02T20:19:58.91Z'
System info: host: 'juneds-MacBook-Pro.local', ip: 'fe80:0:0:0:7b:f7ab:7ac7:59e0%en0', os.name: 'Mac OS X', os.arch: 'x86_64', os.version: '10.14', java.version: '1.8.0_181'
Driver info: org.openqa.selenium.chrome.ChromeDriver
Capabilities {acceptInsecureCerts: false, acceptSslCerts: false, applicationCacheEnabled: false, browserConnectionEnabled: false, browserName: chrome, chrome: {chromedriverVersion: 2.42.591059 (a3d9684d10d61a..., userDataDir: /var/folders/hn/f7wb9_d13yz...}, cssSelectorsEnabled: true, databaseEnabled: false, goog:chromeOptions: {debuggerAddress: localhost:54612}, handlesAlerts: true, hasTouchScreen: false, javascriptEnabled: true, locationContextEnabled: true, mobileEmulationEnabled: false, nativeEvents: true, networkConnectionEnabled: false, pageLoadStrategy: normal, platform: MAC, platformName: MAC, rotatable: false, setWindowRect: true, takesHeapSnapshot: true, takesScreenshot: true, unexpectedAlertBehaviour: , unhandledPromptBehavior: , version: 69.0.3497.100, webStorageEnabled: true}
Session ID: cecd7a9364b4d4990b07519d0ae97d54
*** Element info: {Using=xpath, value=//span[@class = 'title-city-text']}
	at Tests.HomePageTest.testRoundTripFlightWithExcelData(HomePageTest.java:90)
</failure>
    <system-out><![CDATA[Before navigating to: 'https://www.expedia.com/'
Navigated to:'https://www.expedia.com/'
Trying to find Element By : By.cssSelector: #tab-flight-tab-hp
Found Element By : By.cssSelector: #tab-flight-tab-hp
Trying to click on: [[ChromeDriver: chrome on MAC (cecd7a9364b4d4990b07519d0ae97d54)] -> css selector: #tab-flight-tab-hp]
Clicked on: [[ChromeDriver: chrome on MAC (cecd7a9364b4d4990b07519d0ae97d54)] -> css selector: #tab-flight-tab-hp]
Trying to find Element By : By.cssSelector: #flight-type-roundtrip-label-hp-flight
Found Element By : By.cssSelector: #flight-type-roundtrip-label-hp-flight
Trying to click on: [[ChromeDriver: chrome on MAC (cecd7a9364b4d4990b07519d0ae97d54)] -> css selector: #flight-type-roundtrip-label-hp-flight]
Clicked on: [[ChromeDriver: chrome on MAC (cecd7a9364b4d4990b07519d0ae97d54)] -> css selector: #flight-type-roundtrip-label-hp-flight]
Trying to find Element By : By.cssSelector: #flight-origin-hp-flight
Found Element By : By.cssSelector: #flight-origin-hp-flight
Trying to find Element By : By.cssSelector: #flight-destination-hp-flight
Found Element By : By.cssSelector: #flight-destination-hp-flight
Trying to find Element By : By.cssSelector: #flight-departing-hp-flight
Found Element By : By.cssSelector: #flight-departing-hp-flight
Trying to find Element By : By.cssSelector: #flight-returning-hp-flight
Found Element By : By.cssSelector: #flight-returning-hp-flight
Trying to find Element By : By.xpath: //form[@id='gcw-flights-form-hp-flight']//button[@type='submit']
Found Element By : By.xpath: //form[@id='gcw-flights-form-hp-flight']//button[@type='submit']
Trying to click on: [[ChromeDriver: chrome on MAC (cecd7a9364b4d4990b07519d0ae97d54)] -> xpath: //form[@id='gcw-flights-form-hp-flight']//button[@type='submit']]
Clicked on: [[ChromeDriver: chrome on MAC (cecd7a9364b4d4990b07519d0ae97d54)] -> xpath: //form[@id='gcw-flights-form-hp-flight']//button[@type='submit']]
Trying to find Element By : By.xpath: //span[@class = 'title-city-text']
Exception occured: org.openqa.selenium.NoSuchElementException: no such element: Unable to locate element: {"method":"xpath","selector":"//span[@class = 'title-city-text']"}
  (Session info: chrome=69.0.3497.100)
  (Driver info: chromedriver=2.42.591059 (a3d9684d10d61aa0c45f6723b327283be1ebaad8),platform=Mac OS X 10.14.0 x86_64) (WARNING: The server did not provide any stacktrace information)
Command duration or timeout: 0 milliseconds
For documentation on this error, please visit: http://seleniumhq.org/exceptions/no_such_element.html
Build info: version: '3.14.0', revision: 'aacccce0', time: '2018-08-02T20:19:58.91Z'
System info: host: 'juneds-MacBook-Pro.local', ip: 'fe80:0:0:0:7b:f7ab:7ac7:59e0%en0', os.name: 'Mac OS X', os.arch: 'x86_64', os.version: '10.14', java.version: '1.8.0_181'
Driver info: org.openqa.selenium.chrome.ChromeDriver
Capabilities {acceptInsecureCerts: false, acceptSslCerts: false, applicationCacheEnabled: false, browserConnectionEnabled: false, browserName: chrome, chrome: {chromedriverVersion: 2.42.591059 (a3d9684d10d61a..., userDataDir: /var/folders/hn/f7wb9_d13yz...}, cssSelectorsEnabled: true, databaseEnabled: false, goog:chromeOptions: {debuggerAddress: localhost:54612}, handlesAlerts: true, hasTouchScreen: false, javascriptEnabled: true, locationContextEnabled: true, mobileEmulationEnabled: false, nativeEvents: true, networkConnectionEnabled: false, pageLoadStrategy: normal, platform: MAC, platformName: MAC, rotatable: false, setWindowRect: true, takesHeapSnapshot: true, takesScreenshot: true, unexpectedAlertBehaviour: , unhandledPromptBehavior: , version: 69.0.3497.100, webStorageEnabled: true}
Session ID: cecd7a9364b4d4990b07519d0ae97d54
*** Element info: {Using=xpath, value=//span[@class = 'title-city-text']}
]]></system-out>
    <system-err><![CDATA[Starting ChromeDriver 2.42.591059 (a3d9684d10d61aa0c45f6723b327283be1ebaad8) on port 23931
Only local connections are allowed.
Oct 11, 2018 3:40:36 PM org.openqa.selenium.remote.ProtocolHandshake createSession
INFO: Detected dialect: OSS
Oct 11, 2018 3:40:44 PM com.relevantcodes.extentreports.ExtentReports loadConfig
WARNING: Unable to perform report configuration. The file /Users/junedalam/Documents/July2018WebAutomation/Expedia/report-config.xml was not found.
]]></system-err>
  </testcase>
  <testcase name="testRoundTripFlightWithOneAdult" classname="Tests.HomePageTest" time="18.098">
    <failure message="no such element: Unable to locate element: {&quot;method&quot;:&quot;xpath&quot;,&quot;selector&quot;:&quot;//span[@class = &apos;title-city-text&apos;]&quot;}&#10;  (Session info: chrome=69.0.3497.100)&#10;  (Driver info: chromedriver=2.42.591059 (a3d9684d10d61aa0c45f6723b327283be1ebaad8),platform=Mac OS X 10.14.0 x86_64) (WARNING: The server did not provide any stacktrace information)&#10;Command duration or timeout: 0 milliseconds&#10;For documentation on this error, please visit: http://seleniumhq.org/exceptions/no_such_element.html&#10;Build info: version: &apos;3.14.0&apos;, revision: &apos;aacccce0&apos;, time: &apos;2018-08-02T20:19:58.91Z&apos;&#10;System info: host: &apos;juneds-MacBook-Pro.local&apos;, ip: &apos;fe80:0:0:0:7b:f7ab:7ac7:59e0%en0&apos;, os.name: &apos;Mac OS X&apos;, os.arch: &apos;x86_64&apos;, os.version: &apos;10.14&apos;, java.version: &apos;1.8.0_181&apos;&#10;Driver info: org.openqa.selenium.chrome.ChromeDriver&#10;Capabilities {acceptInsecureCerts: false, acceptSslCerts: false, applicationCacheEnabled: false, browserConnectionEnabled: false, browserName: chrome, chrome: {chromedriverVersion: 2.42.591059 (a3d9684d10d61a..., userDataDir: /var/folders/hn/f7wb9_d13yz...}, cssSelectorsEnabled: true, databaseEnabled: false, goog:chromeOptions: {debuggerAddress: localhost:54782}, handlesAlerts: true, hasTouchScreen: false, javascriptEnabled: true, locationContextEnabled: true, mobileEmulationEnabled: false, nativeEvents: true, networkConnectionEnabled: false, pageLoadStrategy: normal, platform: MAC, platformName: MAC, rotatable: false, setWindowRect: true, takesHeapSnapshot: true, takesScreenshot: true, unexpectedAlertBehaviour: , unhandledPromptBehavior: , version: 69.0.3497.100, webStorageEnabled: true}&#10;Session ID: 54350e514a1f1b0007000ad5afb711c5&#10;*** Element info: {Using=xpath, value=//span[@class = &apos;title-city-text&apos;]}" type="org.openqa.selenium.NoSuchElementException">org.openqa.selenium.NoSuchElementException: 
no such element: Unable to locate element: {"method":"xpath","selector":"//span[@class = 'title-city-text']"}
  (Session info: chrome=69.0.3497.100)
  (Driver info: chromedriver=2.42.591059 (a3d9684d10d61aa0c45f6723b327283be1ebaad8),platform=Mac OS X 10.14.0 x86_64) (WARNING: The server did not provide any stacktrace information)
Command duration or timeout: 0 milliseconds
For documentation on this error, please visit: http://seleniumhq.org/exceptions/no_such_element.html
Build info: version: '3.14.0', revision: 'aacccce0', time: '2018-08-02T20:19:58.91Z'
System info: host: 'juneds-MacBook-Pro.local', ip: 'fe80:0:0:0:7b:f7ab:7ac7:59e0%en0', os.name: 'Mac OS X', os.arch: 'x86_64', os.version: '10.14', java.version: '1.8.0_181'
Driver info: org.openqa.selenium.chrome.ChromeDriver
Capabilities {acceptInsecureCerts: false, acceptSslCerts: false, applicationCacheEnabled: false, browserConnectionEnabled: false, browserName: chrome, chrome: {chromedriverVersion: 2.42.591059 (a3d9684d10d61a..., userDataDir: /var/folders/hn/f7wb9_d13yz...}, cssSelectorsEnabled: true, databaseEnabled: false, goog:chromeOptions: {debuggerAddress: localhost:54782}, handlesAlerts: true, hasTouchScreen: false, javascriptEnabled: true, locationContextEnabled: true, mobileEmulationEnabled: false, nativeEvents: true, networkConnectionEnabled: false, pageLoadStrategy: normal, platform: MAC, platformName: MAC, rotatable: false, setWindowRect: true, takesHeapSnapshot: true, takesScreenshot: true, unexpectedAlertBehaviour: , unhandledPromptBehavior: , version: 69.0.3497.100, webStorageEnabled: true}
Session ID: 54350e514a1f1b0007000ad5afb711c5
*** Element info: {Using=xpath, value=//span[@class = 'title-city-text']}
	at Tests.HomePageTest.testRoundTripFlightWithOneAdult(HomePageTest.java:56)
</failure>
    <system-out><![CDATA[Before navigating to: 'https://www.expedia.com/'
Navigated to:'https://www.expedia.com/'
Trying to find Element By : By.cssSelector: #tab-flight-tab-hp
Found Element By : By.cssSelector: #tab-flight-tab-hp
Trying to click on: [[ChromeDriver: chrome on MAC (54350e514a1f1b0007000ad5afb711c5)] -> css selector: #tab-flight-tab-hp]
Clicked on: [[ChromeDriver: chrome on MAC (54350e514a1f1b0007000ad5afb711c5)] -> css selector: #tab-flight-tab-hp]
Trying to find Element By : By.cssSelector: #flight-type-roundtrip-label-hp-flight
Found Element By : By.cssSelector: #flight-type-roundtrip-label-hp-flight
Trying to click on: [[ChromeDriver: chrome on MAC (54350e514a1f1b0007000ad5afb711c5)] -> css selector: #flight-type-roundtrip-label-hp-flight]
Clicked on: [[ChromeDriver: chrome on MAC (54350e514a1f1b0007000ad5afb711c5)] -> css selector: #flight-type-roundtrip-label-hp-flight]
Trying to find Element By : By.cssSelector: #flight-origin-hp-flight
Found Element By : By.cssSelector: #flight-origin-hp-flight
Trying to find Element By : By.cssSelector: #flight-destination-hp-flight
Found Element By : By.cssSelector: #flight-destination-hp-flight
Trying to find Element By : By.cssSelector: #flight-departing-hp-flight
Found Element By : By.cssSelector: #flight-departing-hp-flight
Trying to find Element By : By.cssSelector: #flight-returning-hp-flight
Found Element By : By.cssSelector: #flight-returning-hp-flight
Trying to find Element By : By.xpath: //form[@id='gcw-flights-form-hp-flight']//button[@type='submit']
Found Element By : By.xpath: //form[@id='gcw-flights-form-hp-flight']//button[@type='submit']
Trying to click on: [[ChromeDriver: chrome on MAC (54350e514a1f1b0007000ad5afb711c5)] -> xpath: //form[@id='gcw-flights-form-hp-flight']//button[@type='submit']]
Clicked on: [[ChromeDriver: chrome on MAC (54350e514a1f1b0007000ad5afb711c5)] -> xpath: //form[@id='gcw-flights-form-hp-flight']//button[@type='submit']]
Trying to find Element By : By.xpath: //span[@class = 'title-city-text']
Exception occured: org.openqa.selenium.NoSuchElementException: no such element: Unable to locate element: {"method":"xpath","selector":"//span[@class = 'title-city-text']"}
  (Session info: chrome=69.0.3497.100)
  (Driver info: chromedriver=2.42.591059 (a3d9684d10d61aa0c45f6723b327283be1ebaad8),platform=Mac OS X 10.14.0 x86_64) (WARNING: The server did not provide any stacktrace information)
Command duration or timeout: 0 milliseconds
For documentation on this error, please visit: http://seleniumhq.org/exceptions/no_such_element.html
Build info: version: '3.14.0', revision: 'aacccce0', time: '2018-08-02T20:19:58.91Z'
System info: host: 'juneds-MacBook-Pro.local', ip: 'fe80:0:0:0:7b:f7ab:7ac7:59e0%en0', os.name: 'Mac OS X', os.arch: 'x86_64', os.version: '10.14', java.version: '1.8.0_181'
Driver info: org.openqa.selenium.chrome.ChromeDriver
Capabilities {acceptInsecureCerts: false, acceptSslCerts: false, applicationCacheEnabled: false, browserConnectionEnabled: false, browserName: chrome, chrome: {chromedriverVersion: 2.42.591059 (a3d9684d10d61a..., userDataDir: /var/folders/hn/f7wb9_d13yz...}, cssSelectorsEnabled: true, databaseEnabled: false, goog:chromeOptions: {debuggerAddress: localhost:54782}, handlesAlerts: true, hasTouchScreen: false, javascriptEnabled: true, locationContextEnabled: true, mobileEmulationEnabled: false, nativeEvents: true, networkConnectionEnabled: false, pageLoadStrategy: normal, platform: MAC, platformName: MAC, rotatable: false, setWindowRect: true, takesHeapSnapshot: true, takesScreenshot: true, unexpectedAlertBehaviour: , unhandledPromptBehavior: , version: 69.0.3497.100, webStorageEnabled: true}
Session ID: 54350e514a1f1b0007000ad5afb711c5
*** Element info: {Using=xpath, value=//span[@class = 'title-city-text']}
]]></system-out>
    <system-err><![CDATA[Starting ChromeDriver 2.42.591059 (a3d9684d10d61aa0c45f6723b327283be1ebaad8) on port 5776
Only local connections are allowed.
Oct 11, 2018 3:41:14 PM org.openqa.selenium.remote.ProtocolHandshake createSession
INFO: Detected dialect: OSS
Oct 11, 2018 3:41:23 PM com.relevantcodes.extentreports.ExtentReports loadConfig
WARNING: Unable to perform report configuration. The file /Users/junedalam/Documents/July2018WebAutomation/Expedia/report-config.xml was not found.
]]></system-err>
  </testcase>
  <testcase name="vacationPakagesCountTest" classname="Tests.HomePageTest" time="8.065">
    <failure message="expected [true] but found [false]" type="java.lang.AssertionError">java.lang.AssertionError: expected [true] but found [false]
	at Tests.HomePageTest.vacationPakagesCountTest(HomePageTest.java:75)
</failure>
    <system-out><![CDATA[Before navigating to: 'https://www.expedia.com/'
Navigated to:'https://www.expedia.com/'
Trying to find Element By : By.xpath: //div[@id='popular-vacation-destinations']//ul[@class='cf']//a
Found Element By : By.xpath: //div[@id='popular-vacation-destinations']//ul[@class='cf']//a
]]></system-out>
    <system-err><![CDATA[Starting ChromeDriver 2.42.591059 (a3d9684d10d61aa0c45f6723b327283be1ebaad8) on port 36515
Only local connections are allowed.
Oct 11, 2018 3:41:52 PM org.openqa.selenium.remote.ProtocolHandshake createSession
INFO: Detected dialect: OSS
Oct 11, 2018 3:42:02 PM com.relevantcodes.extentreports.ExtentReports loadConfig
WARNING: Unable to perform report configuration. The file /Users/junedalam/Documents/July2018WebAutomation/Expedia/report-config.xml was not found.
]]></system-err>
  </testcase>
  <testcase name="validateHeroBannerImgUrl" classname="Tests.HomePageTest" time="0.067"/>
  <testcase name="verifyPageTitleWithKeyWord" classname="Tests.HomePageTest" time="6.588">
    <failure message="expected [true] but found [false]" type="java.lang.AssertionError">java.lang.AssertionError: expected [true] but found [false]
	at Tests.HomePageTest.verifyPageTitleWithKeyWord(HomePageTest.java:120)
</failure>
    <system-out><![CDATA[Before navigating to: 'https://www.expedia.com/'
Navigated to:'https://www.expedia.com/'
Trying to find Element By : By.cssSelector: #tab-vacation-rental-tab-hp
Found Element By : By.cssSelector: #tab-vacation-rental-tab-hp
Trying to click on: [[ChromeDriver: chrome on MAC (f7c416bd4c4d034d991c4da6a0cd4b5a)] -> css selector: #tab-vacation-rental-tab-hp]
Clicked on: [[ChromeDriver: chrome on MAC (f7c416bd4c4d034d991c4da6a0cd4b5a)] -> css selector: #tab-vacation-rental-tab-hp]
Trying to find Element By : By.cssSelector: #hotel-destination-hp-vacationRental
Found Element By : By.cssSelector: #hotel-destination-hp-vacationRental
Trying to find Element By : By.cssSelector: #hotel-checkin-hp-vacationRental
Found Element By : By.cssSelector: #hotel-checkin-hp-vacationRental
Trying to find Element By : By.cssSelector: #hotel-checkout-hp-vacationRental
Found Element By : By.cssSelector: #hotel-checkout-hp-vacationRental
Trying to find Element By : By.xpath: //div[@class='cols-nested']//button[@type='submit']
Found Element By : By.xpath: //div[@class='cols-nested']//button[@type='submit']
Trying to click on: [[ChromeDriver: chrome on MAC (f7c416bd4c4d034d991c4da6a0cd4b5a)] -> xpath: //div[@class='cols-nested']//button[@type='submit']]
Clicked on: [[ChromeDriver: chrome on MAC (f7c416bd4c4d034d991c4da6a0cd4b5a)] -> xpath: //div[@class='cols-nested']//button[@type='submit']]
]]></system-out>
    <system-err><![CDATA[Starting ChromeDriver 2.42.591059 (a3d9684d10d61aa0c45f6723b327283be1ebaad8) on port 41870
Only local connections are allowed.
Oct 11, 2018 3:42:36 PM org.openqa.selenium.remote.ProtocolHandshake createSession
INFO: Detected dialect: OSS
Oct 11, 2018 3:42:43 PM com.relevantcodes.extentreports.ExtentReports loadConfig
WARNING: Unable to perform report configuration. The file /Users/junedalam/Documents/July2018WebAutomation/Expedia/report-config.xml was not found.
]]></system-err>
  </testcase>
  <testcase name="alidateUrl" classname="Tests.LoginPageTest" time="0.008">
    <failure message="expected [https://www.expedia.com/user/signin] but found [https://www.expedia.com/]" type="java.lang.AssertionError">java.lang.AssertionError: expected [https://www.expedia.com/user/signin] but found [https://www.expedia.com/]
	at Tests.LoginPageTest.alidateUrl(LoginPageTest.java:23)
</failure>
    <system-out><![CDATA[Before navigating to: 'https://www.expedia.com/'
Navigated to:'https://www.expedia.com/'
]]></system-out>
    <system-err><![CDATA[Starting ChromeDriver 2.42.591059 (a3d9684d10d61aa0c45f6723b327283be1ebaad8) on port 27978
Only local connections are allowed.
Oct 11, 2018 3:43:01 PM org.openqa.selenium.remote.ProtocolHandshake createSession
INFO: Detected dialect: OSS
]]></system-err>
  </testcase>
  <testcase name="testLoginForm" classname="Tests.LoginPageTest" time="10.056">
    <failure message="no such element: Unable to locate element: {&quot;method&quot;:&quot;css selector&quot;,&quot;selector&quot;:&quot;#signin-loginid&quot;}&#10;  (Session info: chrome=69.0.3497.100)&#10;  (Driver info: chromedriver=2.42.591059 (a3d9684d10d61aa0c45f6723b327283be1ebaad8),platform=Mac OS X 10.14.0 x86_64) (WARNING: The server did not provide any stacktrace information)&#10;Command duration or timeout: 0 milliseconds&#10;For documentation on this error, please visit: http://seleniumhq.org/exceptions/no_such_element.html&#10;Build info: version: &apos;3.14.0&apos;, revision: &apos;aacccce0&apos;, time: &apos;2018-08-02T20:19:58.91Z&apos;&#10;System info: host: &apos;juneds-MacBook-Pro.local&apos;, ip: &apos;fe80:0:0:0:7b:f7ab:7ac7:59e0%en0&apos;, os.name: &apos;Mac OS X&apos;, os.arch: &apos;x86_64&apos;, os.version: &apos;10.14&apos;, java.version: &apos;1.8.0_181&apos;&#10;Driver info: org.openqa.selenium.chrome.ChromeDriver&#10;Capabilities {acceptInsecureCerts: false, acceptSslCerts: false, applicationCacheEnabled: false, browserConnectionEnabled: false, browserName: chrome, chrome: {chromedriverVersion: 2.42.591059 (a3d9684d10d61a..., userDataDir: /var/folders/hn/f7wb9_d13yz...}, cssSelectorsEnabled: true, databaseEnabled: false, goog:chromeOptions: {debuggerAddress: localhost:55575}, handlesAlerts: true, hasTouchScreen: false, javascriptEnabled: true, locationContextEnabled: true, mobileEmulationEnabled: false, nativeEvents: true, networkConnectionEnabled: false, pageLoadStrategy: normal, platform: MAC, platformName: MAC, rotatable: false, setWindowRect: true, takesHeapSnapshot: true, takesScreenshot: true, unexpectedAlertBehaviour: , unhandledPromptBehavior: , version: 69.0.3497.100, webStorageEnabled: true}&#10;Session ID: 7c679c4949172d0251848934f00cd07f&#10;*** Element info: {Using=css selector, value=#signin-loginid}" type="org.openqa.selenium.NoSuchElementException">org.openqa.selenium.NoSuchElementException: 
no such element: Unable to locate element: {"method":"css selector","selector":"#signin-loginid"}
  (Session info: chrome=69.0.3497.100)
  (Driver info: chromedriver=2.42.591059 (a3d9684d10d61aa0c45f6723b327283be1ebaad8),platform=Mac OS X 10.14.0 x86_64) (WARNING: The server did not provide any stacktrace information)
Command duration or timeout: 0 milliseconds
For documentation on this error, please visit: http://seleniumhq.org/exceptions/no_such_element.html
Build info: version: '3.14.0', revision: 'aacccce0', time: '2018-08-02T20:19:58.91Z'
System info: host: 'juneds-MacBook-Pro.local', ip: 'fe80:0:0:0:7b:f7ab:7ac7:59e0%en0', os.name: 'Mac OS X', os.arch: 'x86_64', os.version: '10.14', java.version: '1.8.0_181'
Driver info: org.openqa.selenium.chrome.ChromeDriver
Capabilities {acceptInsecureCerts: false, acceptSslCerts: false, applicationCacheEnabled: false, browserConnectionEnabled: false, browserName: chrome, chrome: {chromedriverVersion: 2.42.591059 (a3d9684d10d61a..., userDataDir: /var/folders/hn/f7wb9_d13yz...}, cssSelectorsEnabled: true, databaseEnabled: false, goog:chromeOptions: {debuggerAddress: localhost:55575}, handlesAlerts: true, hasTouchScreen: false, javascriptEnabled: true, locationContextEnabled: true, mobileEmulationEnabled: false, nativeEvents: true, networkConnectionEnabled: false, pageLoadStrategy: normal, platform: MAC, platformName: MAC, rotatable: false, setWindowRect: true, takesHeapSnapshot: true, takesScreenshot: true, unexpectedAlertBehaviour: , unhandledPromptBehavior: , version: 69.0.3497.100, webStorageEnabled: true}
Session ID: 7c679c4949172d0251848934f00cd07f
*** Element info: {Using=css selector, value=#signin-loginid}
	at Tests.LoginPageTest.testLoginForm(LoginPageTest.java:40)
</failure>
    <system-out><![CDATA[Before navigating to: 'https://www.expedia.com/'
Navigated to:'https://www.expedia.com/'
Trying to find Element By : By.cssSelector: #signin-loginid
Exception occured: org.openqa.selenium.NoSuchElementException: no such element: Unable to locate element: {"method":"css selector","selector":"#signin-loginid"}
  (Session info: chrome=69.0.3497.100)
  (Driver info: chromedriver=2.42.591059 (a3d9684d10d61aa0c45f6723b327283be1ebaad8),platform=Mac OS X 10.14.0 x86_64) (WARNING: The server did not provide any stacktrace information)
Command duration or timeout: 0 milliseconds
For documentation on this error, please visit: http://seleniumhq.org/exceptions/no_such_element.html
Build info: version: '3.14.0', revision: 'aacccce0', time: '2018-08-02T20:19:58.91Z'
System info: host: 'juneds-MacBook-Pro.local', ip: 'fe80:0:0:0:7b:f7ab:7ac7:59e0%en0', os.name: 'Mac OS X', os.arch: 'x86_64', os.version: '10.14', java.version: '1.8.0_181'
Driver info: org.openqa.selenium.chrome.ChromeDriver
Capabilities {acceptInsecureCerts: false, acceptSslCerts: false, applicationCacheEnabled: false, browserConnectionEnabled: false, browserName: chrome, chrome: {chromedriverVersion: 2.42.591059 (a3d9684d10d61a..., userDataDir: /var/folders/hn/f7wb9_d13yz...}, cssSelectorsEnabled: true, databaseEnabled: false, goog:chromeOptions: {debuggerAddress: localhost:55575}, handlesAlerts: true, hasTouchScreen: false, javascriptEnabled: true, locationContextEnabled: true, mobileEmulationEnabled: false, nativeEvents: true, networkConnectionEnabled: false, pageLoadStrategy: normal, platform: MAC, platformName: MAC, rotatable: false, setWindowRect: true, takesHeapSnapshot: true, takesScreenshot: true, unexpectedAlertBehaviour: , unhandledPromptBehavior: , version: 69.0.3497.100, webStorageEnabled: true}
Session ID: 7c679c4949172d0251848934f00cd07f
*** Element info: {Using=css selector, value=#signin-loginid}
]]></system-out>
    <system-err><![CDATA[Starting ChromeDriver 2.42.591059 (a3d9684d10d61aa0c45f6723b327283be1ebaad8) on port 42198
Only local connections are allowed.
Oct 11, 2018 3:43:16 PM org.openqa.selenium.remote.ProtocolHandshake createSession
INFO: Detected dialect: OSS
]]></system-err>
  </testcase>
  <testcase name="addPropertyTest" classname="Tests.CustomerServicePageTest" time="3.553"/>
  <testcase name="pageUrlTest" classname="Tests.CustomerServicePageTest" time="0.013">
    <failure message="expected [https://www.expedia.com/service/] but found [https://www.expedia.com/]" type="java.lang.AssertionError">java.lang.AssertionError: expected [https://www.expedia.com/service/] but found [https://www.expedia.com/]
	at Tests.CustomerServicePageTest.pageUrlTest(CustomerServicePageTest.java:37)
</failure>
    <system-out><![CDATA[Before navigating to: 'https://www.expedia.com/'
Navigated to:'https://www.expedia.com/'
]]></system-out>
    <system-err><![CDATA[Starting ChromeDriver 2.42.591059 (a3d9684d10d61aa0c45f6723b327283be1ebaad8) on port 2817
Only local connections are allowed.
Oct 11, 2018 3:44:05 PM org.openqa.selenium.remote.ProtocolHandshake createSession
INFO: Detected dialect: OSS
]]></system-err>
  </testcase>
  <testcase name="searchResultsCount" classname="Tests.CustomerServicePageTest" time="10.158">
    <failure message="no such element: Unable to locate element: {&quot;method&quot;:&quot;css selector&quot;,&quot;selector&quot;:&quot;#search-term&quot;}&#10;  (Session info: chrome=69.0.3497.100)&#10;  (Driver info: chromedriver=2.42.591059 (a3d9684d10d61aa0c45f6723b327283be1ebaad8),platform=Mac OS X 10.14.0 x86_64) (WARNING: The server did not provide any stacktrace information)&#10;Command duration or timeout: 0 milliseconds&#10;For documentation on this error, please visit: http://seleniumhq.org/exceptions/no_such_element.html&#10;Build info: version: &apos;3.14.0&apos;, revision: &apos;aacccce0&apos;, time: &apos;2018-08-02T20:19:58.91Z&apos;&#10;System info: host: &apos;juneds-MacBook-Pro.local&apos;, ip: &apos;fe80:0:0:0:7b:f7ab:7ac7:59e0%en0&apos;, os.name: &apos;Mac OS X&apos;, os.arch: &apos;x86_64&apos;, os.version: &apos;10.14&apos;, java.version: &apos;1.8.0_181&apos;&#10;Driver info: org.openqa.selenium.chrome.ChromeDriver&#10;Capabilities {acceptInsecureCerts: false, acceptSslCerts: false, applicationCacheEnabled: false, browserConnectionEnabled: false, browserName: chrome, chrome: {chromedriverVersion: 2.42.591059 (a3d9684d10d61a..., userDataDir: /var/folders/hn/f7wb9_d13yz...}, cssSelectorsEnabled: true, databaseEnabled: false, goog:chromeOptions: {debuggerAddress: localhost:56006}, handlesAlerts: true, hasTouchScreen: false, javascriptEnabled: true, locationContextEnabled: true, mobileEmulationEnabled: false, nativeEvents: true, networkConnectionEnabled: false, pageLoadStrategy: normal, platform: MAC, platformName: MAC, rotatable: false, setWindowRect: true, takesHeapSnapshot: true, takesScreenshot: true, unexpectedAlertBehaviour: , unhandledPromptBehavior: , version: 69.0.3497.100, webStorageEnabled: true}&#10;Session ID: e2086d7a59decd00c4754806bb532982&#10;*** Element info: {Using=css selector, value=#search-term}" type="org.openqa.selenium.NoSuchElementException">org.openqa.selenium.NoSuchElementException: 
no such element: Unable to locate element: {"method":"css selector","selector":"#search-term"}
  (Session info: chrome=69.0.3497.100)
  (Driver info: chromedriver=2.42.591059 (a3d9684d10d61aa0c45f6723b327283be1ebaad8),platform=Mac OS X 10.14.0 x86_64) (WARNING: The server did not provide any stacktrace information)
Command duration or timeout: 0 milliseconds
For documentation on this error, please visit: http://seleniumhq.org/exceptions/no_such_element.html
Build info: version: '3.14.0', revision: 'aacccce0', time: '2018-08-02T20:19:58.91Z'
System info: host: 'juneds-MacBook-Pro.local', ip: 'fe80:0:0:0:7b:f7ab:7ac7:59e0%en0', os.name: 'Mac OS X', os.arch: 'x86_64', os.version: '10.14', java.version: '1.8.0_181'
Driver info: org.openqa.selenium.chrome.ChromeDriver
Capabilities {acceptInsecureCerts: false, acceptSslCerts: false, applicationCacheEnabled: false, browserConnectionEnabled: false, browserName: chrome, chrome: {chromedriverVersion: 2.42.591059 (a3d9684d10d61a..., userDataDir: /var/folders/hn/f7wb9_d13yz...}, cssSelectorsEnabled: true, databaseEnabled: false, goog:chromeOptions: {debuggerAddress: localhost:56006}, handlesAlerts: true, hasTouchScreen: false, javascriptEnabled: true, locationContextEnabled: true, mobileEmulationEnabled: false, nativeEvents: true, networkConnectionEnabled: false, pageLoadStrategy: normal, platform: MAC, platformName: MAC, rotatable: false, setWindowRect: true, takesHeapSnapshot: true, takesScreenshot: true, unexpectedAlertBehaviour: , unhandledPromptBehavior: , version: 69.0.3497.100, webStorageEnabled: true}
Session ID: e2086d7a59decd00c4754806bb532982
*** Element info: {Using=css selector, value=#search-term}
	at Tests.CustomerServicePageTest.searchResultsCount(CustomerServicePageTest.java:33)
</failure>
    <system-out><![CDATA[Before navigating to: 'https://www.expedia.com/'
Navigated to:'https://www.expedia.com/'
Trying to find Element By : By.cssSelector: #search-term
Exception occured: org.openqa.selenium.NoSuchElementException: no such element: Unable to locate element: {"method":"css selector","selector":"#search-term"}
  (Session info: chrome=69.0.3497.100)
  (Driver info: chromedriver=2.42.591059 (a3d9684d10d61aa0c45f6723b327283be1ebaad8),platform=Mac OS X 10.14.0 x86_64) (WARNING: The server did not provide any stacktrace information)
Command duration or timeout: 0 milliseconds
For documentation on this error, please visit: http://seleniumhq.org/exceptions/no_such_element.html
Build info: version: '3.14.0', revision: 'aacccce0', time: '2018-08-02T20:19:58.91Z'
System info: host: 'juneds-MacBook-Pro.local', ip: 'fe80:0:0:0:7b:f7ab:7ac7:59e0%en0', os.name: 'Mac OS X', os.arch: 'x86_64', os.version: '10.14', java.version: '1.8.0_181'
Driver info: org.openqa.selenium.chrome.ChromeDriver
Capabilities {acceptInsecureCerts: false, acceptSslCerts: false, applicationCacheEnabled: false, browserConnectionEnabled: false, browserName: chrome, chrome: {chromedriverVersion: 2.42.591059 (a3d9684d10d61a..., userDataDir: /var/folders/hn/f7wb9_d13yz...}, cssSelectorsEnabled: true, databaseEnabled: false, goog:chromeOptions: {debuggerAddress: localhost:56006}, handlesAlerts: true, hasTouchScreen: false, javascriptEnabled: true, locationContextEnabled: true, mobileEmulationEnabled: false, nativeEvents: true, networkConnectionEnabled: false, pageLoadStrategy: normal, platform: MAC, platformName: MAC, rotatable: false, setWindowRect: true, takesHeapSnapshot: true, takesScreenshot: true, unexpectedAlertBehaviour: , unhandledPromptBehavior: , version: 69.0.3497.100, webStorageEnabled: true}
Session ID: e2086d7a59decd00c4754806bb532982
*** Element info: {Using=css selector, value=#search-term}
]]></system-out>
    <system-err><![CDATA[Starting ChromeDriver 2.42.591059 (a3d9684d10d61aa0c45f6723b327283be1ebaad8) on port 8658
Only local connections are allowed.
Oct 11, 2018 3:44:23 PM org.openqa.selenium.remote.ProtocolHandshake createSession
INFO: Detected dialect: OSS
]]></system-err>
  </testcase>
  <testcase name="validateLabelText" classname="Tests.CustomerServicePageTest" time="10.138">
    <failure message="no such element: Unable to locate element: {&quot;method&quot;:&quot;xpath&quot;,&quot;selector&quot;:&quot;//h3[@class=&apos;aside-prompt&apos;]&quot;}&#10;  (Session info: chrome=69.0.3497.100)&#10;  (Driver info: chromedriver=2.42.591059 (a3d9684d10d61aa0c45f6723b327283be1ebaad8),platform=Mac OS X 10.14.0 x86_64) (WARNING: The server did not provide any stacktrace information)&#10;Command duration or timeout: 0 milliseconds&#10;For documentation on this error, please visit: http://seleniumhq.org/exceptions/no_such_element.html&#10;Build info: version: &apos;3.14.0&apos;, revision: &apos;aacccce0&apos;, time: &apos;2018-08-02T20:19:58.91Z&apos;&#10;System info: host: &apos;juneds-MacBook-Pro.local&apos;, ip: &apos;fe80:0:0:0:7b:f7ab:7ac7:59e0%en0&apos;, os.name: &apos;Mac OS X&apos;, os.arch: &apos;x86_64&apos;, os.version: &apos;10.14&apos;, java.version: &apos;1.8.0_181&apos;&#10;Driver info: org.openqa.selenium.chrome.ChromeDriver&#10;Capabilities {acceptInsecureCerts: false, acceptSslCerts: false, applicationCacheEnabled: false, browserConnectionEnabled: false, browserName: chrome, chrome: {chromedriverVersion: 2.42.591059 (a3d9684d10d61a..., userDataDir: /var/folders/hn/f7wb9_d13yz...}, cssSelectorsEnabled: true, databaseEnabled: false, goog:chromeOptions: {debuggerAddress: localhost:56173}, handlesAlerts: true, hasTouchScreen: false, javascriptEnabled: true, locationContextEnabled: true, mobileEmulationEnabled: false, nativeEvents: true, networkConnectionEnabled: false, pageLoadStrategy: normal, platform: MAC, platformName: MAC, rotatable: false, setWindowRect: true, takesHeapSnapshot: true, takesScreenshot: true, unexpectedAlertBehaviour: , unhandledPromptBehavior: , version: 69.0.3497.100, webStorageEnabled: true}&#10;Session ID: e4f256b25847549398dccffb93798c49&#10;*** Element info: {Using=xpath, value=//h3[@class=&apos;aside-prompt&apos;]}" type="org.openqa.selenium.NoSuchElementException">org.openqa.selenium.NoSuchElementException: 
no such element: Unable to locate element: {"method":"xpath","selector":"//h3[@class='aside-prompt']"}
  (Session info: chrome=69.0.3497.100)
  (Driver info: chromedriver=2.42.591059 (a3d9684d10d61aa0c45f6723b327283be1ebaad8),platform=Mac OS X 10.14.0 x86_64) (WARNING: The server did not provide any stacktrace information)
Command duration or timeout: 0 milliseconds
For documentation on this error, please visit: http://seleniumhq.org/exceptions/no_such_element.html
Build info: version: '3.14.0', revision: 'aacccce0', time: '2018-08-02T20:19:58.91Z'
System info: host: 'juneds-MacBook-Pro.local', ip: 'fe80:0:0:0:7b:f7ab:7ac7:59e0%en0', os.name: 'Mac OS X', os.arch: 'x86_64', os.version: '10.14', java.version: '1.8.0_181'
Driver info: org.openqa.selenium.chrome.ChromeDriver
Capabilities {acceptInsecureCerts: false, acceptSslCerts: false, applicationCacheEnabled: false, browserConnectionEnabled: false, browserName: chrome, chrome: {chromedriverVersion: 2.42.591059 (a3d9684d10d61a..., userDataDir: /var/folders/hn/f7wb9_d13yz...}, cssSelectorsEnabled: true, databaseEnabled: false, goog:chromeOptions: {debuggerAddress: localhost:56173}, handlesAlerts: true, hasTouchScreen: false, javascriptEnabled: true, locationContextEnabled: true, mobileEmulationEnabled: false, nativeEvents: true, networkConnectionEnabled: false, pageLoadStrategy: normal, platform: MAC, platformName: MAC, rotatable: false, setWindowRect: true, takesHeapSnapshot: true, takesScreenshot: true, unexpectedAlertBehaviour: , unhandledPromptBehavior: , version: 69.0.3497.100, webStorageEnabled: true}
Session ID: e4f256b25847549398dccffb93798c49
*** Element info: {Using=xpath, value=//h3[@class='aside-prompt']}
	at Tests.CustomerServicePageTest.validateLabelText(CustomerServicePageTest.java:20)
</failure>
    <system-out><![CDATA[Before navigating to: 'https://www.expedia.com/'
Navigated to:'https://www.expedia.com/'
Trying to find Element By : By.xpath: //h3[@class='aside-prompt']
Exception occured: org.openqa.selenium.NoSuchElementException: no such element: Unable to locate element: {"method":"xpath","selector":"//h3[@class='aside-prompt']"}
  (Session info: chrome=69.0.3497.100)
  (Driver info: chromedriver=2.42.591059 (a3d9684d10d61aa0c45f6723b327283be1ebaad8),platform=Mac OS X 10.14.0 x86_64) (WARNING: The server did not provide any stacktrace information)
Command duration or timeout: 0 milliseconds
For documentation on this error, please visit: http://seleniumhq.org/exceptions/no_such_element.html
Build info: version: '3.14.0', revision: 'aacccce0', time: '2018-08-02T20:19:58.91Z'
System info: host: 'juneds-MacBook-Pro.local', ip: 'fe80:0:0:0:7b:f7ab:7ac7:59e0%en0', os.name: 'Mac OS X', os.arch: 'x86_64', os.version: '10.14', java.version: '1.8.0_181'
Driver info: org.openqa.selenium.chrome.ChromeDriver
Capabilities {acceptInsecureCerts: false, acceptSslCerts: false, applicationCacheEnabled: false, browserConnectionEnabled: false, browserName: chrome, chrome: {chromedriverVersion: 2.42.591059 (a3d9684d10d61a..., userDataDir: /var/folders/hn/f7wb9_d13yz...}, cssSelectorsEnabled: true, databaseEnabled: false, goog:chromeOptions: {debuggerAddress: localhost:56173}, handlesAlerts: true, hasTouchScreen: false, javascriptEnabled: true, locationContextEnabled: true, mobileEmulationEnabled: false, nativeEvents: true, networkConnectionEnabled: false, pageLoadStrategy: normal, platform: MAC, platformName: MAC, rotatable: false, setWindowRect: true, takesHeapSnapshot: true, takesScreenshot: true, unexpectedAlertBehaviour: , unhandledPromptBehavior: , version: 69.0.3497.100, webStorageEnabled: true}
Session ID: e4f256b25847549398dccffb93798c49
*** Element info: {Using=xpath, value=//h3[@class='aside-prompt']}
]]></system-out>
    <system-err><![CDATA[Starting ChromeDriver 2.42.591059 (a3d9684d10d61aa0c45f6723b327283be1ebaad8) on port 42857
Only local connections are allowed.
Oct 11, 2018 3:44:52 PM org.openqa.selenium.remote.ProtocolHandshake createSession
INFO: Detected dialect: OSS
]]></system-err>
  </testcase>
  <testcase name="validatePhoneFieldTest" classname="Tests.CustomerServicePageTest" time="2.466">
    <failure message="expected [Thank you! A text with the download link has been sent to your mobile device] but found []" type="java.lang.AssertionError">java.lang.AssertionError: expected [Thank you! A text with the download link has been sent to your mobile device] but found []
	at Tests.CustomerServicePageTest.validatePhoneFieldTest(CustomerServicePageTest.java:25)
</failure>
    <system-out><![CDATA[Before navigating to: 'https://www.expedia.com/'
Navigated to:'https://www.expedia.com/'
Trying to find Element By : By.cssSelector: #mad-t2d-form-input
Found Element By : By.cssSelector: #mad-t2d-form-input
Trying to find Element By : By.cssSelector: #mad-t2d-form-input
Found Element By : By.cssSelector: #mad-t2d-form-input
Trying to find Element By : By.xpath: //button[@class = 'btn-secondary btn-sub-action']
Found Element By : By.xpath: //button[@class = 'btn-secondary btn-sub-action']
Trying to click on: [[ChromeDriver: chrome on MAC (23d754a53d9fe03ec0b7072529e20bea)] -> xpath: //button[@class = 'btn-secondary btn-sub-action']]
Clicked on: [[ChromeDriver: chrome on MAC (23d754a53d9fe03ec0b7072529e20bea)] -> xpath: //button[@class = 'btn-secondary btn-sub-action']]
Trying to find Element By : By.xpath: //div[@class='alert-message']
Found Element By : By.xpath: //div[@class='alert-message']
]]></system-out>
    <system-err><![CDATA[Starting ChromeDriver 2.42.591059 (a3d9684d10d61aa0c45f6723b327283be1ebaad8) on port 9484
Only local connections are allowed.
Oct 11, 2018 3:45:20 PM org.openqa.selenium.remote.ProtocolHandshake createSession
INFO: Detected dialect: OSS
]]></system-err>
  </testcase>
  <testcase name="carRentalDealsCountTest" classname="Tests.DealsPageTest" time="0.017"/>
  <testcase name="carRentalDealsLabelVisibilityTest" classname="Tests.DealsPageTest" time="0.03">
    <failure message="expected [true] but found [false]" type="java.lang.AssertionError">java.lang.AssertionError: expected [true] but found [false]
	at Tests.DealsPageTest.carRentalDealsLabelVisibilityTest(DealsPageTest.java:83)
</failure>
    <system-out><![CDATA[Before navigating to: 'https://www.expedia.com/'
Navigated to:'https://www.expedia.com/'
Trying to find Element By : By.cssSelector: #primary-header-deals
Found Element By : By.cssSelector: #primary-header-deals
Trying to click on: [[ChromeDriver: chrome on MAC (760b1bfd9d763147e65130b93f580701)] -> css selector: #primary-header-deals]
Clicked on: [[ChromeDriver: chrome on MAC (760b1bfd9d763147e65130b93f580701)] -> css selector: #primary-header-deals]
Trying to find Element By : By.xpath: //h3[contains(text(),'Car Rental Deals')]
Found Element By : By.xpath: //h3[contains(text(),'Car Rental Deals')]
]]></system-out>
    <system-err><![CDATA[Starting ChromeDriver 2.42.591059 (a3d9684d10d61aa0c45f6723b327283be1ebaad8) on port 5109
Only local connections are allowed.
Oct 11, 2018 3:46:02 PM org.openqa.selenium.remote.ProtocolHandshake createSession
INFO: Detected dialect: OSS
]]></system-err>
  </testcase>
  <testcase name="chooseClassVerificationTest" classname="Tests.DealsPageTest" time="0.168"/>
  <testcase name="cruiseDealsCountTest" classname="Tests.DealsPageTest" time="0.024"/>
  <testcase name="cruiseLabelBoxsizeTest" classname="Tests.DealsPageTest" time="0.056"/>
  <testcase name="dealsLinkIsUnderlinedTest" classname="Tests.DealsPageTest" time="0.055"/>
  <testcase name="flightDealsCountTest" classname="Tests.DealsPageTest" time="0.023"/>
  <testcase name="flightDealsDisplayTest" classname="Tests.DealsPageTest" time="0.041">
    <failure message="expected [block] but found [null]" type="java.lang.AssertionError">java.lang.AssertionError: expected [block] but found [null]
	at Tests.DealsPageTest.flightDealsDisplayTest(DealsPageTest.java:73)
</failure>
    <system-out><![CDATA[Before navigating to: 'https://www.expedia.com/'
Navigated to:'https://www.expedia.com/'
Trying to find Element By : By.cssSelector: #primary-header-deals
Found Element By : By.cssSelector: #primary-header-deals
Trying to click on: [[ChromeDriver: chrome on MAC (3fd8789cefd45294b525b4b918c4dfcf)] -> css selector: #primary-header-deals]
Clicked on: [[ChromeDriver: chrome on MAC (3fd8789cefd45294b525b4b918c4dfcf)] -> css selector: #primary-header-deals]
Trying to find Element By : By.xpath: //h3[contains(text(),'Flight Deals')]
Found Element By : By.xpath: //h3[contains(text(),'Flight Deals')]
]]></system-out>
    <system-err><![CDATA[Starting ChromeDriver 2.42.591059 (a3d9684d10d61aa0c45f6723b327283be1ebaad8) on port 18688
Only local connections are allowed.
Oct 11, 2018 3:51:13 PM org.openqa.selenium.remote.ProtocolHandshake createSession
INFO: Detected dialect: OSS
]]></system-err>
  </testcase>
  <testcase name="hawaiiLinkValidationTest" classname="Tests.DealsPageTest" time="1.25">
    <failure message="element not interactable&#10;  (Session info: chrome=69.0.3497.100)&#10;  (Driver info: chromedriver=2.42.591059 (a3d9684d10d61aa0c45f6723b327283be1ebaad8),platform=Mac OS X 10.14.0 x86_64) (WARNING: The server did not provide any stacktrace information)&#10;Command duration or timeout: 0 milliseconds&#10;Build info: version: &apos;3.14.0&apos;, revision: &apos;aacccce0&apos;, time: &apos;2018-08-02T20:19:58.91Z&apos;&#10;System info: host: &apos;juneds-MacBook-Pro.local&apos;, ip: &apos;fe80:0:0:0:7b:f7ab:7ac7:59e0%en0&apos;, os.name: &apos;Mac OS X&apos;, os.arch: &apos;x86_64&apos;, os.version: &apos;10.14&apos;, java.version: &apos;1.8.0_181&apos;&#10;Driver info: org.openqa.selenium.chrome.ChromeDriver&#10;Capabilities {acceptInsecureCerts: false, acceptSslCerts: false, applicationCacheEnabled: false, browserConnectionEnabled: false, browserName: chrome, chrome: {chromedriverVersion: 2.42.591059 (a3d9684d10d61a..., userDataDir: /var/folders/hn/f7wb9_d13yz...}, cssSelectorsEnabled: true, databaseEnabled: false, goog:chromeOptions: {debuggerAddress: localhost:57685}, handlesAlerts: true, hasTouchScreen: false, javascriptEnabled: true, locationContextEnabled: true, mobileEmulationEnabled: false, nativeEvents: true, networkConnectionEnabled: false, pageLoadStrategy: normal, platform: MAC, platformName: MAC, rotatable: false, setWindowRect: true, takesHeapSnapshot: true, takesScreenshot: true, unexpectedAlertBehaviour: , unhandledPromptBehavior: , version: 69.0.3497.100, webStorageEnabled: true}&#10;Session ID: df17eeae5384b1278ba695a56f8425f0" type="org.openqa.selenium.ElementNotVisibleException">org.openqa.selenium.ElementNotVisibleException: 
element not interactable
  (Session info: chrome=69.0.3497.100)
  (Driver info: chromedriver=2.42.591059 (a3d9684d10d61aa0c45f6723b327283be1ebaad8),platform=Mac OS X 10.14.0 x86_64) (WARNING: The server did not provide any stacktrace information)
Command duration or timeout: 0 milliseconds
Build info: version: '3.14.0', revision: 'aacccce0', time: '2018-08-02T20:19:58.91Z'
System info: host: 'juneds-MacBook-Pro.local', ip: 'fe80:0:0:0:7b:f7ab:7ac7:59e0%en0', os.name: 'Mac OS X', os.arch: 'x86_64', os.version: '10.14', java.version: '1.8.0_181'
Driver info: org.openqa.selenium.chrome.ChromeDriver
Capabilities {acceptInsecureCerts: false, acceptSslCerts: false, applicationCacheEnabled: false, browserConnectionEnabled: false, browserName: chrome, chrome: {chromedriverVersion: 2.42.591059 (a3d9684d10d61a..., userDataDir: /var/folders/hn/f7wb9_d13yz...}, cssSelectorsEnabled: true, databaseEnabled: false, goog:chromeOptions: {debuggerAddress: localhost:57685}, handlesAlerts: true, hasTouchScreen: false, javascriptEnabled: true, locationContextEnabled: true, mobileEmulationEnabled: false, nativeEvents: true, networkConnectionEnabled: false, pageLoadStrategy: normal, platform: MAC, platformName: MAC, rotatable: false, setWindowRect: true, takesHeapSnapshot: true, takesScreenshot: true, unexpectedAlertBehaviour: , unhandledPromptBehavior: , version: 69.0.3497.100, webStorageEnabled: true}
Session ID: df17eeae5384b1278ba695a56f8425f0
	at Tests.DealsPageTest.hawaiiLinkValidationTest(DealsPageTest.java:53)
</failure>
    <system-out><![CDATA[Before navigating to: 'https://www.expedia.com/'
Navigated to:'https://www.expedia.com/'
Trying to find Element By : By.cssSelector: #primary-header-deals
Found Element By : By.cssSelector: #primary-header-deals
Trying to click on: [[ChromeDriver: chrome on MAC (df17eeae5384b1278ba695a56f8425f0)] -> css selector: #primary-header-deals]
Clicked on: [[ChromeDriver: chrome on MAC (df17eeae5384b1278ba695a56f8425f0)] -> css selector: #primary-header-deals]
Trying to find Element By : By.xpath: //a[@href='http://www.expedia.com/p/info-partner/destinations/hawaii']
Found Element By : By.xpath: //a[@href='http://www.expedia.com/p/info-partner/destinations/hawaii']
Trying to click on: [[ChromeDriver: chrome on MAC (df17eeae5384b1278ba695a56f8425f0)] -> xpath: //a[@href='http://www.expedia.com/p/info-partner/destinations/hawaii']]
Exception occured: org.openqa.selenium.ElementNotVisibleException: element not interactable
  (Session info: chrome=69.0.3497.100)
  (Driver info: chromedriver=2.42.591059 (a3d9684d10d61aa0c45f6723b327283be1ebaad8),platform=Mac OS X 10.14.0 x86_64) (WARNING: The server did not provide any stacktrace information)
Command duration or timeout: 0 milliseconds
Build info: version: '3.14.0', revision: 'aacccce0', time: '2018-08-02T20:19:58.91Z'
System info: host: 'juneds-MacBook-Pro.local', ip: 'fe80:0:0:0:7b:f7ab:7ac7:59e0%en0', os.name: 'Mac OS X', os.arch: 'x86_64', os.version: '10.14', java.version: '1.8.0_181'
Driver info: org.openqa.selenium.chrome.ChromeDriver
Capabilities {acceptInsecureCerts: false, acceptSslCerts: false, applicationCacheEnabled: false, browserConnectionEnabled: false, browserName: chrome, chrome: {chromedriverVersion: 2.42.591059 (a3d9684d10d61a..., userDataDir: /var/folders/hn/f7wb9_d13yz...}, cssSelectorsEnabled: true, databaseEnabled: false, goog:chromeOptions: {debuggerAddress: localhost:57685}, handlesAlerts: true, hasTouchScreen: false, javascriptEnabled: true, locationContextEnabled: true, mobileEmulationEnabled: false, nativeEvents: true, networkConnectionEnabled: false, pageLoadStrategy: normal, platform: MAC, platformName: MAC, rotatable: false, setWindowRect: true, takesHeapSnapshot: true, takesScreenshot: true, unexpectedAlertBehaviour: , unhandledPromptBehavior: , version: 69.0.3497.100, webStorageEnabled: true}
Session ID: df17eeae5384b1278ba695a56f8425f0
]]></system-out>
    <system-err><![CDATA[Starting ChromeDriver 2.42.591059 (a3d9684d10d61aa0c45f6723b327283be1ebaad8) on port 10308
Only local connections are allowed.
Oct 11, 2018 3:51:37 PM org.openqa.selenium.remote.ProtocolHandshake createSession
INFO: Detected dialect: OSS
]]></system-err>
  </testcase>
  <testcase name="headerLabelTextValidationTest" classname="Tests.DealsPageTest" time="0.036"/>
  <testcase name="hotelDealsLabelcolorTest" classname="Tests.DealsPageTest" time="10.183">
    <failure message="no such element: Unable to locate element: {&quot;method&quot;:&quot;id&quot;,&quot;selector&quot;:&quot;&quot;}&#10;  (Session info: chrome=69.0.3497.100)&#10;  (Driver info: chromedriver=2.42.591059 (a3d9684d10d61aa0c45f6723b327283be1ebaad8),platform=Mac OS X 10.14.0 x86_64) (WARNING: The server did not provide any stacktrace information)&#10;Command duration or timeout: 0 milliseconds&#10;For documentation on this error, please visit: http://seleniumhq.org/exceptions/no_such_element.html&#10;Build info: version: &apos;3.14.0&apos;, revision: &apos;aacccce0&apos;, time: &apos;2018-08-02T20:19:58.91Z&apos;&#10;System info: host: &apos;juneds-MacBook-Pro.local&apos;, ip: &apos;fe80:0:0:0:7b:f7ab:7ac7:59e0%en0&apos;, os.name: &apos;Mac OS X&apos;, os.arch: &apos;x86_64&apos;, os.version: &apos;10.14&apos;, java.version: &apos;1.8.0_181&apos;&#10;Driver info: org.openqa.selenium.chrome.ChromeDriver&#10;Capabilities {acceptInsecureCerts: false, acceptSslCerts: false, applicationCacheEnabled: false, browserConnectionEnabled: false, browserName: chrome, chrome: {chromedriverVersion: 2.42.591059 (a3d9684d10d61a..., userDataDir: /var/folders/hn/f7wb9_d13yz...}, cssSelectorsEnabled: true, databaseEnabled: false, goog:chromeOptions: {debuggerAddress: localhost:58071}, handlesAlerts: true, hasTouchScreen: false, javascriptEnabled: true, locationContextEnabled: true, mobileEmulationEnabled: false, nativeEvents: true, networkConnectionEnabled: false, pageLoadStrategy: normal, platform: MAC, platformName: MAC, rotatable: false, setWindowRect: true, takesHeapSnapshot: true, takesScreenshot: true, unexpectedAlertBehaviour: , unhandledPromptBehavior: , version: 69.0.3497.100, webStorageEnabled: true}&#10;Session ID: 1c597298bf7df976bd63ba86dffcb0c3&#10;*** Element info: {Using=id, value=}" type="org.openqa.selenium.NoSuchElementException">org.openqa.selenium.NoSuchElementException: 
no such element: Unable to locate element: {"method":"id","selector":""}
  (Session info: chrome=69.0.3497.100)
  (Driver info: chromedriver=2.42.591059 (a3d9684d10d61aa0c45f6723b327283be1ebaad8),platform=Mac OS X 10.14.0 x86_64) (WARNING: The server did not provide any stacktrace information)
Command duration or timeout: 0 milliseconds
For documentation on this error, please visit: http://seleniumhq.org/exceptions/no_such_element.html
Build info: version: '3.14.0', revision: 'aacccce0', time: '2018-08-02T20:19:58.91Z'
System info: host: 'juneds-MacBook-Pro.local', ip: 'fe80:0:0:0:7b:f7ab:7ac7:59e0%en0', os.name: 'Mac OS X', os.arch: 'x86_64', os.version: '10.14', java.version: '1.8.0_181'
Driver info: org.openqa.selenium.chrome.ChromeDriver
Capabilities {acceptInsecureCerts: false, acceptSslCerts: false, applicationCacheEnabled: false, browserConnectionEnabled: false, browserName: chrome, chrome: {chromedriverVersion: 2.42.591059 (a3d9684d10d61a..., userDataDir: /var/folders/hn/f7wb9_d13yz...}, cssSelectorsEnabled: true, databaseEnabled: false, goog:chromeOptions: {debuggerAddress: localhost:58071}, handlesAlerts: true, hasTouchScreen: false, javascriptEnabled: true, locationContextEnabled: true, mobileEmulationEnabled: false, nativeEvents: true, networkConnectionEnabled: false, pageLoadStrategy: normal, platform: MAC, platformName: MAC, rotatable: false, setWindowRect: true, takesHeapSnapshot: true, takesScreenshot: true, unexpectedAlertBehaviour: , unhandledPromptBehavior: , version: 69.0.3497.100, webStorageEnabled: true}
Session ID: 1c597298bf7df976bd63ba86dffcb0c3
*** Element info: {Using=id, value=}
	at Tests.DealsPageTest.hotelDealsLabelcolorTest(DealsPageTest.java:68)
</failure>
    <system-out><![CDATA[Before navigating to: 'https://www.expedia.com/'
Navigated to:'https://www.expedia.com/'
Trying to find Element By : By.cssSelector: #primary-header-deals
Found Element By : By.cssSelector: #primary-header-deals
Trying to click on: [[ChromeDriver: chrome on MAC (1c597298bf7df976bd63ba86dffcb0c3)] -> css selector: #primary-header-deals]
Clicked on: [[ChromeDriver: chrome on MAC (1c597298bf7df976bd63ba86dffcb0c3)] -> css selector: #primary-header-deals]
Trying to find Element By : By.id: 
Exception occured: org.openqa.selenium.NoSuchElementException: no such element: Unable to locate element: {"method":"id","selector":""}
  (Session info: chrome=69.0.3497.100)
  (Driver info: chromedriver=2.42.591059 (a3d9684d10d61aa0c45f6723b327283be1ebaad8),platform=Mac OS X 10.14.0 x86_64) (WARNING: The server did not provide any stacktrace information)
Command duration or timeout: 0 milliseconds
For documentation on this error, please visit: http://seleniumhq.org/exceptions/no_such_element.html
Build info: version: '3.14.0', revision: 'aacccce0', time: '2018-08-02T20:19:58.91Z'
System info: host: 'juneds-MacBook-Pro.local', ip: 'fe80:0:0:0:7b:f7ab:7ac7:59e0%en0', os.name: 'Mac OS X', os.arch: 'x86_64', os.version: '10.14', java.version: '1.8.0_181'
Driver info: org.openqa.selenium.chrome.ChromeDriver
Capabilities {acceptInsecureCerts: false, acceptSslCerts: false, applicationCacheEnabled: false, browserConnectionEnabled: false, browserName: chrome, chrome: {chromedriverVersion: 2.42.591059 (a3d9684d10d61a..., userDataDir: /var/folders/hn/f7wb9_d13yz...}, cssSelectorsEnabled: true, databaseEnabled: false, goog:chromeOptions: {debuggerAddress: localhost:58071}, handlesAlerts: true, hasTouchScreen: false, javascriptEnabled: true, locationContextEnabled: true, mobileEmulationEnabled: false, nativeEvents: true, networkConnectionEnabled: false, pageLoadStrategy: normal, platform: MAC, platformName: MAC, rotatable: false, setWindowRect: true, takesHeapSnapshot: true, takesScreenshot: true, unexpectedAlertBehaviour: , unhandledPromptBehavior: , version: 69.0.3497.100, webStorageEnabled: true}
Session ID: 1c597298bf7df976bd63ba86dffcb0c3
*** Element info: {Using=id, value=}
]]></system-out>
    <system-err><![CDATA[Starting ChromeDriver 2.42.591059 (a3d9684d10d61aa0c45f6723b327283be1ebaad8) on port 36432
Only local connections are allowed.
Oct 11, 2018 3:53:50 PM org.openqa.selenium.remote.ProtocolHandshake createSession
INFO: Detected dialect: OSS
]]></system-err>
  </testcase>
  <testcase name="hotelsDealsCountTest" classname="Tests.DealsPageTest" time="0.019"/>
  <testcase name="pageTitleValidationTest" classname="Tests.DealsPageTest" time="0.022"/>
  <testcase name="properUrlTest" classname="Tests.DealsPageTest" time="0.03">
    <failure message="expected [view-source:https://www.expedia.com/Deals] but found [https://www.expedia.com/Deals]" type="java.lang.AssertionError">java.lang.AssertionError: expected [view-source:https://www.expedia.com/Deals] but found [https://www.expedia.com/Deals]
	at Tests.DealsPageTest.properUrlTest(DealsPageTest.java:28)
</failure>
    <system-out><![CDATA[Before navigating to: 'https://www.expedia.com/'
Navigated to:'https://www.expedia.com/'
Trying to find Element By : By.cssSelector: #primary-header-deals
Found Element By : By.cssSelector: #primary-header-deals
Trying to click on: [[ChromeDriver: chrome on MAC (eecd62461340795a994062d85bfd08a7)] -> css selector: #primary-header-deals]
Clicked on: [[ChromeDriver: chrome on MAC (eecd62461340795a994062d85bfd08a7)] -> css selector: #primary-header-deals]
]]></system-out>
    <system-err><![CDATA[Starting ChromeDriver 2.42.591059 (a3d9684d10d61aa0c45f6723b327283be1ebaad8) on port 1828
Only local connections are allowed.
Oct 11, 2018 3:55:30 PM org.openqa.selenium.remote.ProtocolHandshake createSession
INFO: Detected dialect: OSS
]]></system-err>
  </testcase>
  <testcase name="skiLinkValidationTest" classname="Tests.DealsPageTest" time="1.29">
    <failure message="element not interactable&#10;  (Session info: chrome=69.0.3497.100)&#10;  (Driver info: chromedriver=2.42.591059 (a3d9684d10d61aa0c45f6723b327283be1ebaad8),platform=Mac OS X 10.14.0 x86_64) (WARNING: The server did not provide any stacktrace information)&#10;Command duration or timeout: 0 milliseconds&#10;Build info: version: &apos;3.14.0&apos;, revision: &apos;aacccce0&apos;, time: &apos;2018-08-02T20:19:58.91Z&apos;&#10;System info: host: &apos;juneds-MacBook-Pro.local&apos;, ip: &apos;fe80:0:0:0:7b:f7ab:7ac7:59e0%en0&apos;, os.name: &apos;Mac OS X&apos;, os.arch: &apos;x86_64&apos;, os.version: &apos;10.14&apos;, java.version: &apos;1.8.0_181&apos;&#10;Driver info: org.openqa.selenium.chrome.ChromeDriver&#10;Capabilities {acceptInsecureCerts: false, acceptSslCerts: false, applicationCacheEnabled: false, browserConnectionEnabled: false, browserName: chrome, chrome: {chromedriverVersion: 2.42.591059 (a3d9684d10d61a..., userDataDir: /var/folders/hn/f7wb9_d13yz...}, cssSelectorsEnabled: true, databaseEnabled: false, goog:chromeOptions: {debuggerAddress: localhost:58835}, handlesAlerts: true, hasTouchScreen: false, javascriptEnabled: true, locationContextEnabled: true, mobileEmulationEnabled: false, nativeEvents: true, networkConnectionEnabled: false, pageLoadStrategy: normal, platform: MAC, platformName: MAC, rotatable: false, setWindowRect: true, takesHeapSnapshot: true, takesScreenshot: true, unexpectedAlertBehaviour: , unhandledPromptBehavior: , version: 69.0.3497.100, webStorageEnabled: true}&#10;Session ID: 8e9974256d61eed4855db3da81291b56" type="org.openqa.selenium.ElementNotVisibleException">org.openqa.selenium.ElementNotVisibleException: 
element not interactable
  (Session info: chrome=69.0.3497.100)
  (Driver info: chromedriver=2.42.591059 (a3d9684d10d61aa0c45f6723b327283be1ebaad8),platform=Mac OS X 10.14.0 x86_64) (WARNING: The server did not provide any stacktrace information)
Command duration or timeout: 0 milliseconds
Build info: version: '3.14.0', revision: 'aacccce0', time: '2018-08-02T20:19:58.91Z'
System info: host: 'juneds-MacBook-Pro.local', ip: 'fe80:0:0:0:7b:f7ab:7ac7:59e0%en0', os.name: 'Mac OS X', os.arch: 'x86_64', os.version: '10.14', java.version: '1.8.0_181'
Driver info: org.openqa.selenium.chrome.ChromeDriver
Capabilities {acceptInsecureCerts: false, acceptSslCerts: false, applicationCacheEnabled: false, browserConnectionEnabled: false, browserName: chrome, chrome: {chromedriverVersion: 2.42.591059 (a3d9684d10d61a..., userDataDir: /var/folders/hn/f7wb9_d13yz...}, cssSelectorsEnabled: true, databaseEnabled: false, goog:chromeOptions: {debuggerAddress: localhost:58835}, handlesAlerts: true, hasTouchScreen: false, javascriptEnabled: true, locationContextEnabled: true, mobileEmulationEnabled: false, nativeEvents: true, networkConnectionEnabled: false, pageLoadStrategy: normal, platform: MAC, platformName: MAC, rotatable: false, setWindowRect: true, takesHeapSnapshot: true, takesScreenshot: true, unexpectedAlertBehaviour: , unhandledPromptBehavior: , version: 69.0.3497.100, webStorageEnabled: true}
Session ID: 8e9974256d61eed4855db3da81291b56
	at Tests.DealsPageTest.skiLinkValidationTest(DealsPageTest.java:58)
</failure>
    <system-out><![CDATA[Before navigating to: 'https://www.expedia.com/'
Navigated to:'https://www.expedia.com/'
Trying to find Element By : By.cssSelector: #primary-header-deals
Found Element By : By.cssSelector: #primary-header-deals
Trying to click on: [[ChromeDriver: chrome on MAC (8e9974256d61eed4855db3da81291b56)] -> css selector: #primary-header-deals]
Clicked on: [[ChromeDriver: chrome on MAC (8e9974256d61eed4855db3da81291b56)] -> css selector: #primary-header-deals]
Trying to find Element By : By.xpath: //a[@href='/g/pt/ms-theme-ski?langid=1033']
Found Element By : By.xpath: //a[@href='/g/pt/ms-theme-ski?langid=1033']
Trying to click on: [[ChromeDriver: chrome on MAC (8e9974256d61eed4855db3da81291b56)] -> xpath: //a[@href='/g/pt/ms-theme-ski?langid=1033']]
Exception occured: org.openqa.selenium.ElementNotVisibleException: element not interactable
  (Session info: chrome=69.0.3497.100)
  (Driver info: chromedriver=2.42.591059 (a3d9684d10d61aa0c45f6723b327283be1ebaad8),platform=Mac OS X 10.14.0 x86_64) (WARNING: The server did not provide any stacktrace information)
Command duration or timeout: 0 milliseconds
Build info: version: '3.14.0', revision: 'aacccce0', time: '2018-08-02T20:19:58.91Z'
System info: host: 'juneds-MacBook-Pro.local', ip: 'fe80:0:0:0:7b:f7ab:7ac7:59e0%en0', os.name: 'Mac OS X', os.arch: 'x86_64', os.version: '10.14', java.version: '1.8.0_181'
Driver info: org.openqa.selenium.chrome.ChromeDriver
Capabilities {acceptInsecureCerts: false, acceptSslCerts: false, applicationCacheEnabled: false, browserConnectionEnabled: false, browserName: chrome, chrome: {chromedriverVersion: 2.42.591059 (a3d9684d10d61a..., userDataDir: /var/folders/hn/f7wb9_d13yz...}, cssSelectorsEnabled: true, databaseEnabled: false, goog:chromeOptions: {debuggerAddress: localhost:58835}, handlesAlerts: true, hasTouchScreen: false, javascriptEnabled: true, locationContextEnabled: true, mobileEmulationEnabled: false, nativeEvents: true, networkConnectionEnabled: false, pageLoadStrategy: normal, platform: MAC, platformName: MAC, rotatable: false, setWindowRect: true, takesHeapSnapshot: true, takesScreenshot: true, unexpectedAlertBehaviour: , unhandledPromptBehavior: , version: 69.0.3497.100, webStorageEnabled: true}
Session ID: 8e9974256d61eed4855db3da81291b56
]]></system-out>
    <system-err><![CDATA[Starting ChromeDriver 2.42.591059 (a3d9684d10d61aa0c45f6723b327283be1ebaad8) on port 7768
Only local connections are allowed.
Oct 11, 2018 3:55:58 PM org.openqa.selenium.remote.ProtocolHandshake createSession
INFO: Detected dialect: OSS
]]></system-err>
  </testcase>
  <testcase name="vacationDealsCountTest" classname="Tests.DealsPageTest" time="0.031"/>
  <testcase name="vacationPakageDealsLabelFontWeightTest" classname="Tests.DealsPageTest" time="0.046"/>
  <testcase name="pageTitleValidationTest" classname="Tests.FlightsPageTest" time="0.033"/>
  <testcase name="properUrlTest" classname="Tests.FlightsPageTest" time="0.004"/>
</testsuite>